#
# A fatal error has been detected by the Java Runtime Environment:
#
#  EXCEPTION_ACCESS_VIOLATION (0xc0000005) at pc=0x00007ffe6af03813, pid=24860, tid=9996
#
# JRE version: OpenJDK Runtime Environment (15.0.2+7) (build 15.0.2+7-27)
# Java VM: OpenJDK 64-Bit Server VM (15.0.2+7-27, mixed mode, tiered, compressed oops, g1 gc, windows-amd64)
# Problematic frame:
# V  [jvm.dll+0x503813]
#
# No core dump will be written. Minidumps are not enabled by default on client versions of Windows
#
# If you would like to submit a bug report, please visit:
#   https://bugreport.java.com/bugreport/crash.jsp
#

---------------  S U M M A R Y ------------

Command Line: -XX:+ShowCodeDetailsInExceptionMessages -agentlib:jdwp=transport=dt_socket,suspend=y,address=localhost:63009 -Djava.library.path=C:\share\workspace\JNIStuff2015\bin -javaagent:C:\Users\kstephe2\eclipse\java-2021-03\eclipse\configuration\org.eclipse.osgi\222\0\.cp\lib\javaagent-shaded.jar -Dfile.encoding=Cp1252 allMains.CP_after_Splash

Host: Intel(R) Core(TM) i7-8665U CPU @ 1.90GHz, 8 cores, 15G,  Windows 10 , 64 bit Build 19041 (10.0.19041.1202)
Time: Fri Oct  8 22:03:25 2021 Eastern Daylight Time elapsed time: 40136.582416 seconds (0d 11h 8m 56s)

---------------  T H R E A D  ---------------

Current thread (0x00000215b6ee8530):  JavaThread "Thread-37" [_thread_in_vm, id=9996, stack(0x000000998b600000,0x000000998b700000)]

Stack: [0x000000998b600000,0x000000998b700000],  sp=0x000000998b6fec38,  free space=1019k
Native frames: (J=compiled Java code, j=interpreted, Vv=VM code, C=native code)
V  [jvm.dll+0x503813]

Java frames: (J=compiled Java code, j=interpreted, Vv=VM code)
j  ftnTheory.GenModBranching.cmdParser(Ljava/lang/String;Ljava/util/Vector;)I+2430
j  input.TrafficCenter.parseCmdSeq(Lutil/ResultPacket;ILinput/MyConsole;)V+1975
j  input.TrafficCenter$1.run()V+63
j  java.lang.Thread.run()V+11 java.base@15.0.2
v  ~StubRoutines::call_stub

siginfo: EXCEPTION_ACCESS_VIOLATION (0xc0000005), reading address 0x00000008b481f04e


Register to memory mapping:

RIP=0x00007ffe6af03813 jvm.dll
RAX=0x0000000000000019 is an unknown value
RBX=0x000000998b6fecf0 is pointing into the stack for thread: 0x00000215b6ee8530
RCX=0x00000008b481edbe is an unknown value
RDX=0x0000000000000019 is an unknown value
RSP=0x000000998b6fec38 is pointing into the stack for thread: 0x00000215b6ee8530
RBP=0x00000008b481edbe is an unknown value
RSI=0x0000000000000019 is an unknown value
RDI=0x00000215b6ee8530 is a thread
R8 =0x000000080008be90 is a pointer to class: 
java.util.Vector {0x000000080008be98}
R9 =0x00000215b62b3b68 points into unknown readable memory: 0x000000998b6ff0b8 | b8 f0 6f 8b 99 00 00 00
R10=0x00000215b6172210 points into unknown readable memory: 0x0000001e00000005 | 05 00 00 00 1e 00 00 00
R11={method} {0x00000215b2b5ed58} 'remove' '(I)Ljava/lang/Object;' in 'java/util/Vector'
R12=0x000000080008be90 is a pointer to class: 
java.util.Vector {0x000000080008be98}
R13=0x0 is NULL
R14=0x000000998b6fee20 is pointing into the stack for thread: 0x00000215b6ee8530
R15=0x00000000000000b6 is an unknown value


Registers:
RAX=0x0000000000000019, RBX=0x000000998b6fecf0, RCX=0x00000008b481edbe, RDX=0x0000000000000019
RSP=0x000000998b6fec38, RBP=0x00000008b481edbe, RSI=0x0000000000000019, RDI=0x00000215b6ee8530
R8 =0x000000080008be90, R9 =0x00000215b62b3b68, R10=0x00000215b6172210, R11=0x00000215b2b5ed50
R12=0x000000080008be90, R13=0x0000000000000000, R14=0x000000998b6fee20, R15=0x00000000000000b6
RIP=0x00007ffe6af03813, EFLAGS=0x0000000000010217

Top of Stack: (sp=0x000000998b6fec38)
0x000000998b6fec38:   00007ffe6af24096 00000215b4818b60
0x000000998b6fec48:   00000215b6ee8530 000000998b6fed10
0x000000998b6fec58:   00007ffe6af1f5fb 00000215b6ee8530
0x000000998b6fec68:   00000215b6ee8530 0000000000000000
0x000000998b6fec78:   0000000000000000 000000998b6fecf0
0x000000998b6fec88:   000000998b6fee20 00000215b6ee8530
0x000000998b6fec98:   00000215b60d1300 00000215b62b3b68
0x000000998b6feca8:   00007ffe6af2249b 000000998b6fed29
0x000000998b6fecb8:   000000998b6fee20 00000008b481edbe
0x000000998b6fecc8:   00007ffe6b0a70ca 00000008b481edbe
0x000000998b6fecd8:   00000215b2f7ad01 00000215b6ee8530
0x000000998b6fece8:   00007ffe6ac94daf 00000215b2b5ed50
0x000000998b6fecf8:   00000215b6ee8530 0000000000000015
0x000000998b6fed08:   000000030000000c 00000215b2490ed8
0x000000998b6fed18:   00000215b2495f88 000000080008be90
0x000000998b6fed28:   0000000800361840 0000000000000000 

Instructions: (pc=0x00007ffe6af03813)
0x00007ffe6af03713:   f4 0c 00 45 33 c0 41 8d 50 08 8d 4a 18 e8 db b3
0x00007ffe6af03723:   b8 ff 48 85 c0 74 1b 48 8d 8e 88 00 00 00 c7 40
0x00007ffe6af03733:   08 02 00 00 00 48 89 48 18 48 89 58 10 4c 89 38
0x00007ffe6af03743:   eb 03 48 8b c3 48 8b d0 49 8b ce e8 9d f4 0c 00
0x00007ffe6af03753:   45 33 c0 41 8d 50 08 8d 4a 18 e8 9e b3 b8 ff 48
0x00007ffe6af03763:   85 c0 74 1b 48 8d 8e 90 00 00 00 c7 40 08 02 00
0x00007ffe6af03773:   00 00 48 89 48 18 48 89 58 10 4c 89 38 eb 03 48
0x00007ffe6af03783:   8b c3 48 8b d0 49 8b ce e8 60 f4 0c 00 83 7e 10
0x00007ffe6af03793:   00 8b fb 4c 8b 7c 24 48 7e 5a 48 8d 2d 7c 1a 39
0x00007ffe6af037a3:   00 0f 1f 40 00 0f 1f 84 00 00 00 00 00 45 33 c0
0x00007ffe6af037b3:   41 8d 50 08 8d 4a 18 e8 41 b3 b8 ff 48 85 c0 74
0x00007ffe6af037c3:   1e 8b d7 48 83 c2 39 c7 40 08 02 00 00 00 48 89
0x00007ffe6af037d3:   58 10 48 89 28 48 8d 14 d6 48 89 50 18 eb 03 48
0x00007ffe6af037e3:   8b c3 48 8b d0 49 8b ce e8 00 f4 0c 00 ff c7 3b
0x00007ffe6af037f3:   7e 10 7c b9 48 8b 5c 24 50 48 8b 6c 24 58 48 83
0x00007ffe6af03803:   c4 20 41 5e 5f 5e c3 cc cc cc cc cc cc 48 63 c2
0x00007ffe6af03813:   48 8b 84 c1 c8 01 00 00 c3 cc cc cc cc 48 89 5c
0x00007ffe6af03823:   24 08 48 89 6c 24 10 48 89 74 24 18 57 41 54 41
0x00007ffe6af03833:   55 41 56 41 57 48 83 ec 20 48 8b 99 88 00 00 00
0x00007ffe6af03843:   44 0f b6 e2 48 85 db 0f 84 dd 00 00 00 8b 0d 76
0x00007ffe6af03853:   c6 5c 00 65 48 8b 04 25 58 00 00 00 be 40 00 00
0x00007ffe6af03863:   00 bd 08 00 00 00 4c 8d 2c c8 0f 1f 00 48 8b 8b
0x00007ffe6af03873:   98 00 00 00 e8 e4 54 cc ff 84 c0 0f 85 c8 00 00
0x00007ffe6af03883:   00 45 84 e4 0f 84 90 00 00 00 48 8b 15 6c 04 58
0x00007ffe6af03893:   00 48 85 d2 0f 84 80 00 00 00 49 8b 7d 00 8b c6
0x00007ffe6af038a3:   80 3c 38 00 75 0c e8 5e 52 2d 00 48 8b 15 4b 04
0x00007ffe6af038b3:   58 00 8b c5 48 8b 0c 38 48 8b b9 90 02 00 00 48
0x00007ffe6af038c3:   8b 77 10 48 8b 6f 18 4c 8b 77 20 4c 8b 7f 28 48
0x00007ffe6af038d3:   85 d2 74 17 48 8b cb e8 a1 f4 ff ff 48 8b d0 48
0x00007ffe6af038e3:   8d 0d d7 39 3b 00 e8 82 0b e3 ff 48 83 3e 00 74
0x00007ffe6af038f3:   13 49 8b d7 48 8b cf e8 01 50 b9 ff 48 8b ce e8
0x00007ffe6af03903:   69 4f b9 ff 48 89 77 10 48 89 6f 18 4c 89 77 20 


Stack slot to memory mapping:
stack at sp + 0 slots: 0x00007ffe6af24096 jvm.dll
stack at sp + 1 slots: 0x00000215b4818b60 is pointing into metadata
stack at sp + 2 slots: 0x00000215b6ee8530 is a thread
stack at sp + 3 slots: 0x000000998b6fed10 is pointing into the stack for thread: 0x00000215b6ee8530
stack at sp + 4 slots: 0x00007ffe6af1f5fb jvm.dll
stack at sp + 5 slots: 0x00000215b6ee8530 is a thread
stack at sp + 6 slots: 0x00000215b6ee8530 is a thread
stack at sp + 7 slots: 0x0 is NULL


---------------  P R O C E S S  ---------------

Threads class SMR info:
_java_thread_list=0x00000215b61747c0, length=28, elements={
0x00000215b2e00010, 0x00000215b2e03180, 0x00000215b2e21a10, 0x00000215b2e223d0,
0x00000215b2e25be0, 0x00000215b2e2a470, 0x00000215b2e2c520, 0x00000215b2e3dd80,
0x00000215b2fa7150, 0x00000215b30e81f0, 0x00000215b30e9280, 0x00000215b30e9770,
0x00000215b370cc80, 0x00000215b3775af0, 0x00000215b368cf90, 0x00000215b39ae230,
0x00000215b3a3ada0, 0x00000215b3a3ca80, 0x00000215b3a3c0e0, 0x00000215b3a3d420,
0x00000215b3a3cf50, 0x00000215b3a3c5b0, 0x00000215b3a3a400, 0x00000215b3a3d8f0,
0x00000215b3a3b270, 0x00000215b5cc0020, 0x00000215b5cc0e90, 0x00000215b6ee8530
}

Java Threads: ( => current thread )
  0x00000215b2e00010 JavaThread "Reference Handler" daemon [_thread_blocked, id=22748, stack(0x0000009989a00000,0x0000009989b00000)]
  0x00000215b2e03180 JavaThread "Finalizer" daemon [_thread_blocked, id=13228, stack(0x0000009989b00000,0x0000009989c00000)]
  0x00000215b2e21a10 JavaThread "Signal Dispatcher" daemon [_thread_blocked, id=21380, stack(0x0000009989c00000,0x0000009989d00000)]
  0x00000215b2e223d0 JavaThread "Attach Listener" daemon [_thread_blocked, id=20440, stack(0x0000009989d00000,0x0000009989e00000)]
  0x00000215b2e25be0 JavaThread "Service Thread" daemon [_thread_blocked, id=15176, stack(0x0000009989e00000,0x0000009989f00000)]
  0x00000215b2e2a470 JavaThread "C2 CompilerThread0" daemon [_thread_blocked, id=7104, stack(0x0000009989f00000,0x000000998a000000)]
  0x00000215b2e2c520 JavaThread "C1 CompilerThread0" daemon [_thread_blocked, id=15836, stack(0x000000998a000000,0x000000998a100000)]
  0x00000215b2e3dd80 JavaThread "Sweeper thread" daemon [_thread_blocked, id=13780, stack(0x000000998a100000,0x000000998a200000)]
  0x00000215b2fa7150 JavaThread "Common-Cleaner" daemon [_thread_blocked, id=26172, stack(0x000000998a200000,0x000000998a300000)]
  0x00000215b30e81f0 JavaThread "JDWP Transport Listener: dt_socket" daemon [_thread_blocked, id=15052, stack(0x000000998a300000,0x000000998a400000)]
  0x00000215b30e9280 JavaThread "JDWP Event Helper Thread" daemon [_thread_blocked, id=8624, stack(0x000000998a400000,0x000000998a500000)]
  0x00000215b30e9770 JavaThread "JDWP Command Reader" daemon [_thread_in_native, id=12052, stack(0x000000998a500000,0x000000998a600000)]
  0x00000215b370cc80 JavaThread "Notification Thread" daemon [_thread_blocked, id=13632, stack(0x000000998a700000,0x000000998a800000)]
  0x00000215b3775af0 JavaThread "Java2D Disposer" daemon [_thread_blocked, id=5584, stack(0x000000998a900000,0x000000998aa00000)]
  0x00000215b368cf90 JavaThread "AWT-Shutdown" [_thread_blocked, id=25156, stack(0x000000998aa00000,0x000000998ab00000)]
  0x00000215b39ae230 JavaThread "AWT-Windows" daemon [_thread_in_native, id=21160, stack(0x000000998ab00000,0x000000998ac00000)]
  0x00000215b3a3ada0 JavaThread "AWT-EventQueue-0" [_thread_blocked, id=18856, stack(0x000000998ad00000,0x000000998ae00000)]
  0x00000215b3a3ca80 JavaThread "TimerQueue" daemon [_thread_blocked, id=16796, stack(0x000000998a600000,0x000000998a700000)]
  0x00000215b3a3c0e0 JavaThread "SwingWorker-pool-1-thread-1" daemon [_thread_blocked, id=23728, stack(0x000000998b700000,0x000000998b800000)]
  0x00000215b3a3d420 JavaThread "SwingWorker-pool-1-thread-2" daemon [_thread_blocked, id=8096, stack(0x000000998b800000,0x000000998b900000)]
  0x00000215b3a3cf50 JavaThread "SwingWorker-pool-1-thread-3" daemon [_thread_blocked, id=31308, stack(0x000000998b900000,0x000000998ba00000)]
  0x00000215b3a3c5b0 JavaThread "SwingWorker-pool-1-thread-4" daemon [_thread_blocked, id=27964, stack(0x000000998bc00000,0x000000998bd00000)]
  0x00000215b3a3a400 JavaThread "SwingWorker-pool-1-thread-5" daemon [_thread_blocked, id=21264, stack(0x000000998bd00000,0x000000998be00000)]
  0x00000215b3a3d8f0 JavaThread "SwingWorker-pool-1-thread-6" daemon [_thread_blocked, id=25684, stack(0x000000998be00000,0x000000998bf00000)]
  0x00000215b3a3b270 JavaThread "DestroyJavaVM" [_thread_blocked, id=33160, stack(0x0000009989300000,0x0000009989400000)]
  0x00000215b5cc0020 JavaThread "Thread-2" daemon [_thread_in_native, id=17348, stack(0x000000998bf00000,0x000000998c000000)]
  0x00000215b5cc0e90 JavaThread "Swing-Shell" daemon [_thread_blocked, id=30428, stack(0x000000998b400000,0x000000998b500000)]
=>0x00000215b6ee8530 JavaThread "Thread-37" [_thread_in_vm, id=9996, stack(0x000000998b600000,0x000000998b700000)]

Other Threads:
  0x00000215b2dca3f0 VMThread "VM Thread" [stack: 0x0000009989900000,0x0000009989a00000] [id=26196]
  0x00000215b313db00 WatcherThread [stack: 0x000000998a800000,0x000000998a900000] [id=19544]
  0x00000215937d3f30 GCTaskThread "GC Thread#0" [stack: 0x0000009989400000,0x0000009989500000] [id=22480]
  0x00000215b308cb60 GCTaskThread "GC Thread#1" [stack: 0x000000998ae00000,0x000000998af00000] [id=10100]
  0x00000215b308aeb0 GCTaskThread "GC Thread#2" [stack: 0x000000998af00000,0x000000998b000000] [id=8036]
  0x00000215b308ab80 GCTaskThread "GC Thread#3" [stack: 0x000000998b000000,0x000000998b100000] [id=32392]
  0x00000215b308c1d0 GCTaskThread "GC Thread#4" [stack: 0x000000998b100000,0x000000998b200000] [id=10144]
  0x00000215b308b1e0 GCTaskThread "GC Thread#5" [stack: 0x000000998b200000,0x000000998b300000] [id=6472]
  0x00000215ba6cc000 GCTaskThread "GC Thread#6" [stack: 0x000000998ba00000,0x000000998bb00000] [id=22772]
  0x00000215ba6cc990 GCTaskThread "GC Thread#7" [stack: 0x000000998bb00000,0x000000998bc00000] [id=23588]
  0x00000215937e7470 ConcurrentGCThread "G1 Main Marker" [stack: 0x0000009989500000,0x0000009989600000] [id=1280]
  0x00000215937e7f70 ConcurrentGCThread "G1 Conc#0" [stack: 0x0000009989600000,0x0000009989700000] [id=31820]
  0x00000215b308a1f0 ConcurrentGCThread "G1 Conc#1" [stack: 0x000000998b300000,0x000000998b400000] [id=15472]
  0x0000021593841640 ConcurrentGCThread "G1 Refine#0" [stack: 0x0000009989700000,0x0000009989800000] [id=1704]
  0x00000215b77ca870 ConcurrentGCThread "G1 Refine#1" [stack: 0x000000998c000000,0x000000998c100000] [id=1744]
  0x00000215b24020d0 ConcurrentGCThread "G1 Young RemSet Sampling" [stack: 0x0000009989800000,0x0000009989900000] [id=33624]

Threads with active compile tasks:

VM state: not at safepoint (normal execution)

VM Mutex/Monitor currently owned by a thread: None

Heap address: 0x0000000703600000, size: 4042 MB, Compressed Oops mode: Zero based, Oop shift amount: 3
CDS disabled.
Compressed class space mapped at: 0x0000000800000000-0x0000000840000000, size: 1073741824
Narrow klass base: 0x0000000800000000, Narrow klass shift: 0, Narrow klass range: 0x40000000

GC Precious Log:
 CPUs: 8 total, 8 available
 Memory: 16162M
 Large Page Support: Disabled
 NUMA Support: Disabled
 Compressed Oops: Enabled (Zero based)
 Heap Region Size: 2M
 Heap Min Capacity: 8M
 Heap Initial Capacity: 254M
 Heap Max Capacity: 4042M
 Pre-touch: Disabled
 Parallel Workers: 8
 Concurrent Workers: 2
 Concurrent Refinement Workers: 8
 Periodic GC: Disabled

Heap:
 garbage-first heap   total 83968K, used 64710K [0x0000000703600000, 0x0000000800000000)
  region size 2048K, 16 young (32768K), 2 survivors (4096K)
 Metaspace       used 36553K, capacity 36731K, committed 37040K, reserved 1083392K
  class space    used 3652K, capacity 3724K, committed 3840K, reserved 1048576K

Heap Regions: E=young(eden), S=young(survivor), O=old, HS=humongous(starts), HC=humongous(continues), CS=collection set, F=free, OA=open archive, CA=closed archive, TAMS=top-at-mark-start (previous, next)
|   0|0x0000000703600000, 0x0000000703800000, 0x0000000703800000|100%| O|  |TAMS 0x0000000703800000, 0x0000000703600000| Untracked 
|   1|0x0000000703800000, 0x0000000703a00000, 0x0000000703a00000|100%|HS|  |TAMS 0x0000000703800000, 0x0000000703800000| Complete 
|   2|0x0000000703a00000, 0x0000000703c00000, 0x0000000703c00000|100%|HC|  |TAMS 0x0000000703a00000, 0x0000000703a00000| Complete 
|   3|0x0000000703c00000, 0x0000000703c00000, 0x0000000703e00000|  0%| F|  |TAMS 0x0000000703c00000, 0x0000000703c00000| Untracked 
|   4|0x0000000703e00000, 0x0000000703fec800, 0x0000000704000000| 96%| O|  |TAMS 0x0000000703fec800, 0x0000000703e00000| Untracked 
|   5|0x0000000704000000, 0x0000000704000000, 0x0000000704200000|  0%| F|  |TAMS 0x0000000704000000, 0x0000000704000000| Untracked 
|   6|0x0000000704200000, 0x0000000704400000, 0x0000000704400000|100%| O|  |TAMS 0x0000000704400000, 0x0000000704200000| Untracked 
|   7|0x0000000704400000, 0x0000000704600000, 0x0000000704600000|100%| O|  |TAMS 0x0000000704600000, 0x0000000704400000| Untracked 
|   8|0x0000000704600000, 0x0000000704800000, 0x0000000704800000|100%|HS|  |TAMS 0x0000000704800000, 0x0000000704600000| Complete 
|   9|0x0000000704800000, 0x0000000704a00000, 0x0000000704a00000|100%|HC|  |TAMS 0x0000000704a00000, 0x0000000704800000| Complete 
|  10|0x0000000704a00000, 0x0000000704c00000, 0x0000000704c00000|100%|HS|  |TAMS 0x0000000704c00000, 0x0000000704a00000| Complete 
|  11|0x0000000704c00000, 0x0000000704e00000, 0x0000000704e00000|100%|HS|  |TAMS 0x0000000704e00000, 0x0000000704c00000| Complete 
|  12|0x0000000704e00000, 0x0000000705000000, 0x0000000705000000|100%|HS|  |TAMS 0x0000000705000000, 0x0000000704e00000| Complete 
|  13|0x0000000705000000, 0x0000000705000000, 0x0000000705200000|  0%| F|  |TAMS 0x0000000705000000, 0x0000000705000000| Untracked 
|  14|0x0000000705200000, 0x0000000705400000, 0x0000000705400000|100%| O|  |TAMS 0x0000000705400000, 0x0000000705200000| Untracked 
|  15|0x0000000705400000, 0x0000000705400000, 0x0000000705600000|  0%| F|  |TAMS 0x0000000705400000, 0x0000000705400000| Untracked 
|  16|0x0000000705600000, 0x0000000705800000, 0x0000000705800000|100%| O|  |TAMS 0x0000000705800000, 0x0000000705600000| Untracked 
|  17|0x0000000705800000, 0x0000000705a00000, 0x0000000705a00000|100%| O|  |TAMS 0x0000000705a00000, 0x0000000705800000| Untracked 
|  18|0x0000000705a00000, 0x0000000705c00000, 0x0000000705c00000|100%| O|  |TAMS 0x0000000705c00000, 0x0000000705a00000| Untracked 
|  19|0x0000000705c00000, 0x0000000705c00000, 0x0000000705e00000|  0%| F|  |TAMS 0x0000000705c00000, 0x0000000705c00000| Untracked 
|  20|0x0000000705e00000, 0x0000000705e00000, 0x0000000706000000|  0%| F|  |TAMS 0x0000000705e00000, 0x0000000705e00000| Untracked 
|  21|0x0000000706000000, 0x00000007060b3178, 0x0000000706200000| 34%| E|  |TAMS 0x0000000706000000, 0x0000000706000000| Complete 
|  22|0x0000000706200000, 0x0000000706400000, 0x0000000706400000|100%| E|CS|TAMS 0x0000000706200000, 0x0000000706200000| Complete 
|  23|0x0000000706400000, 0x0000000706600000, 0x0000000706600000|100%| E|CS|TAMS 0x0000000706400000, 0x0000000706400000| Complete 
|  24|0x0000000706600000, 0x0000000706800000, 0x0000000706800000|100%| O|  |TAMS 0x0000000706800000, 0x0000000706600000| Untracked 
|  25|0x0000000706800000, 0x0000000706a00000, 0x0000000706a00000|100%| O|  |TAMS 0x0000000706a00000, 0x0000000706800000| Untracked 
|  26|0x0000000706a00000, 0x0000000706c00000, 0x0000000706c00000|100%| O|  |TAMS 0x0000000706c00000, 0x0000000706a00000| Untracked 
|  27|0x0000000706c00000, 0x0000000706cf4a00, 0x0000000706e00000| 47%| O|  |TAMS 0x0000000706cf4a00, 0x0000000706c00000| Untracked 
|  28|0x0000000706e00000, 0x0000000707000000, 0x0000000707000000|100%| E|  |TAMS 0x0000000706e00000, 0x0000000706e00000| Complete 
|  29|0x0000000707000000, 0x0000000707200000, 0x0000000707200000|100%| E|CS|TAMS 0x0000000707000000, 0x0000000707000000| Complete 
|  30|0x0000000707200000, 0x0000000707400000, 0x0000000707400000|100%| E|CS|TAMS 0x0000000707200000, 0x0000000707200000| Complete 
|  31|0x0000000707400000, 0x0000000707600000, 0x0000000707600000|100%| E|CS|TAMS 0x0000000707400000, 0x0000000707400000| Complete 
|  32|0x0000000707600000, 0x0000000707800000, 0x0000000707800000|100%| E|CS|TAMS 0x0000000707600000, 0x0000000707600000| Complete 
|  33|0x0000000707800000, 0x0000000707a00000, 0x0000000707a00000|100%| E|CS|TAMS 0x0000000707800000, 0x0000000707800000| Complete 
|  34|0x0000000707a00000, 0x0000000707a50910, 0x0000000707c00000| 15%| S|CS|TAMS 0x0000000707a00000, 0x0000000707a00000| Complete 
|  35|0x0000000707c00000, 0x0000000707e00000, 0x0000000707e00000|100%| S|CS|TAMS 0x0000000707c00000, 0x0000000707c00000| Complete 
|  36|0x0000000707e00000, 0x0000000708000000, 0x0000000708000000|100%| E|CS|TAMS 0x0000000707e00000, 0x0000000707e00000| Complete 
| 117|0x0000000712000000, 0x0000000712200000, 0x0000000712200000|100%| E|CS|TAMS 0x0000000712000000, 0x0000000712000000| Complete 
| 118|0x0000000712200000, 0x0000000712400000, 0x0000000712400000|100%| E|CS|TAMS 0x0000000712200000, 0x0000000712200000| Complete 
| 125|0x0000000713000000, 0x0000000713200000, 0x0000000713200000|100%| E|CS|TAMS 0x0000000713000000, 0x0000000713000000| Complete 
| 126|0x0000000713200000, 0x0000000713400000, 0x0000000713400000|100%| E|CS|TAMS 0x0000000713200000, 0x0000000713200000| Complete 

Card table byte_map: [0x00000215a6cb0000,0x00000215a74a0000] _byte_map_base: 0x00000215a3495000

Marking Bits (Prev, Next): (CMBitMap*) 0x00000215937d4670, (CMBitMap*) 0x00000215937d4630
 Prev Bits: [0x00000215abbc0000, 0x00000215afae8000)
 Next Bits: [0x00000215a7c90000, 0x00000215abbb8000)

Polling page: 0x00000215916e0000

Metaspace:

Usage:
  Non-class:     32.23 MB capacity,    32.13 MB (>99%) used,    68.58 KB ( <1%) free+waste,    37.38 KB ( <1%) overhead. 
      Class:      3.64 MB capacity,     3.57 MB ( 98%) used,    61.31 KB (  2%) free+waste,    10.62 KB ( <1%) overhead. 
       Both:     35.87 MB capacity,    35.70 MB (>99%) used,   129.89 KB ( <1%) free+waste,    48.00 KB ( <1%) overhead. 

Virtual space:
  Non-class space:       34.00 MB reserved,      32.42 MB ( 95%) committed 
      Class space:        1.00 GB reserved,       3.75 MB ( <1%) committed 
             Both:        1.03 GB reserved,      36.17 MB (  3%) committed 

Chunk freelists:
   Non-Class:  129.00 KB
       Class:  52.00 KB
        Both:  181.00 KB

MaxMetaspaceSize: 17179869184.00 GB
CompressedClassSpaceSize: 1.00 GB

CodeHeap 'non-profiled nmethods': size=120000Kb used=7406Kb max_used=7406Kb free=112593Kb
 bounds [0x000002159ec60000, 0x000002159f3a0000, 0x00000215a6190000]
CodeHeap 'profiled nmethods': size=120000Kb used=13089Kb max_used=13089Kb free=106910Kb
 bounds [0x0000021597730000, 0x0000021598400000, 0x000002159ec60000]
CodeHeap 'non-nmethods': size=5760Kb used=1509Kb max_used=1633Kb free=4250Kb
 bounds [0x0000021597190000, 0x0000021597400000, 0x0000021597730000]
 total_blobs=7283 nmethods=6534 adapters=656
 compilation: enabled
              stopped_count=0, restarted_count=0
 full_count=0

Compilation events (20 events):
Event: 40133.980 Thread 0x00000215b2e2c520 7957       3       javax.swing.text.ParagraphView$Row::loadChildren (1 bytes)
Event: 40133.980 Thread 0x00000215b2e2c520 nmethod 7957 0x0000021598107b90 code [0x0000021598107d20, 0x0000021598107e18]
Event: 40133.981 Thread 0x00000215b2e2a470 7958       4       javax.swing.text.BoxView::checkRequests (85 bytes)
Event: 40133.984 Thread 0x00000215b2e2a470 nmethod 7958 0x000002159f391c90 code [0x000002159f391e20, 0x000002159f392138]
Event: 40133.984 Thread 0x00000215b2e2a470 7959       4       javax.swing.text.GlyphView::createFragment (64 bytes)
Event: 40133.995 Thread 0x00000215b2e2a470 nmethod 7959 0x000002159f392210 code [0x000002159f392420, 0x000002159f393288]
Event: 40133.995 Thread 0x00000215b2e2a470 7960       4       javax.swing.text.GlyphView::getMinimumSpan (125 bytes)
Event: 40134.010 Thread 0x00000215b2e2c520 7961       1       javax.swing.text.html.EditableView::isVisible (5 bytes)
Event: 40134.010 Thread 0x00000215b2e2c520 nmethod 7961 0x000002159f393a90 code [0x000002159f393c20, 0x000002159f393cd8]
Event: 40134.010 Thread 0x00000215b2e2a470 nmethod 7960 0x000002159f393d90 code [0x000002159f393fc0, 0x000002159f3952d8]
Event: 40134.014 Thread 0x00000215b2e2a470 7962       4       javax.swing.text.ParagraphView$Row::getBottomInset (36 bytes)
Event: 40134.015 Thread 0x00000215b2e2a470 nmethod 7962 0x000002159f395c10 code [0x000002159f395da0, 0x000002159f395e98]
Event: 40134.015 Thread 0x00000215b2e2a470 7963       4       javax.swing.text.LabelView::isSuperscript (9 bytes)
Event: 40134.016 Thread 0x00000215b2e2a470 nmethod 7963 0x000002159f395f90 code [0x000002159f396120, 0x000002159f3961e8]
Event: 40134.016 Thread 0x00000215b2e2a470 7964       4       java.awt.Rectangle::getBounds2D (24 bytes)
Event: 40134.017 Thread 0x00000215b2e2a470 nmethod 7964 0x000002159f396290 code [0x000002159f396420, 0x000002159f396518]
Event: 40136.459 Thread 0x00000215b2e2c520 7965       3       java.awt.event.WindowEvent::<init> (24 bytes)
Event: 40136.460 Thread 0x00000215b2e2c520 nmethod 7965 0x0000021598358590 code [0x0000021598358740, 0x0000021598358968]
Event: 40136.480 Thread 0x00000215b2e2a470 7966       4       sun.util.locale.BaseLocale::getInstance (186 bytes)
Event: 40136.525 Thread 0x00000215b2e2a470 nmethod 7966 0x000002159f396610 code [0x000002159f396940, 0x000002159f39a028]

GC Heap History (20 events):
Event: 9788.881 GC heap before
{Heap before GC invocations=50 (full 0):
 garbage-first heap   total 83968K, used 52414K [0x0000000703600000, 0x0000000800000000)
  region size 2048K, 11 young (22528K), 1 survivors (2048K)
 Metaspace       used 36296K, capacity 36508K, committed 36784K, reserved 1083392K
  class space    used 3652K, capacity 3711K, committed 3840K, reserved 1048576K
}
Event: 9788.882 GC heap after
{Heap after GC invocations=51 (full 0):
 garbage-first heap   total 83968K, used 33747K [0x0000000703600000, 0x0000000800000000)
  region size 2048K, 1 young (2048K), 1 survivors (2048K)
 Metaspace       used 36296K, capacity 36508K, committed 36784K, reserved 1083392K
  class space    used 3652K, capacity 3711K, committed 3840K, reserved 1048576K
}
Event: 9833.738 GC heap before
{Heap before GC invocations=52 (full 0):
 garbage-first heap   total 83968K, used 43987K [0x0000000703600000, 0x0000000800000000)
  region size 2048K, 5 young (10240K), 1 survivors (2048K)
 Metaspace       used 36304K, capacity 36508K, committed 36784K, reserved 1083392K
  class space    used 3653K, capacity 3711K, committed 3840K, reserved 1048576K
}
Event: 9833.742 GC heap after
{Heap after GC invocations=53 (full 0):
 garbage-first heap   total 83968K, used 38287K [0x0000000703600000, 0x0000000800000000)
  region size 2048K, 1 young (2048K), 1 survivors (2048K)
 Metaspace       used 36304K, capacity 36508K, committed 36784K, reserved 1083392K
  class space    used 3653K, capacity 3711K, committed 3840K, reserved 1048576K
}
Event: 11384.016 GC heap before
{Heap before GC invocations=54 (full 0):
 garbage-first heap   total 83968K, used 46479K [0x0000000703600000, 0x0000000800000000)
  region size 2048K, 6 young (12288K), 1 survivors (2048K)
 Metaspace       used 36324K, capacity 36508K, committed 36784K, reserved 1083392K
  class space    used 3653K, capacity 3711K, committed 3840K, reserved 1048576K
}
Event: 11384.019 GC heap after
{Heap after GC invocations=55 (full 0):
 garbage-first heap   total 83968K, used 35481K [0x0000000703600000, 0x0000000800000000)
  region size 2048K, 1 young (2048K), 1 survivors (2048K)
 Metaspace       used 36324K, capacity 36508K, committed 36784K, reserved 1083392K
  class space    used 3653K, capacity 3711K, committed 3840K, reserved 1048576K
}
Event: 11416.954 GC heap before
{Heap before GC invocations=56 (full 0):
 garbage-first heap   total 83968K, used 70297K [0x0000000703600000, 0x0000000800000000)
  region size 2048K, 16 young (32768K), 1 survivors (2048K)
 Metaspace       used 36325K, capacity 36508K, committed 36784K, reserved 1083392K
  class space    used 3653K, capacity 3711K, committed 3840K, reserved 1048576K
}
Event: 11416.960 GC heap after
{Heap after GC invocations=57 (full 0):
 garbage-first heap   total 83968K, used 39514K [0x0000000703600000, 0x0000000800000000)
  region size 2048K, 1 young (2048K), 1 survivors (2048K)
 Metaspace       used 36325K, capacity 36508K, committed 36784K, reserved 1083392K
  class space    used 3653K, capacity 3711K, committed 3840K, reserved 1048576K
}
Event: 11452.087 GC heap before
{Heap before GC invocations=57 (full 0):
 garbage-first heap   total 83968K, used 68186K [0x0000000703600000, 0x0000000800000000)
  region size 2048K, 15 young (30720K), 1 survivors (2048K)
 Metaspace       used 36325K, capacity 36508K, committed 36784K, reserved 1083392K
  class space    used 3653K, capacity 3711K, committed 3840K, reserved 1048576K
}
Event: 11452.092 GC heap after
{Heap after GC invocations=58 (full 0):
 garbage-first heap   total 83968K, used 35546K [0x0000000703600000, 0x0000000800000000)
  region size 2048K, 1 young (2048K), 1 survivors (2048K)
 Metaspace       used 36325K, capacity 36508K, committed 36784K, reserved 1083392K
  class space    used 3653K, capacity 3711K, committed 3840K, reserved 1048576K
}
Event: 11489.044 GC heap before
{Heap before GC invocations=59 (full 0):
 garbage-first heap   total 83968K, used 66266K [0x0000000703600000, 0x0000000800000000)
  region size 2048K, 17 young (34816K), 1 survivors (2048K)
 Metaspace       used 36331K, capacity 36508K, committed 36784K, reserved 1083392K
  class space    used 3653K, capacity 3711K, committed 3840K, reserved 1048576K
}
Event: 11489.047 GC heap after
{Heap after GC invocations=60 (full 0):
 garbage-first heap   total 83968K, used 35545K [0x0000000703600000, 0x0000000800000000)
  region size 2048K, 1 young (2048K), 1 survivors (2048K)
 Metaspace       used 36331K, capacity 36508K, committed 36784K, reserved 1083392K
  class space    used 3653K, capacity 3711K, committed 3840K, reserved 1048576K
}
Event: 11504.409 GC heap before
{Heap before GC invocations=60 (full 0):
 garbage-first heap   total 83968K, used 56025K [0x0000000703600000, 0x0000000800000000)
  region size 2048K, 13 young (26624K), 1 survivors (2048K)
 Metaspace       used 36342K, capacity 36508K, committed 36784K, reserved 1083392K
  class space    used 3653K, capacity 3711K, committed 3840K, reserved 1048576K
}
Event: 11504.411 GC heap after
{Heap after GC invocations=61 (full 0):
 garbage-first heap   total 83968K, used 35442K [0x0000000703600000, 0x0000000800000000)
  region size 2048K, 1 young (2048K), 1 survivors (2048K)
 Metaspace       used 36342K, capacity 36508K, committed 36784K, reserved 1083392K
  class space    used 3653K, capacity 3711K, committed 3840K, reserved 1048576K
}
Event: 40043.475 GC heap before
{Heap before GC invocations=62 (full 0):
 garbage-first heap   total 83968K, used 70258K [0x0000000703600000, 0x0000000800000000)
  region size 2048K, 17 young (34816K), 1 survivors (2048K)
 Metaspace       used 36537K, capacity 36796K, committed 37040K, reserved 1083392K
  class space    used 3661K, capacity 3743K, committed 3840K, reserved 1048576K
}
Event: 40043.478 GC heap after
{Heap after GC invocations=63 (full 0):
 garbage-first heap   total 83968K, used 39662K [0x0000000703600000, 0x0000000800000000)
  region size 2048K, 1 young (2048K), 1 survivors (2048K)
 Metaspace       used 36537K, capacity 36796K, committed 37040K, reserved 1083392K
  class space    used 3661K, capacity 3743K, committed 3840K, reserved 1048576K
}
Event: 40048.848 GC heap before
{Heap before GC invocations=63 (full 0):
 garbage-first heap   total 83968K, used 68334K [0x0000000703600000, 0x0000000800000000)
  region size 2048K, 15 young (30720K), 1 survivors (2048K)
 Metaspace       used 36586K, capacity 36796K, committed 37040K, reserved 1083392K
  class space    used 3661K, capacity 3743K, committed 3840K, reserved 1048576K
}
Event: 40048.850 GC heap after
{Heap after GC invocations=64 (full 0):
 garbage-first heap   total 83968K, used 35522K [0x0000000703600000, 0x0000000800000000)
  region size 2048K, 1 young (2048K), 1 survivors (2048K)
 Metaspace       used 36586K, capacity 36796K, committed 37040K, reserved 1083392K
  class space    used 3661K, capacity 3743K, committed 3840K, reserved 1048576K
}
Event: 40133.909 GC heap before
{Heap before GC invocations=65 (full 0):
 garbage-first heap   total 83968K, used 43714K [0x0000000703600000, 0x0000000800000000)
  region size 2048K, 6 young (12288K), 1 survivors (2048K)
 Metaspace       used 36548K, capacity 36731K, committed 37040K, reserved 1083392K
  class space    used 3652K, capacity 3724K, committed 3840K, reserved 1048576K
}
Event: 40133.921 GC heap after
{Heap after GC invocations=66 (full 0):
 garbage-first heap   total 83968K, used 36038K [0x0000000703600000, 0x0000000800000000)
  region size 2048K, 2 young (4096K), 2 survivors (4096K)
 Metaspace       used 36548K, capacity 36731K, committed 37040K, reserved 1083392K
  class space    used 3652K, capacity 3724K, committed 3840K, reserved 1048576K
}

Deoptimization events (20 events):
Event: 40043.469 Thread 0x00000215b6eeb080 Uncommon trap: trap_request=0xffffff45 fr.pc=0x000002159efc0480 relative=0x0000000000000360
Event: 40043.469 Thread 0x00000215b6eeb080 Uncommon trap: reason=unstable_if action=reinterpret pc=0x000002159efc0480 method=javax.swing.text.AbstractDocument.writeLock()V @ 4 c2
Event: 40043.469 Thread 0x00000215b3a3ada0 Uncommon trap: trap_request=0xffffff45 fr.pc=0x000002159eda68e8 relative=0x0000000000000248
Event: 40043.469 Thread 0x00000215b3a3ada0 Uncommon trap: reason=unstable_if action=reinterpret pc=0x000002159eda68e8 method=javax.swing.text.View.setParent(Ljavax/swing/text/View;)V @ 23 c2
Event: 40043.469 Thread 0x00000215b6eeb080 DEOPT PACKING pc=0x000002159efc0480 sp=0x000000998b6fe460
Event: 40043.469 Thread 0x00000215b3a3ada0 DEOPT PACKING pc=0x000002159eda68e8 sp=0x000000998adfe380
Event: 40043.469 Thread 0x00000215b3a3ada0 DEOPT UNPACKING pc=0x00000215971de42f sp=0x000000998adfe330 mode 2
Event: 40043.469 Thread 0x00000215b6eeb080 DEOPT UNPACKING pc=0x00000215971de42f sp=0x000000998b6fe418 mode 2
Event: 40043.469 Thread 0x00000215b3a3ada0 Uncommon trap: trap_request=0xffffff45 fr.pc=0x000002159f343378 relative=0x0000000000000e78
Event: 40043.469 Thread 0x00000215b3a3ada0 Uncommon trap: reason=unstable_if action=reinterpret pc=0x000002159f343378 method=javax.swing.text.GlyphView.getBreakSpot(II)I @ 114 c2
Event: 40043.469 Thread 0x00000215b3a3ada0 DEOPT PACKING pc=0x000002159f343378 sp=0x000000998adfe170
Event: 40043.469 Thread 0x00000215b3a3ada0 DEOPT UNPACKING pc=0x00000215971de42f sp=0x000000998adfe118 mode 2
Event: 40043.472 Thread 0x00000215b3a3ada0 Uncommon trap: trap_request=0xffffff45 fr.pc=0x000002159f33fad8 relative=0x0000000000000058
Event: 40043.472 Thread 0x00000215b3a3ada0 Uncommon trap: reason=unstable_if action=reinterpret pc=0x000002159f33fad8 method=javax.swing.text.GlyphView.checkPainter()V @ 4 c2
Event: 40043.472 Thread 0x00000215b3a3ada0 DEOPT PACKING pc=0x000002159f33fad8 sp=0x000000998adfe140
Event: 40043.472 Thread 0x00000215b3a3ada0 DEOPT UNPACKING pc=0x00000215971de42f sp=0x000000998adfe0d8 mode 2
Event: 40133.885 Thread 0x00000215b6eeb080 DEOPT PACKING pc=0x000002159791ee01 sp=0x000000998b6fec40
Event: 40133.885 Thread 0x00000215b6eeb080 DEOPT UNPACKING pc=0x00000215971de23f sp=0x000000998b6fe138 mode 1
Event: 40133.890 Thread 0x00000215b6eeb080 DEOPT PACKING pc=0x0000021598285cd4 sp=0x000000998b6feb20
Event: 40133.890 Thread 0x00000215b6eeb080 DEOPT UNPACKING pc=0x00000215971de23f sp=0x000000998b6fe018 mode 0

Classes unloaded (20 events):
Event: 9374.093 Thread 0x00000215b2dca3f0 Unloading class 0x0000000800065040 'jdk/internal/reflect/GeneratedConstructorAccessor1'
Event: 40048.872 Thread 0x00000215b2dca3f0 Unloading class 0x0000000800246440 'jdk/internal/reflect/GeneratedSerializationConstructorAccessor1'
Event: 40048.872 Thread 0x00000215b2dca3f0 Unloading class 0x0000000800245c40 'java/lang/invoke/LambdaForm$MH+0x0000000800245c40'
Event: 40048.872 Thread 0x00000215b2dca3f0 Unloading class 0x0000000800245840 'java/lang/invoke/LambdaForm$MH+0x0000000800245840'
Event: 40048.872 Thread 0x00000215b2dca3f0 Unloading class 0x0000000800245440 'java/lang/invoke/LambdaForm$MH+0x0000000800245440'
Event: 40048.872 Thread 0x00000215b2dca3f0 Unloading class 0x0000000800245040 'java/lang/invoke/LambdaForm$MH+0x0000000800245040'
Event: 40048.872 Thread 0x00000215b2dca3f0 Unloading class 0x0000000800241440 'java/lang/invoke/LambdaForm$MH+0x0000000800241440'
Event: 40048.872 Thread 0x00000215b2dca3f0 Unloading class 0x0000000800064c40 'java/lang/invoke/LambdaForm$MH+0x0000000800064c40'
Event: 40048.872 Thread 0x00000215b2dca3f0 Unloading class 0x0000000800064040 'java/lang/invoke/LambdaForm$MH+0x0000000800064040'
Event: 40048.872 Thread 0x00000215b2dca3f0 Unloading class 0x0000000800063440 'java/lang/invoke/LambdaForm$MH+0x0000000800063440'
Event: 40048.872 Thread 0x00000215b2dca3f0 Unloading class 0x00000008000e9840 'java/lang/invoke/LambdaForm$MH+0x00000008000e9840'
Event: 40048.872 Thread 0x00000215b2dca3f0 Unloading class 0x00000008000efc40 'java/lang/invoke/LambdaForm$MH+0x00000008000efc40'
Event: 40048.872 Thread 0x00000215b2dca3f0 Unloading class 0x00000008000ef440 'java/lang/invoke/LambdaForm$MH+0x00000008000ef440'
Event: 40048.872 Thread 0x00000215b2dca3f0 Unloading class 0x00000008000ee840 'java/lang/invoke/LambdaForm$MH+0x00000008000ee840'
Event: 40048.872 Thread 0x00000215b2dca3f0 Unloading class 0x000000080015f440 'java/lang/invoke/LambdaForm$MH+0x000000080015f440'
Event: 40048.872 Thread 0x00000215b2dca3f0 Unloading class 0x000000080015c040 'java/lang/invoke/LambdaForm$MH+0x000000080015c040'
Event: 40048.872 Thread 0x00000215b2dca3f0 Unloading class 0x000000080015a440 'java/lang/invoke/LambdaForm$MH+0x000000080015a440'
Event: 40048.872 Thread 0x00000215b2dca3f0 Unloading class 0x0000000800158840 'java/lang/invoke/LambdaForm$MH+0x0000000800158840'
Event: 40048.872 Thread 0x00000215b2dca3f0 Unloading class 0x0000000800243040 'java/lang/invoke/LambdaForm$MH+0x0000000800243040'
Event: 40048.872 Thread 0x00000215b2dca3f0 Unloading class 0x0000000800242840 'java/lang/invoke/LambdaForm$MH+0x0000000800242840'

Classes redefined (5 events):
Event: 698.006 Thread 0x00000215b2dca3f0 redefined class name=ftnTheory.GenModBranching, count=1
Event: 9700.596 Thread 0x00000215b2dca3f0 redefined class name=ftnTheory.GenModBranching, count=2
Event: 11491.113 Thread 0x00000215b2dca3f0 redefined class name=branching.TradBrModPt, count=1
Event: 16289.716 Thread 0x00000215b2dca3f0 redefined class name=ftnTheory.GenModBranching, count=3
Event: 40002.125 Thread 0x00000215b2dca3f0 redefined class name=ftnTheory.GenModBranching, count=4

Internal exceptions (20 events):
Event: 9373.899 Thread 0x00000215b5cc26a0 Exception <a 'java/lang/InterruptedException'{0x00000007073093e8}: sleep interrupted> (0x00000007073093e8) 
thrown [./open/src/hotspot/share/prims/jvm.cpp, line 3278]
Event: 9374.074 Thread 0x00000215b3a3ada0 Implicit null exception at 0x000002159f096e01 to 0x000002159f09897c
Event: 9384.597 Thread 0x00000215b3a3ada0 Implicit null exception at 0x000002159ed41800 to 0x000002159ed43e38
Event: 9384.598 Thread 0x00000215b3a3ada0 Implicit null exception at 0x000002159ed406ce to 0x000002159ed40fb8
Event: 9384.600 Thread 0x00000215b3a3ada0 Implicit null exception at 0x000002159ee8188b to 0x000002159ee8236c
Event: 9696.194 Thread 0x00000215b5cbf680 Exception <a 'java/lang/InterruptedException'{0x000000071339c928}: sleep interrupted> (0x000000071339c928) 
thrown [./open/src/hotspot/share/prims/jvm.cpp, line 3252]
Event: 9696.194 Thread 0x00000215b5cc21d0 Exception <a 'java/lang/InterruptedException'{0x00000007133a3ec8}: sleep interrupted> (0x00000007133a3ec8) 
thrown [./open/src/hotspot/share/prims/jvm.cpp, line 3252]
Event: 9769.928 Thread 0x00000215b5cc21d0 Exception <a 'java/lang/InterruptedException'{0x0000000706c30ed8}: sleep interrupted> (0x0000000706c30ed8) 
thrown [./open/src/hotspot/share/prims/jvm.cpp, line 3252]
Event: 9769.928 Thread 0x00000215b5cbece0 Exception <a 'java/lang/InterruptedException'{0x0000000706c0db98}: sleep interrupted> (0x0000000706c0db98) 
thrown [./open/src/hotspot/share/prims/jvm.cpp, line 3252]
Event: 9777.318 Thread 0x00000215b5cc21d0 Exception <a 'java/lang/InterruptedException'{0x00000007069e2c20}: sleep interrupted> (0x00000007069e2c20) 
thrown [./open/src/hotspot/share/prims/jvm.cpp, line 3278]
Event: 9787.746 Thread 0x00000215b5cc21d0 Exception <a 'java/lang/InterruptedException'{0x00000007075c9dc8}: sleep interrupted> (0x00000007075c9dc8) 
thrown [./open/src/hotspot/share/prims/jvm.cpp, line 3278]
Event: 9788.784 Thread 0x00000215b5cc04f0 Exception <a 'java/lang/InterruptedException'{0x00000007075f3138}: sleep interrupted> (0x00000007075f3138) 
thrown [./open/src/hotspot/share/prims/jvm.cpp, line 3278]
Event: 9848.049 Thread 0x00000215b5cbece0 Exception <a 'java/lang/InterruptedException'{0x0000000713383e88}: sleep interrupted> (0x0000000713383e88) 
thrown [./open/src/hotspot/share/prims/jvm.cpp, line 3278]
Event: 11384.019 Thread 0x00000215b5cc21d0 Implicit null exception at 0x000002159edc3e00 to 0x000002159edc4c04
Event: 11489.242 Thread 0x00000215b5cc21d0 Exception <a 'java/lang/InterruptedException'{0x00000007130018c0}: sleep interrupted> (0x00000007130018c0) 
thrown [./open/src/hotspot/share/prims/jvm.cpp, line 3252]
Event: 11489.242 Thread 0x00000215b5cbece0 Exception <a 'java/lang/InterruptedException'{0x000000071300b378}: sleep interrupted> (0x000000071300b378) 
thrown [./open/src/hotspot/share/prims/jvm.cpp, line 3252]
Event: 11500.949 Thread 0x00000215b6ee8a00 Exception <a 'java/lang/InterruptedException'{0x00000007079962c8}: sleep interrupted> (0x00000007079962c8) 
thrown [./open/src/hotspot/share/prims/jvm.cpp, line 3252]
Event: 11500.949 Thread 0x00000215b6eeb080 Exception <a 'java/lang/InterruptedException'{0x0000000707975c08}: sleep interrupted> (0x0000000707975c08) 
thrown [./open/src/hotspot/share/prims/jvm.cpp, line 3252]
Event: 39755.178 Thread 0x00000215b6eeba20 Exception <a 'java/lang/NullPointerException'{0x0000000707ad3728}> (0x0000000707ad3728) 
thrown [./open/src/hotspot/share/interpreter/linkResolver.cpp, line 1374]
Event: 40129.679 Thread 0x00000215b6eea210 Exception <a 'java/lang/InterruptedException'{0x000000071313ff30}: sleep interrupted> (0x000000071313ff30) 
thrown [./open/src/hotspot/share/prims/jvm.cpp, line 3278]

Events (20 events):
Event: 40054.066 Thread 0x00000215b845f010 Thread exited: 0x00000215b845f010
Event: 40129.635 Thread 0x00000215b6eea210 Thread added: 0x00000215b6eea210
Event: 40129.679 Thread 0x00000215b6eea210 Thread exited: 0x00000215b6eea210
Event: 40133.810 Thread 0x00000215b6eeb080 Thread added: 0x00000215b6eeb080
Event: 40133.889 Executing VM operation: ICBufferFull
Event: 40133.890 Executing VM operation: ICBufferFull done
Event: 40133.890 Executing VM operation: HandshakeAllThreads
Event: 40133.890 Executing VM operation: HandshakeAllThreads done
Event: 40133.909 Executing VM operation: G1TryInitiateConcMark
Event: 40133.921 Executing VM operation: G1TryInitiateConcMark done
Event: 40133.921 Executing VM operation: HandshakeAllThreads
Event: 40133.921 Executing VM operation: HandshakeAllThreads done
Event: 40133.923 Thread 0x00000215b6eeb080 Thread exited: 0x00000215b6eeb080
Event: 40133.937 Executing VM operation: G1Concurrent
Event: 40133.940 Executing VM operation: G1Concurrent done
Event: 40133.940 Executing VM operation: HandshakeAllThreads
Event: 40133.940 Executing VM operation: HandshakeAllThreads done
Event: 40133.949 Executing VM operation: G1Concurrent
Event: 40133.950 Executing VM operation: G1Concurrent done
Event: 40136.554 Thread 0x00000215b6ee8530 Thread added: 0x00000215b6ee8530


Dynamic libraries:
0x00007ff7df7b0000 - 0x00007ff7df7bd000 	C:\Users\kstephe2\.p2\pool\plugins\org.eclipse.justj.openjdk.hotspot.jre.full.win32.x86_64_15.0.2.v20210201-0955\jre\bin\javaw.exe
0x00007ffeb4930000 - 0x00007ffeb4b25000 	C:\Windows\SYSTEM32\ntdll.dll
0x00007ffeb43d0000 - 0x00007ffeb448e000 	C:\Windows\System32\KERNEL32.DLL
0x00007ffeb2130000 - 0x00007ffeb23f9000 	C:\Windows\System32\KERNELBASE.dll
0x00007ffeb2560000 - 0x00007ffeb2660000 	C:\Windows\System32\ucrtbase.dll
0x00007ffeb0590000 - 0x00007ffeb05a8000 	C:\Users\kstephe2\.p2\pool\plugins\org.eclipse.justj.openjdk.hotspot.jre.full.win32.x86_64_15.0.2.v20210201-0955\jre\bin\jli.dll
0x00007ffeb4490000 - 0x00007ffeb4631000 	C:\Windows\System32\USER32.dll
0x00007ffeb27c0000 - 0x00007ffeb27e2000 	C:\Windows\System32\win32u.dll
0x00007ffeb2a90000 - 0x00007ffeb2abb000 	C:\Windows\System32\GDI32.dll
0x00007ffeb26b0000 - 0x00007ffeb27bb000 	C:\Windows\System32\gdi32full.dll
0x00007ffeb27f0000 - 0x00007ffeb288d000 	C:\Windows\System32\msvcp_win.dll
0x00007ffeb0240000 - 0x00007ffeb0259000 	C:\Users\kstephe2\.p2\pool\plugins\org.eclipse.justj.openjdk.hotspot.jre.full.win32.x86_64_15.0.2.v20210201-0955\jre\bin\VCRUNTIME140.dll
0x00007ffeb1440000 - 0x00007ffeb16da000 	C:\Windows\WinSxS\amd64_microsoft.windows.common-controls_6595b64144ccf1df_6.0.19041.1110_none_60b5254171f9507e\COMCTL32.dll
0x00007ffeb2dd0000 - 0x00007ffeb2e6e000 	C:\Windows\System32\msvcrt.dll
0x00007ffeb29e0000 - 0x00007ffeb2a10000 	C:\Windows\System32\IMM32.DLL
0x00007ffeb3c20000 - 0x00007ffeb3d4a000 	C:\Windows\System32\RPCRT4.dll
0x00007ffeb1f10000 - 0x00007ffeb1f41000 	C:\Windows\SYSTEM32\SspiCli.dll
0x00007ffe8be60000 - 0x00007ffe8be6c000 	C:\Users\kstephe2\.p2\pool\plugins\org.eclipse.justj.openjdk.hotspot.jre.full.win32.x86_64_15.0.2.v20210201-0955\jre\bin\vcruntime140_1.dll
0x00007ffe852b0000 - 0x00007ffe85341000 	C:\Users\kstephe2\.p2\pool\plugins\org.eclipse.justj.openjdk.hotspot.jre.full.win32.x86_64_15.0.2.v20210201-0955\jre\bin\msvcp140.dll
0x00007ffe6aa00000 - 0x00007ffe6b55e000 	C:\Users\kstephe2\.p2\pool\plugins\org.eclipse.justj.openjdk.hotspot.jre.full.win32.x86_64_15.0.2.v20210201-0955\jre\bin\server\jvm.dll
0x00007ffeb4260000 - 0x00007ffeb430c000 	C:\Windows\System32\ADVAPI32.dll
0x00007ffeb4310000 - 0x00007ffeb43ab000 	C:\Windows\System32\sechost.dll
0x00007ffeb2dc0000 - 0x00007ffeb2dc8000 	C:\Windows\System32\PSAPI.DLL
0x00007ffe8bfd0000 - 0x00007ffe8bfd9000 	C:\Windows\SYSTEM32\WSOCK32.dll
0x00007ffeb2a10000 - 0x00007ffeb2a7b000 	C:\Windows\System32\WS2_32.dll
0x00007ffe8ce70000 - 0x00007ffe8ce97000 	C:\Windows\SYSTEM32\WINMM.dll
0x00007ffeaf250000 - 0x00007ffeaf25a000 	C:\Windows\SYSTEM32\VERSION.dll
0x00007ffeaf030000 - 0x00007ffeaf042000 	C:\Windows\SYSTEM32\kernel.appcore.dll
0x00007ffe8b960000 - 0x00007ffe8b96a000 	C:\Users\kstephe2\.p2\pool\plugins\org.eclipse.justj.openjdk.hotspot.jre.full.win32.x86_64_15.0.2.v20210201-0955\jre\bin\jimage.dll
0x00007ffeb19d0000 - 0x00007ffeb1bb4000 	C:\Windows\SYSTEM32\DBGHELP.DLL
0x00007ffeb19a0000 - 0x00007ffeb19cc000 	C:\Windows\SYSTEM32\dbgcore.DLL
0x00007ffeb28f0000 - 0x00007ffeb2973000 	C:\Windows\System32\bcryptPrimitives.dll
0x00007ffe9ecd0000 - 0x00007ffe9ed09000 	C:\Users\kstephe2\.p2\pool\plugins\org.eclipse.justj.openjdk.hotspot.jre.full.win32.x86_64_15.0.2.v20210201-0955\jre\bin\jdwp.dll
0x00007ffeb0280000 - 0x00007ffeb028e000 	C:\Users\kstephe2\.p2\pool\plugins\org.eclipse.justj.openjdk.hotspot.jre.full.win32.x86_64_15.0.2.v20210201-0955\jre\bin\instrument.dll
0x00007ffe6e7e0000 - 0x00007ffe6e805000 	C:\Users\kstephe2\.p2\pool\plugins\org.eclipse.justj.openjdk.hotspot.jre.full.win32.x86_64_15.0.2.v20210201-0955\jre\bin\java.dll
0x00007ffe6e7c0000 - 0x00007ffe6e7d8000 	C:\Users\kstephe2\.p2\pool\plugins\org.eclipse.justj.openjdk.hotspot.jre.full.win32.x86_64_15.0.2.v20210201-0955\jre\bin\zip.dll
0x00007ffeb2f80000 - 0x00007ffeb36bf000 	C:\Windows\System32\SHELL32.dll
0x00007ffeaf270000 - 0x00007ffeafa00000 	C:\Windows\SYSTEM32\windows.storage.dll
0x00007ffeb3d50000 - 0x00007ffeb40a5000 	C:\Windows\System32\combase.dll
0x00007ffeb13a0000 - 0x00007ffeb13cc000 	C:\Windows\SYSTEM32\Wldp.dll
0x00007ffeb2e70000 - 0x00007ffeb2f1e000 	C:\Windows\System32\SHCORE.dll
0x00007ffeb2b50000 - 0x00007ffeb2ba5000 	C:\Windows\System32\shlwapi.dll
0x00007ffeb1f90000 - 0x00007ffeb1faf000 	C:\Windows\SYSTEM32\profapi.dll
0x00007ffeb0230000 - 0x00007ffeb023b000 	C:\Users\kstephe2\.p2\pool\plugins\org.eclipse.justj.openjdk.hotspot.jre.full.win32.x86_64_15.0.2.v20210201-0955\jre\bin\dt_socket.dll
0x00007ffeb0da0000 - 0x00007ffeb0ddb000 	C:\Windows\SYSTEM32\IPHLPAPI.DLL
0x00007ffeb1090000 - 0x00007ffeb10fa000 	C:\Windows\system32\mswsock.dll
0x00007ffeb0de0000 - 0x00007ffeb0eac000 	C:\Windows\SYSTEM32\DNSAPI.dll
0x00007ffeb2a80000 - 0x00007ffeb2a88000 	C:\Windows\System32\NSI.dll
0x00007ffea9730000 - 0x00007ffea973a000 	C:\Windows\System32\rasadhlp.dll
0x00007ffeab9a0000 - 0x00007ffeaba1f000 	C:\Windows\System32\fwpuclnt.dll
0x00007ffeb2100000 - 0x00007ffeb2127000 	C:\Windows\System32\bcrypt.dll
0x00007ffe6e7a0000 - 0x00007ffe6e7b9000 	C:\Users\kstephe2\.p2\pool\plugins\org.eclipse.justj.openjdk.hotspot.jre.full.win32.x86_64_15.0.2.v20210201-0955\jre\bin\net.dll
0x00007ffeb09d0000 - 0x00007ffeb0ad8000 	C:\Windows\SYSTEM32\WINHTTP.dll
0x00007ffe6d780000 - 0x00007ffe6d792000 	C:\Users\kstephe2\.p2\pool\plugins\org.eclipse.justj.openjdk.hotspot.jre.full.win32.x86_64_15.0.2.v20210201-0955\jre\bin\nio.dll
0x00007ffe86b60000 - 0x00007ffe86b70000 	C:\Users\kstephe2\.p2\pool\plugins\org.eclipse.justj.openjdk.hotspot.jre.full.win32.x86_64_15.0.2.v20210201-0955\jre\bin\verify.dll
0x00007ffe833b0000 - 0x00007ffe8352f000 	C:\Users\kstephe2\.p2\pool\plugins\org.eclipse.justj.openjdk.hotspot.jre.full.win32.x86_64_15.0.2.v20210201-0955\jre\bin\awt.dll
0x00007ffeb2cf0000 - 0x00007ffeb2dbd000 	C:\Windows\System32\OLEAUT32.dll
0x00007ffeae540000 - 0x00007ffeae5d0000 	C:\Windows\SYSTEM32\apphelp.dll
0x00007ffeaec00000 - 0x00007ffeaec9e000 	C:\Windows\system32\uxtheme.dll
0x00007ffeb47d0000 - 0x00007ffeb48e5000 	C:\Windows\System32\MSCTF.dll
0x00007ffeb4640000 - 0x00007ffeb476a000 	C:\Windows\System32\ole32.dll
0x00007ffeaee20000 - 0x00007ffeaee4f000 	C:\Windows\system32\DWMAPI.DLL
0x00007ffe79b80000 - 0x00007ffe79ca5000 	C:\Windows\system32\opengl32.dll
0x00007ffe7a8a0000 - 0x00007ffe7a8cc000 	C:\Windows\SYSTEM32\GLU32.dll
0x00007ffeb00b0000 - 0x00007ffeb00dd000 	C:\Users\kstephe2\.p2\pool\plugins\org.eclipse.justj.openjdk.hotspot.jre.full.win32.x86_64_15.0.2.v20210201-0955\jre\bin\javajpeg.dll
0x00007ffe84e80000 - 0x00007ffe84f05000 	C:\Users\kstephe2\.p2\pool\plugins\org.eclipse.justj.openjdk.hotspot.jre.full.win32.x86_64_15.0.2.v20210201-0955\jre\bin\freetype.dll
0x00007ffe836a0000 - 0x00007ffe83749000 	C:\Users\kstephe2\.p2\pool\plugins\org.eclipse.justj.openjdk.hotspot.jre.full.win32.x86_64_15.0.2.v20210201-0955\jre\bin\fontmanager.dll
0x00007ffeb2c40000 - 0x00007ffeb2ce9000 	C:\Windows\System32\clbcatq.dll
0x00007ffea49c0000 - 0x00007ffea4b74000 	C:\Windows\SYSTEM32\WindowsCodecs.dll
0x00007ffe78d80000 - 0x00007ffe78dbe000 	C:\Windows\system32\dataexchange.dll
0x00007ffeacbb0000 - 0x00007ffeace14000 	C:\Windows\system32\d3d11.dll
0x00007ffead3e0000 - 0x00007ffead5c6000 	C:\Windows\system32\dcomp.dll
0x00007ffeafb60000 - 0x00007ffeafc54000 	C:\Windows\system32\dxgi.dll
0x00007ffea9a40000 - 0x00007ffea9c41000 	C:\Windows\system32\twinapi.appcore.dll
0x00007ffeb1d60000 - 0x00007ffeb1d78000 	C:\Windows\SYSTEM32\CRYPTSP.dll
0x00007ffeb0940000 - 0x00007ffeb0974000 	C:\Windows\system32\rsaenh.dll
0x00007ffeb1f50000 - 0x00007ffeb1f7e000 	C:\Windows\SYSTEM32\USERENV.dll
0x00007ffeb17f0000 - 0x00007ffeb17fc000 	C:\Windows\SYSTEM32\CRYPTBASE.dll
0x00007ffeaaf10000 - 0x00007ffeaaf27000 	C:\Windows\SYSTEM32\dhcpcsvc6.DLL
0x00007ffeaaee0000 - 0x00007ffeaaefd000 	C:\Windows\SYSTEM32\dhcpcsvc.DLL
0x00007ffe96e30000 - 0x00007ffe96f29000 	C:\Windows\SYSTEM32\textinputframework.dll
0x00007ffead680000 - 0x00007ffead9de000 	C:\Windows\System32\CoreUIComponents.dll
0x00007ffeadeb0000 - 0x00007ffeadfa2000 	C:\Windows\System32\CoreMessaging.dll
0x00007ffeb1d20000 - 0x00007ffeb1d53000 	C:\Windows\SYSTEM32\ntmarta.dll
0x00007ffeac5f0000 - 0x00007ffeac744000 	C:\Windows\SYSTEM32\wintypes.dll
0x00007ffe9ef00000 - 0x00007ffe9ef66000 	C:\Windows\system32\Oleacc.dll
0x00007ffe8a380000 - 0x00007ffe8a397000 	C:\Windows\system32\napinsp.dll
0x00007ffe8a3a0000 - 0x00007ffe8a3bb000 	C:\Windows\system32\pnrpnsp.dll
0x00007ffeac5d0000 - 0x00007ffeac5e5000 	C:\Windows\system32\wshbth.dll
0x00007ffeae830000 - 0x00007ffeae84d000 	C:\Windows\system32\NLAapi.dll
0x00007ffe8a3c0000 - 0x00007ffe8a3d2000 	C:\Windows\System32\winrnr.dll
0x00007ffe95420000 - 0x00007ffe9548a000 	C:\Windows\system32\Ninput.dll
0x00007ffe9bbb0000 - 0x00007ffe9bc60000 	C:\Windows\WinSxS\amd64_microsoft.windows.common-controls_6595b64144ccf1df_5.82.19041.1110_none_792d1c772443f647\comctl32.dll
0x00007ffeadda0000 - 0x00007ffeade96000 	C:\Windows\SYSTEM32\PROPSYS.dll
0x00007ffeb1c20000 - 0x00007ffeb1c37000 	C:\Windows\system32\NetworkExplorer.dll
0x00007ffeb2660000 - 0x00007ffeb26ae000 	C:\Windows\System32\CFGMGR32.dll
0x00007ffe9eed0000 - 0x00007ffe9eeed000 	C:\Windows\SYSTEM32\MPR.dll
0x00007ffeab4f0000 - 0x00007ffeab4fb000 	C:\Windows\System32\drprov.dll
0x00007ffeb1340000 - 0x00007ffeb139a000 	C:\Windows\System32\WINSTA.dll
0x00007ffeaa820000 - 0x00007ffeaa842000 	C:\Windows\System32\ntlanman.dll
0x00007ffeaa800000 - 0x00007ffeaa81e000 	C:\Windows\System32\davclnt.dll
0x00007ffeab4e0000 - 0x00007ffeab4ed000 	C:\Windows\System32\DAVHLPR.dll
0x00007ffeb1280000 - 0x00007ffeb1297000 	C:\Windows\System32\wkscli.dll
0x00007ffe99370000 - 0x00007ffe99382000 	C:\Windows\SYSTEM32\cscapi.dll
0x00007ffeb1250000 - 0x00007ffeb125c000 	C:\Windows\System32\netutils.dll
0x00007ffe9b890000 - 0x00007ffe9b8e8000 	C:\Windows\System32\dlnashext.dll
0x00007ffeb0040000 - 0x00007ffeb00a4000 	C:\Windows\System32\PlayToDevice.dll
0x00007ffea6170000 - 0x00007ffea6190000 	C:\Windows\System32\DevDispItemProvider.dll
0x00007ffea8530000 - 0x00007ffea85b5000 	C:\Windows\System32\MMDevApi.dll
0x00007ffeb1df0000 - 0x00007ffeb1e24000 	C:\Windows\System32\DEVOBJ.dll
0x00007ffe7fa70000 - 0x00007ffe7fb13000 	C:\Windows\system32\wpdshext.dll
0x00007ffe8b9f0000 - 0x00007ffe8bb99000 	C:\Windows\WinSxS\amd64_microsoft.windows.gdiplus_6595b64144ccf1df_1.1.19041.1151_none_91a40286cc884949\gdiplus.dll
0x00007ffea9580000 - 0x00007ffea9623000 	C:\Windows\System32\PortableDeviceApi.dll
0x00007ffeb37a0000 - 0x00007ffeb3c12000 	C:\Windows\System32\SETUPAPI.dll
0x00007ffeb2890000 - 0x00007ffeb28f0000 	C:\Windows\System32\WINTRUST.dll
0x00007ffeb2400000 - 0x00007ffeb2556000 	C:\Windows\System32\CRYPT32.dll
0x00007ffeb17d0000 - 0x00007ffeb17e2000 	C:\Windows\System32\MSASN1.dll
0x00007ffe77530000 - 0x00007ffe77567000 	C:\Windows\System32\EhStorShell.dll
0x00007ffeb02a0000 - 0x00007ffeb02c6000 	C:\Windows\System32\EhStorAPI.dll
0x00007ffeaaec0000 - 0x00007ffeaaed4000 	C:\Windows\System32\WTSAPI32.dll
0x00007ffe77c80000 - 0x00007ffe77c8d000 	C:\Windows\SYSTEM32\LINKINFO.dll
0x00007ffe78800000 - 0x00007ffe78824000 	C:\Windows\SYSTEM32\edputil.dll
0x00007ffe8c9d0000 - 0x00007ffe8ca7c000 	C:\Windows\SYSTEM32\TextShaping.dll

dbghelp: loaded successfully - version: 4.0.5 - missing functions: none
symbol engine: initialized successfully - sym options: 0x614 - pdb path: .;C:\Users\kstephe2\.p2\pool\plugins\org.eclipse.justj.openjdk.hotspot.jre.full.win32.x86_64_15.0.2.v20210201-0955\jre\bin;C:\Windows\SYSTEM32;C:\Windows\WinSxS\amd64_microsoft.windows.common-controls_6595b64144ccf1df_6.0.19041.1110_none_60b5254171f9507e;C:\Users\kstephe2\.p2\pool\plugins\org.eclipse.justj.openjdk.hotspot.jre.full.win32.x86_64_15.0.2.v20210201-0955\jre\bin\server;C:\Windows\WinSxS\amd64_microsoft.windows.common-controls_6595b64144ccf1df_5.82.19041.1110_none_792d1c772443f647;C:\Windows\WinSxS\amd64_microsoft.windows.gdiplus_6595b64144ccf1df_1.1.19041.1151_none_91a40286cc884949

VM Arguments:
jvm_args: -XX:+ShowCodeDetailsInExceptionMessages -agentlib:jdwp=transport=dt_socket,suspend=y,address=localhost:63009 -Djava.library.path=C:\share\workspace\JNIStuff2015\bin -javaagent:C:\Users\kstephe2\eclipse\java-2021-03\eclipse\configuration\org.eclipse.osgi\222\0\.cp\lib\javaagent-shaded.jar -Dfile.encoding=Cp1252 
java_command: allMains.CP_after_Splash
java_class_path (initial): C:\Users\kstephe2\Documents\GitHub\CirclePack\bin;C:\Users\kstephe2\Documents\GitHub\CirclePack\jars\commons-codec-1.5.jar;C:\Users\kstephe2\Documents\GitHub\CirclePack\jars\Complex.jar;C:\Users\kstephe2\Documents\GitHub\CirclePack\jars\Convert2.0.jar;C:\Users\kstephe2\Documents\GitHub\CirclePack\jars\DJEP2.4.0Minimal.jar;C:\Users\kstephe2\Documents\GitHub\CirclePack\jars\FunctionChoiceBox.jar;C:\Users\kstephe2\Documents\GitHub\CirclePack\jars\FunctionField.jar;C:\Users\kstephe2\Documents\GitHub\CirclePack\jars\FunctionParser.jar;C:\Users\kstephe2\Documents\GitHub\CirclePack\jars\javabuilder.jar;C:\Users\kstephe2\Documents\GitHub\CirclePack\jars\jbcl.jar;C:\Users\kstephe2\Documents\GitHub\CirclePack\jars\PackCircle.jar;C:\Users\kstephe2\Documents\GitHub\CirclePack\jars\xercesImpl.jar
Launcher Type: SUN_STANDARD

[Global flags]
     intx CICompilerCount                          = 4                                         {product} {ergonomic}
     uint ConcGCThreads                            = 2                                         {product} {ergonomic}
     uint G1ConcRefinementThreads                  = 8                                         {product} {ergonomic}
   size_t G1HeapRegionSize                         = 2097152                                   {product} {ergonomic}
    uintx GCDrainStackTargetSize                   = 64                                        {product} {ergonomic}
   size_t InitialHeapSize                          = 266338304                                 {product} {ergonomic}
   size_t MarkStackSize                            = 4194304                                   {product} {ergonomic}
   size_t MaxHeapSize                              = 4238344192                                {product} {ergonomic}
   size_t MaxNewSize                               = 2541748224                                {product} {ergonomic}
   size_t MinHeapDeltaBytes                        = 2097152                                   {product} {ergonomic}
   size_t MinHeapSize                              = 8388608                                   {product} {ergonomic}
    uintx NonNMethodCodeHeapSize                   = 5839372                                {pd product} {ergonomic}
    uintx NonProfiledCodeHeapSize                  = 122909434                              {pd product} {ergonomic}
    uintx ProfiledCodeHeapSize                     = 122909434                              {pd product} {ergonomic}
    uintx ReservedCodeCacheSize                    = 251658240                              {pd product} {ergonomic}
     bool SegmentedCodeCache                       = true                                      {product} {ergonomic}
     bool ShowCodeDetailsInExceptionMessages       = true                                   {manageable} {command line}
   size_t SoftMaxHeapSize                          = 4238344192                             {manageable} {ergonomic}
     bool UseCompressedClassPointers               = true                                 {lp64_product} {ergonomic}
     bool UseCompressedOops                        = true                                 {lp64_product} {ergonomic}
     bool UseG1GC                                  = true                                      {product} {ergonomic}
     bool UseLargePagesIndividualAllocation        = false                                  {pd product} {ergonomic}

Logging:
Log output configuration:
 #0: stdout all=warning uptime,level,tags
 #1: stderr all=off uptime,level,tags

Environment Variables:
PATH=C:\Users\kstephe2\.p2\pool\plugins\org.eclipse.justj.openjdk.hotspot.jre.full.win32.x86_64_15.0.2.v20210201-0955\jre\bin;C:/Users/kstephe2/.p2/pool/plugins/org.eclipse.justj.openjdk.hotspot.jre.full.win32.x86_64_15.0.2.v20210201-0955/jre/bin/server;C:/Users/kstephe2/.p2/pool/plugins/org.eclipse.justj.openjdk.hotspot.jre.full.win32.x86_64_15.0.2.v20210201-0955/jre/bin;C:\Program Files (x86)\Common Files\Oracle\Java\javapath;C:\Windows\system32;C:\Windows;C:\Windows\System32\Wbem;C:\Windows\System32\WindowsPowerShell\v1.0\;C:\Windows\System32\OpenSSH\;C:\Program Files\MiKTeX 2.9\miktex\bin\x64\;C:\Program Files\PuTTY\;C:\Program Files\MATLAB\R2021a\bin;C:\Users\kstephe2\AppData\Local\Microsoft\WindowsApps;C:\Users\kstephe2\AppData\Local\GitHubDesktop\bin;C:\Windows\system32;
USERNAME=kstephe2
OS=Windows_NT
PROCESSOR_IDENTIFIER=Intel64 Family 6 Model 142 Stepping 12, GenuineIntel



---------------  S Y S T E M  ---------------

OS:
 Windows 10 , 64 bit Build 19041 (10.0.19041.1202)
OS uptime: 18 days 2:19 hours

CPU: total 8 (initial active 8) (4 cores per cpu, 2 threads per core) family 6 model 142 stepping 12 microcode 0xea, cmov, cx8, fxsr, mmx, sse, sse2, sse3, ssse3, sse4.1, sse4.2, popcnt, vzeroupper, avx, avx2, aes, clmul, erms, 3dnowpref, lzcnt, ht, tsc, tscinvbit, bmi1, bmi2, adx, fma, clflush, clflushopt

Memory: 4k page, system-wide physical 16162M (8433M free)
TotalPageFile size 18594M (AvailPageFile size 6977M)
current process WorkingSet (physical memory assigned to process): 235M, peak: 278M
current process commit charge ("private bytes"): 279M, peak: 373M

vm_info: OpenJDK 64-Bit Server VM (15.0.2+7-27) for windows-amd64 JRE (15.0.2+7-27), built on Dec  7 2020 20:02:38 by "mach5one" with unknown MS VC++:1925

END.
