#
# There is insufficient memory for the Java Runtime Environment to continue.
# Native memory allocation (mmap) failed to map 266338304 bytes for G1 virtual space
# Possible reasons:
#   The system is out of physical RAM or swap space
#   The process is running with CompressedOops enabled, and the Java Heap may be blocking the growth of the native heap
# Possible solutions:
#   Reduce memory load on the system
#   Increase physical memory or swap space
#   Check if swap backing store is full
#   Decrease Java heap size (-Xmx/-Xms)
#   Decrease number of Java threads
#   Decrease Java thread stack sizes (-Xss)
#   Set larger code cache with -XX:ReservedCodeCacheSize=
#   JVM is running with Zero Based Compressed Oops mode in which the Java heap is
#     placed in the first 32GB address space. The Java Heap base address is the
#     maximum limit for the native heap growth. Please use -XX:HeapBaseMinAddress
#     to set the Java Heap base and to place the Java Heap above 32GB virtual address.
# This output file may be truncated or incomplete.
#
#  Out of Memory Error (./open/src/hotspot/os/windows/os_windows.cpp:3321), pid=13864, tid=11184
#
# JRE version:  (15.0.2+7) (build )
# Java VM: OpenJDK 64-Bit Server VM (15.0.2+7-27, mixed mode, sharing, tiered, compressed oops, g1 gc, windows-amd64)
# No core dump will be written. Minidumps are not enabled by default on client versions of Windows
#

---------------  S U M M A R Y ------------

Command Line: -XX:+ShowCodeDetailsInExceptionMessages -agentlib:jdwp=transport=dt_socket,suspend=y,address=localhost:61831 -Djava.library.path=C:\share\workspace\JNIStuff2015\bin -javaagent:C:\Users\kstephe2\eclipse\java-2021-03\eclipse\configuration\org.eclipse.osgi\608\0\.cp\lib\javaagent-shaded.jar -Dfile.encoding=Cp1252 allMains.CP_after_Splash

Host: Intel(R) Core(TM) i7-8665U CPU @ 1.90GHz, 8 cores, 15G,  Windows 10 , 64 bit Build 19041 (10.0.19041.1466)
Time: Wed Jan 26 08:53:45 2022 Eastern Standard Time elapsed time: 0.035832 seconds (0d 0h 0m 0s)

---------------  T H R E A D  ---------------

Current thread (0x0000017989f33a90):  JavaThread "Unknown thread" [_thread_in_vm, id=11184, stack(0x000000537cb00000,0x000000537cc00000)]

Stack: [0x000000537cb00000,0x000000537cc00000]
Native frames: (J=compiled Java code, j=interpreted, Vv=VM code, C=native code)
V  [jvm.dll+0x62ae9a]
V  [jvm.dll+0x7817a9]
V  [jvm.dll+0x782f03]
V  [jvm.dll+0x783563]
V  [jvm.dll+0x216325]
V  [jvm.dll+0x6281d9]
V  [jvm.dll+0x61cf55]
V  [jvm.dll+0x2cffdd]
V  [jvm.dll+0x2cfe42]
V  [jvm.dll+0x2d5e1c]
V  [jvm.dll+0x32590a]
V  [jvm.dll+0x324fd4]
V  [jvm.dll+0x2a6f5a]
V  [jvm.dll+0x2a80f8]
V  [jvm.dll+0x75e241]
V  [jvm.dll+0x3341c4]
V  [jvm.dll+0x73e926]
V  [jvm.dll+0x3b7557]
V  [jvm.dll+0x3b8fe1]
C  [jli.dll+0x52fb]
C  [ucrtbase.dll+0x21bb2]
C  [KERNEL32.DLL+0x17034]
C  [ntdll.dll+0x52651]


---------------  P R O C E S S  ---------------

Threads class SMR info:
_java_thread_list=0x00007ffd9f484ff0, length=0, elements={
}

Java Threads: ( => current thread )

Other Threads:
  0x0000017989f84360 GCTaskThread "GC Thread#0" [stack: 0x000000537cc00000,0x000000537cd00000] [id=12984]
  0x0000017989f96060 ConcurrentGCThread "G1 Main Marker" [stack: 0x000000537cd00000,0x000000537ce00000] [id=1488]
  0x0000017989f973a0 ConcurrentGCThread "G1 Conc#0" [stack: 0x000000537ce00000,0x000000537cf00000] [id=11640]

[error occurred during error reporting (printing all threads), id 0xc0000005, EXCEPTION_ACCESS_VIOLATION (0xc0000005) at pc=0x00007ffd9ec77e27]

VM state: not at safepoint (not fully initialized)

VM Mutex/Monitor currently owned by a thread:  ([mutex/lock_event])
[0x0000017989f30eb0] Heap_lock - owner thread: 0x0000017989f33a90

Heap address: 0x0000000703600000, size: 4042 MB, Compressed Oops mode: Zero based, Oop shift amount: 3
CDS archive(s) mapped at: [0x0000000000000000-0x0000000000000000-0x0000000000000000), size 0, SharedBaseAddress: 0x0000000800000000, ArchiveRelocationMode: 0.
Narrow klass base: 0x0000000000000000, Narrow klass shift: 0, Narrow klass range: 0x0

Heap:
 garbage-first heap   total 260096K, used 0K [0x0000000703600000, 0x0000000800000000)
  region size 2048K, 0 young (0K), 0 survivors (0K)
 Metaspace       used 0K, capacity 0K, committed 0K, reserved 0K
  class space    used 0K, capacity 0K, committed 0K, reserved 0K

Heap Regions: E=young(eden), S=young(survivor), O=old, HS=humongous(starts), HC=humongous(continues), CS=collection set, F=free, OA=open archive, CA=closed archive, TAMS=top-at-mark-start (previous, next)

Card table byte_map: [0x000001799d460000,0x000001799dc50000] _byte_map_base: 0x0000017999c45000

Marking Bits (Prev, Next): (CMBitMap*) 0x0000017989f85a70, (CMBitMap*) 0x0000017989f85ab0
 Prev Bits: [0x000001799e440000, 0x00000179a2368000)
 Next Bits: [0x00000179a2370000, 0x00000179a6298000)

GC Heap History (0 events):
No events

Deoptimization events (0 events):
No events

Classes unloaded (0 events):
No events

Classes redefined (0 events):
No events

Internal exceptions (0 events):
No events

Events (1 events):
Event: 0.027 Loaded shared library C:\Users\kstephe2\.p2\pool\plugins\org.eclipse.justj.openjdk.hotspot.jre.full.win32.x86_64_15.0.2.v20210201-0955\jre\bin\java.dll


Dynamic libraries:
0x00007ff702e50000 - 0x00007ff702e5d000 	C:\Users\kstephe2\.p2\pool\plugins\org.eclipse.justj.openjdk.hotspot.jre.full.win32.x86_64_15.0.2.v20210201-0955\jre\bin\javaw.exe
0x00007ffe0e310000 - 0x00007ffe0e505000 	C:\Windows\SYSTEM32\ntdll.dll
0x00007ffe0deb0000 - 0x00007ffe0df6e000 	C:\Windows\System32\KERNEL32.DLL
0x00007ffe0be00000 - 0x00007ffe0c0c8000 	C:\Windows\System32\KERNELBASE.dll
0x00007ffe0bd00000 - 0x00007ffe0be00000 	C:\Windows\System32\ucrtbase.dll
0x00007ffdfffc0000 - 0x00007ffdfffd8000 	C:\Users\kstephe2\.p2\pool\plugins\org.eclipse.justj.openjdk.hotspot.jre.full.win32.x86_64_15.0.2.v20210201-0955\jre\bin\jli.dll
0x00007ffe0c9e0000 - 0x00007ffe0cb81000 	C:\Windows\System32\USER32.dll
0x00007ffe0ba20000 - 0x00007ffe0ba42000 	C:\Windows\System32\win32u.dll
0x00007ffe0de20000 - 0x00007ffe0de4b000 	C:\Windows\System32\GDI32.dll
0x00007ffe0ba50000 - 0x00007ffe0bb5d000 	C:\Windows\System32\gdi32full.dll
0x00007ffe0c0d0000 - 0x00007ffe0c16d000 	C:\Windows\System32\msvcp_win.dll
0x00007ffdf3de0000 - 0x00007ffdf3df9000 	C:\Users\kstephe2\.p2\pool\plugins\org.eclipse.justj.openjdk.hotspot.jre.full.win32.x86_64_15.0.2.v20210201-0955\jre\bin\VCRUNTIME140.dll
0x00007ffdef5e0000 - 0x00007ffdef87a000 	C:\Windows\WinSxS\amd64_microsoft.windows.common-controls_6595b64144ccf1df_6.0.19041.1110_none_60b5254171f9507e\COMCTL32.dll
0x00007ffe0dcb0000 - 0x00007ffe0dd4e000 	C:\Windows\System32\msvcrt.dll
0x00007ffe0d140000 - 0x00007ffe0d170000 	C:\Windows\System32\IMM32.DLL
0x00007ffe0db80000 - 0x00007ffe0dca5000 	C:\Windows\System32\RPCRT4.dll
0x00007ffe0b910000 - 0x00007ffe0b941000 	C:\Windows\SYSTEM32\SspiCli.dll
0x00007ffe04b30000 - 0x00007ffe04b3c000 	C:\Users\kstephe2\.p2\pool\plugins\org.eclipse.justj.openjdk.hotspot.jre.full.win32.x86_64_15.0.2.v20210201-0955\jre\bin\vcruntime140_1.dll
0x00007ffddf020000 - 0x00007ffddf0b1000 	C:\Users\kstephe2\.p2\pool\plugins\org.eclipse.justj.openjdk.hotspot.jre.full.win32.x86_64_15.0.2.v20210201-0955\jre\bin\msvcp140.dll
0x00007ffd9e9c0000 - 0x00007ffd9f51e000 	C:\Users\kstephe2\.p2\pool\plugins\org.eclipse.justj.openjdk.hotspot.jre.full.win32.x86_64_15.0.2.v20210201-0955\jre\bin\server\jvm.dll
0x00007ffe0c580000 - 0x00007ffe0c62e000 	C:\Windows\System32\ADVAPI32.dll
0x00007ffe0d030000 - 0x00007ffe0d0cc000 	C:\Windows\System32\sechost.dll
0x00007ffe0de00000 - 0x00007ffe0de08000 	C:\Windows\System32\PSAPI.DLL
0x00007ffe04b40000 - 0x00007ffe04b49000 	C:\Windows\SYSTEM32\WSOCK32.dll
0x00007ffe0d0d0000 - 0x00007ffe0d13b000 	C:\Windows\System32\WS2_32.dll
0x00007ffdf5650000 - 0x00007ffdf5677000 	C:\Windows\SYSTEM32\WINMM.dll
0x00007ffe039f0000 - 0x00007ffe039fa000 	C:\Windows\SYSTEM32\VERSION.dll
0x00007ffe09870000 - 0x00007ffe09882000 	C:\Windows\SYSTEM32\kernel.appcore.dll
0x00007ffe00030000 - 0x00007ffe0003a000 	C:\Users\kstephe2\.p2\pool\plugins\org.eclipse.justj.openjdk.hotspot.jre.full.win32.x86_64_15.0.2.v20210201-0955\jre\bin\jimage.dll
0x00007ffe09630000 - 0x00007ffe09814000 	C:\Windows\SYSTEM32\DBGHELP.DLL
0x00007ffdf5480000 - 0x00007ffdf54ac000 	C:\Windows\SYSTEM32\dbgcore.DLL
0x00007ffe0bb60000 - 0x00007ffe0bbe2000 	C:\Windows\System32\bcryptPrimitives.dll
0x00007ffde3970000 - 0x00007ffde39a9000 	C:\Users\kstephe2\.p2\pool\plugins\org.eclipse.justj.openjdk.hotspot.jre.full.win32.x86_64_15.0.2.v20210201-0955\jre\bin\jdwp.dll
0x00007ffdf3d80000 - 0x00007ffdf3d8e000 	C:\Users\kstephe2\.p2\pool\plugins\org.eclipse.justj.openjdk.hotspot.jre.full.win32.x86_64_15.0.2.v20210201-0955\jre\bin\instrument.dll
0x00007ffdfff70000 - 0x00007ffdfff95000 	C:\Users\kstephe2\.p2\pool\plugins\org.eclipse.justj.openjdk.hotspot.jre.full.win32.x86_64_15.0.2.v20210201-0955\jre\bin\java.dll

dbghelp: loaded successfully - version: 4.0.5 - missing functions: none
symbol engine: initialized successfully - sym options: 0x614 - pdb path: .;C:\Users\kstephe2\.p2\pool\plugins\org.eclipse.justj.openjdk.hotspot.jre.full.win32.x86_64_15.0.2.v20210201-0955\jre\bin;C:\Windows\SYSTEM32;C:\Windows\WinSxS\amd64_microsoft.windows.common-controls_6595b64144ccf1df_6.0.19041.1110_none_60b5254171f9507e;C:\Users\kstephe2\.p2\pool\plugins\org.eclipse.justj.openjdk.hotspot.jre.full.win32.x86_64_15.0.2.v20210201-0955\jre\bin\server

VM Arguments:
jvm_args: -XX:+ShowCodeDetailsInExceptionMessages -agentlib:jdwp=transport=dt_socket,suspend=y,address=localhost:61831 -Djava.library.path=C:\share\workspace\JNIStuff2015\bin -javaagent:C:\Users\kstephe2\eclipse\java-2021-03\eclipse\configuration\org.eclipse.osgi\608\0\.cp\lib\javaagent-shaded.jar -Dfile.encoding=Cp1252 
java_command: allMains.CP_after_Splash
java_class_path (initial): C:\Users\kstephe2\Documents\GitHub\CirclePack\bin;C:\Users\kstephe2\Documents\GitHub\CirclePack\jars\commons-codec-1.5.jar;C:\Users\kstephe2\Documents\GitHub\CirclePack\jars\Complex.jar;C:\Users\kstephe2\Documents\GitHub\CirclePack\jars\Convert2.0.jar;C:\Users\kstephe2\Documents\GitHub\CirclePack\jars\DJEP2.4.0Minimal.jar;C:\Users\kstephe2\Documents\GitHub\CirclePack\jars\FunctionChoiceBox.jar;C:\Users\kstephe2\Documents\GitHub\CirclePack\jars\FunctionField.jar;C:\Users\kstephe2\Documents\GitHub\CirclePack\jars\FunctionParser.jar;C:\Users\kstephe2\Documents\GitHub\CirclePack\jars\javabuilder.jar;C:\Users\kstephe2\Documents\GitHub\CirclePack\jars\jbcl.jar;C:\Users\kstephe2\Documents\GitHub\CirclePack\jars\PackCircle.jar;C:\Users\kstephe2\Documents\GitHub\CirclePack\jars\xercesImpl.jar
Launcher Type: SUN_STANDARD

[Global flags]
     intx CICompilerCount                          = 4                                         {product} {ergonomic}
     uint ConcGCThreads                            = 2                                         {product} {ergonomic}
     uint G1ConcRefinementThreads                  = 8                                         {product} {ergonomic}
   size_t G1HeapRegionSize                         = 2097152                                   {product} {ergonomic}
    uintx GCDrainStackTargetSize                   = 64                                        {product} {ergonomic}
   size_t InitialHeapSize                          = 266338304                                 {product} {ergonomic}
   size_t MarkStackSize                            = 4194304                                   {product} {ergonomic}
   size_t MaxHeapSize                              = 4238344192                                {product} {ergonomic}
   size_t MinHeapDeltaBytes                        = 2097152                                   {product} {ergonomic}
   size_t MinHeapSize                              = 8388608                                   {product} {ergonomic}
    uintx NonNMethodCodeHeapSize                   = 5839372                                {pd product} {ergonomic}
    uintx NonProfiledCodeHeapSize                  = 122909434                              {pd product} {ergonomic}
    uintx ProfiledCodeHeapSize                     = 122909434                              {pd product} {ergonomic}
    uintx ReservedCodeCacheSize                    = 251658240                              {pd product} {ergonomic}
     bool SegmentedCodeCache                       = true                                      {product} {ergonomic}
     bool ShowCodeDetailsInExceptionMessages       = true                                   {manageable} {command line}
   size_t SoftMaxHeapSize                          = 4238344192                             {manageable} {ergonomic}
     bool UseCompressedClassPointers               = true                                 {lp64_product} {ergonomic}
     bool UseCompressedOops                        = true                                 {lp64_product} {ergonomic}
     bool UseG1GC                                  = true                                      {product} {ergonomic}
     bool UseLargePagesIndividualAllocation        = false                                  {pd product} {ergonomic}

Logging:
Log output configuration:
 #0: stdout all=warning uptime,level,tags
 #1: stderr all=off uptime,level,tags

Environment Variables:
PATH=C:\Users\kstephe2\.p2\pool\plugins\org.eclipse.justj.openjdk.hotspot.jre.full.win32.x86_64_15.0.2.v20210201-0955\jre\bin;C:/Users/kstephe2/.p2/pool/plugins/org.eclipse.justj.openjdk.hotspot.jre.full.win32.x86_64_15.0.2.v20210201-0955/jre/bin/server;C:/Users/kstephe2/.p2/pool/plugins/org.eclipse.justj.openjdk.hotspot.jre.full.win32.x86_64_15.0.2.v20210201-0955/jre/bin;C:\Program Files (x86)\Common Files\Oracle\Java\javapath;C:\Windows\system32;C:\Windows;C:\Windows\System32\Wbem;C:\Windows\System32\WindowsPowerShell\v1.0\;C:\Windows\System32\OpenSSH\;C:\Program Files\MiKTeX 2.9\miktex\bin\x64\;C:\Program Files\PuTTY\;C:\Program Files\MATLAB\R2021a\bin;C:\Users\kstephe2\AppData\Local\Microsoft\WindowsApps;C:\Users\kstephe2\AppData\Local\GitHubDesktop\bin;C:\Windows\system32;
USERNAME=kstephe2
OS=Windows_NT
PROCESSOR_IDENTIFIER=Intel64 Family 6 Model 142 Stepping 12, GenuineIntel



---------------  S Y S T E M  ---------------

OS:
 Windows 10 , 64 bit Build 19041 (10.0.19041.1466)
OS uptime: 2 days 13:48 hours

CPU: total 8 (initial active 8) (4 cores per cpu, 2 threads per core) family 6 model 142 stepping 12 microcode 0xec, cmov, cx8, fxsr, mmx, sse, sse2, sse3, ssse3, sse4.1, sse4.2, popcnt, vzeroupper, avx, avx2, aes, clmul, erms, 3dnowpref, lzcnt, ht, tsc, tscinvbit, bmi1, bmi2, adx, fma, clflush, clflushopt

Memory: 4k page, system-wide physical 16162M (6009M free)
TotalPageFile size 65314M (AvailPageFile size 166M)
current process WorkingSet (physical memory assigned to process): 10M, peak: 10M
current process commit charge ("private bytes"): 60M, peak: 314M

vm_info: OpenJDK 64-Bit Server VM (15.0.2+7-27) for windows-amd64 JRE (15.0.2+7-27), built on Dec  7 2020 20:02:38 by "mach5one" with unknown MS VC++:1925

END.
