#
# A fatal error has been detected by the Java Runtime Environment:
#
#  Internal Error (./open/src/hotspot/share/interpreter/oopMapCache.cpp:111), pid=14084, tid=17248
#  Error: ShouldNotReachHere()
#
# JRE version: OpenJDK Runtime Environment (15.0.2+7) (build 15.0.2+7-27)
# Java VM: OpenJDK 64-Bit Server VM (15.0.2+7-27, mixed mode, tiered, compressed oops, g1 gc, windows-amd64)
# No core dump will be written. Minidumps are not enabled by default on client versions of Windows
#
# If you would like to submit a bug report, please visit:
#   https://bugreport.java.com/bugreport/crash.jsp
#

---------------  S U M M A R Y ------------

Command Line: -XX:+ShowCodeDetailsInExceptionMessages -agentlib:jdwp=transport=dt_socket,suspend=y,address=localhost:52736 -Djava.library.path=C:\share\workspace\JNIStuff2015\bin -javaagent:C:\Users\kstephe2\eclipse\java-2021-03\eclipse\configuration\org.eclipse.osgi\222\0\.cp\lib\javaagent-shaded.jar -Dfile.encoding=Cp1252 allMains.CP_after_Splash

Host: Intel(R) Core(TM) i7-8665U CPU @ 1.90GHz, 8 cores, 15G,  Windows 10 , 64 bit Build 19041 (10.0.19041.1348)
Time: Sat Dec 18 10:23:15 2021 Eastern Standard Time elapsed time: 6204.489594 seconds (0d 1h 43m 24s)

---------------  T H R E A D  ---------------

Current thread (0x00000181d577db00):  JavaThread "JDWP Transport Listener: dt_socket" daemon [_thread_in_vm, id=17248, stack(0x0000003658400000,0x0000003658500000)] _threads_hazard_ptr=0x00000181d7a1a010

Stack: [0x0000003658400000,0x0000003658500000]
Native frames: (J=compiled Java code, j=interpreted, Vv=VM code, C=native code)
V  [jvm.dll+0x62ae9a]
V  [jvm.dll+0x7817a9]
V  [jvm.dll+0x782f03]
V  [jvm.dll+0x783517]
V  [jvm.dll+0x21628c]
V  [jvm.dll+0x2161d3]
V  [jvm.dll+0x619eea]
V  [jvm.dll+0x619ba3]
V  [jvm.dll+0x5df278]
V  [jvm.dll+0x77876f]
V  [jvm.dll+0x4f02e1]
V  [jvm.dll+0x7882b5]
V  [jvm.dll+0x4d40ea]
V  [jvm.dll+0x49526b]
C  [jdwp.dll+0x796b]


---------------  P R O C E S S  ---------------

Threads class SMR info:
_java_thread_list=0x00000181d7a1a010, length=28, elements={
0x00000181d545d020, 0x00000181d545d4f0, 0x00000181d5448230, 0x00000181d5448700,
0x00000181d5448bd0, 0x00000181d5483b20, 0x00000181d5487050, 0x00000181d5497560,
0x00000181d55a6250, 0x00000181d577db00, 0x00000181d59109d0, 0x00000181d5729a60,
0x00000181d59dcb70, 0x00000181d5ba5830, 0x00000181d5ba6920, 0x00000181d7ef7040,
0x00000181d7ba7230, 0x00000181d5a099b0, 0x00000181d5a0a820, 0x00000181d5a0bb60,
0x00000181d5a0acf0, 0x00000181d5a0b1c0, 0x00000181d7f9d360, 0x00000181d7f9feb0,
0x00000181d7f9e6a0, 0x00000181d7fa1b90, 0x00000181d7fa2530, 0x00000181d7fa11f0
}

Java Threads: ( => current thread )
  0x00000181d545d020 JavaThread "Reference Handler" daemon [_thread_blocked, id=16784, stack(0x0000003657b00000,0x0000003657c00000)]
  0x00000181d545d4f0 JavaThread "Finalizer" daemon [_thread_blocked, id=11156, stack(0x0000003657c00000,0x0000003657d00000)]
  0x00000181d5448230 JavaThread "Signal Dispatcher" daemon [_thread_blocked, id=11184, stack(0x0000003657d00000,0x0000003657e00000)]
  0x00000181d5448700 JavaThread "Attach Listener" daemon [_thread_blocked, id=18988, stack(0x0000003657e00000,0x0000003657f00000)]
  0x00000181d5448bd0 JavaThread "Service Thread" daemon [_thread_blocked, id=18884, stack(0x0000003657f00000,0x0000003658000000)]
  0x00000181d5483b20 JavaThread "C2 CompilerThread0" daemon [_thread_blocked, id=16488, stack(0x0000003658000000,0x0000003658100000)]
  0x00000181d5487050 JavaThread "C1 CompilerThread0" daemon [_thread_blocked, id=10320, stack(0x0000003658100000,0x0000003658200000)]
  0x00000181d5497560 JavaThread "Sweeper thread" daemon [_thread_blocked, id=18088, stack(0x0000003658200000,0x0000003658300000)]
  0x00000181d55a6250 JavaThread "Common-Cleaner" daemon [_thread_blocked, id=6684, stack(0x0000003658300000,0x0000003658400000)]
=>0x00000181d577db00 JavaThread "JDWP Transport Listener: dt_socket" daemon [_thread_in_vm, id=17248, stack(0x0000003658400000,0x0000003658500000)] _threads_hazard_ptr=0x00000181d7a1a010
  0x00000181d59109d0 JavaThread "JDWP Event Helper Thread" daemon [_thread_blocked, id=6916, stack(0x0000003658500000,0x0000003658600000)]
  0x00000181d5729a60 JavaThread "JDWP Command Reader" daemon [_thread_in_native, id=3836, stack(0x0000003658600000,0x0000003658700000)]
  0x00000181d59dcb70 JavaThread "Notification Thread" daemon [_thread_blocked, id=18620, stack(0x0000003658800000,0x0000003658900000)]
  0x00000181d5ba5830 JavaThread "Java2D Disposer" daemon [_thread_blocked, id=6296, stack(0x0000003658a00000,0x0000003658b00000)]
  0x00000181d5ba6920 JavaThread "AWT-Windows" daemon [_thread_in_native, id=4728, stack(0x0000003658c00000,0x0000003658d00000)]
  0x00000181d7ef7040 JavaThread "AWT-Shutdown" [_thread_blocked, id=18368, stack(0x0000003658700000,0x0000003658800000)]
  0x00000181d7ba7230 JavaThread "AWT-EventQueue-0" [_thread_blocked, id=14012, stack(0x0000003658b00000,0x0000003658c00000)]
  0x00000181d5a099b0 JavaThread "TimerQueue" daemon [_thread_blocked, id=19448, stack(0x0000003659700000,0x0000003659800000)]
  0x00000181d5a0a820 JavaThread "SwingWorker-pool-1-thread-1" daemon [_thread_blocked, id=5772, stack(0x0000003659800000,0x0000003659900000)]
  0x00000181d5a0bb60 JavaThread "SwingWorker-pool-1-thread-2" daemon [_thread_blocked, id=1252, stack(0x0000003659900000,0x0000003659a00000)]
  0x00000181d5a0acf0 JavaThread "SwingWorker-pool-1-thread-3" daemon [_thread_blocked, id=18492, stack(0x0000003659a00000,0x0000003659b00000)]
  0x00000181d5a0b1c0 JavaThread "SwingWorker-pool-1-thread-4" daemon [_thread_blocked, id=18524, stack(0x0000003659b00000,0x0000003659c00000)]
  0x00000181d7f9d360 JavaThread "SwingWorker-pool-1-thread-5" daemon [_thread_blocked, id=9856, stack(0x0000003659c00000,0x0000003659d00000)]
  0x00000181d7f9feb0 JavaThread "SwingWorker-pool-1-thread-6" daemon [_thread_blocked, id=6588, stack(0x0000003659f00000,0x000000365a000000)]
  0x00000181d7f9e6a0 JavaThread "DestroyJavaVM" [_thread_blocked, id=3488, stack(0x0000003657400000,0x0000003657500000)]
  0x00000181d7fa1b90 JavaThread "Thread-2" daemon [_thread_in_native, id=17792, stack(0x000000365a000000,0x000000365a100000)]
  0x00000181d7fa2530 JavaThread "Swing-Shell" daemon [_thread_blocked, id=12276, stack(0x0000003659d00000,0x0000003659e00000)]
  0x00000181d7fa11f0 JavaThread "Thread-36" [_thread_blocked, id=8748, stack(0x0000003658d00000,0x0000003658e00000)]

Other Threads:
  0x00000181d54237e0 VMThread "VM Thread" [stack: 0x0000003657a00000,0x0000003657b00000] [id=2600]
  0x00000181d596cf90 WatcherThread [stack: 0x0000003658900000,0x0000003658a00000] [id=6336]
  0x00000181b5e34360 GCTaskThread "GC Thread#0" [stack: 0x0000003657500000,0x0000003657600000] [id=15064]
  0x00000181d56b6b30 GCTaskThread "GC Thread#1" [stack: 0x0000003658f00000,0x0000003659000000] [id=19272]
  0x00000181d56b7b20 GCTaskThread "GC Thread#2" [stack: 0x0000003659000000,0x0000003659100000] [id=5936]
  0x00000181d56b61a0 GCTaskThread "GC Thread#3" [stack: 0x0000003659100000,0x0000003659200000] [id=17788]
  0x00000181d56b7e50 GCTaskThread "GC Thread#4" [stack: 0x0000003659200000,0x0000003659300000] [id=9204]
  0x00000181d56b84b0 GCTaskThread "GC Thread#5" [stack: 0x0000003659300000,0x0000003659400000] [id=8844]
  0x00000181d9c68210 GCTaskThread "GC Thread#6" [stack: 0x0000003659e00000,0x0000003659f00000] [id=7336]
  0x00000181d9c68540 GCTaskThread "GC Thread#7" [stack: 0x000000365a100000,0x000000365a200000] [id=10748]
  0x00000181b5e46060 ConcurrentGCThread "G1 Main Marker" [stack: 0x0000003657600000,0x0000003657700000] [id=16444]
  0x00000181b5e473a0 ConcurrentGCThread "G1 Conc#0" [stack: 0x0000003657700000,0x0000003657800000] [id=14884]
  0x00000181d56b6e60 ConcurrentGCThread "G1 Conc#1" [stack: 0x0000003658e00000,0x0000003658f00000] [id=12544]
  0x00000181d4a544e0 ConcurrentGCThread "G1 Refine#0" [stack: 0x0000003657800000,0x0000003657900000] [id=2876]
  0x00000181d4a54b00 ConcurrentGCThread "G1 Young RemSet Sampling" [stack: 0x0000003657900000,0x0000003657a00000] [id=8904]

Threads with active compile tasks:

VM state: not at safepoint (normal execution)

VM Mutex/Monitor currently owned by a thread: None

Heap address: 0x0000000703600000, size: 4042 MB, Compressed Oops mode: Zero based, Oop shift amount: 3
CDS disabled.
Compressed class space mapped at: 0x0000000800000000-0x0000000840000000, size: 1073741824
Narrow klass base: 0x0000000800000000, Narrow klass shift: 0, Narrow klass range: 0x40000000

GC Precious Log:
 CPUs: 8 total, 8 available
 Memory: 16162M
 Large Page Support: Disabled
 NUMA Support: Disabled
 Compressed Oops: Enabled (Zero based)
 Heap Region Size: 2M
 Heap Min Capacity: 8M
 Heap Initial Capacity: 254M
 Heap Max Capacity: 4042M
 Pre-touch: Disabled
 Parallel Workers: 8
 Concurrent Workers: 2
 Concurrent Refinement Workers: 8
 Periodic GC: Disabled

Heap:
 garbage-first heap   total 69632K, used 51411K [0x0000000703600000, 0x0000000800000000)
  region size 2048K, 11 young (22528K), 1 survivors (2048K)
 Metaspace       used 35186K, capacity 35397K, committed 35708K, reserved 1081344K
  class space    used 3553K, capacity 3623K, committed 3788K, reserved 1048576K

Heap Regions: E=young(eden), S=young(survivor), O=old, HS=humongous(starts), HC=humongous(continues), CS=collection set, F=free, OA=open archive, CA=closed archive, TAMS=top-at-mark-start (previous, next)
|   0|0x0000000703600000, 0x0000000703800000, 0x0000000703800000|100%| O|  |TAMS 0x0000000703800000, 0x0000000703600000| Untracked 
|   1|0x0000000703800000, 0x00000007038c0e00, 0x0000000703a00000| 37%| O|  |TAMS 0x00000007038c0e00, 0x0000000703800000| Untracked 
|   2|0x0000000703a00000, 0x0000000703a00000, 0x0000000703c00000|  0%| F|  |TAMS 0x0000000703a00000, 0x0000000703a00000| Untracked 
|   3|0x0000000703c00000, 0x0000000703e00000, 0x0000000703e00000|100%| O|  |TAMS 0x0000000703e00000, 0x0000000703c00000| Untracked 
|   4|0x0000000703e00000, 0x0000000704000000, 0x0000000704000000|100%| O|  |TAMS 0x0000000704000000, 0x0000000703e00000| Untracked 
|   5|0x0000000704000000, 0x0000000704000000, 0x0000000704200000|  0%| F|  |TAMS 0x0000000704000000, 0x0000000704000000| Untracked 
|   6|0x0000000704200000, 0x0000000704400000, 0x0000000704400000|100%| O|  |TAMS 0x0000000704400000, 0x0000000704200000| Untracked 
|   7|0x0000000704400000, 0x0000000704600000, 0x0000000704600000|100%| O|  |TAMS 0x0000000704600000, 0x0000000704400000| Untracked 
|   8|0x0000000704600000, 0x0000000704800000, 0x0000000704800000|100%| O|  |TAMS 0x0000000704800000, 0x0000000704600000| Untracked 
|   9|0x0000000704800000, 0x0000000704a00000, 0x0000000704a00000|100%|HS|  |TAMS 0x0000000704a00000, 0x0000000704800000| Complete 
|  10|0x0000000704a00000, 0x0000000704c00000, 0x0000000704c00000|100%|HC|  |TAMS 0x0000000704c00000, 0x0000000704a00000| Complete 
|  11|0x0000000704c00000, 0x0000000704c00000, 0x0000000704e00000|  0%| F|  |TAMS 0x0000000704c00000, 0x0000000704c00000| Untracked 
|  12|0x0000000704e00000, 0x0000000705000000, 0x0000000705000000|100%| O|  |TAMS 0x0000000705000000, 0x0000000704e00000| Untracked 
|  13|0x0000000705000000, 0x0000000705200000, 0x0000000705200000|100%| O|  |TAMS 0x0000000705200000, 0x0000000705000000| Untracked 
|  14|0x0000000705200000, 0x0000000705400000, 0x0000000705400000|100%| O|  |TAMS 0x0000000705400000, 0x0000000705200000| Untracked 
|  15|0x0000000705400000, 0x0000000705600000, 0x0000000705600000|100%|HS|  |TAMS 0x0000000705600000, 0x0000000705400000| Complete 
|  16|0x0000000705600000, 0x0000000705800000, 0x0000000705800000|100%| O|  |TAMS 0x0000000705800000, 0x0000000705600000| Untracked 
|  17|0x0000000705800000, 0x0000000705800000, 0x0000000705a00000|  0%| F|  |TAMS 0x0000000705800000, 0x0000000705800000| Untracked 
|  18|0x0000000705a00000, 0x0000000705c00000, 0x0000000705c00000|100%|HS|  |TAMS 0x0000000705c00000, 0x0000000705a00000| Complete 
|  19|0x0000000705c00000, 0x0000000705c00000, 0x0000000705e00000|  0%| F|  |TAMS 0x0000000705c00000, 0x0000000705c00000| Untracked 
|  20|0x0000000705e00000, 0x0000000705f74130, 0x0000000706000000| 72%| S|CS|TAMS 0x0000000705e00000, 0x0000000705e00000| Complete 
|  21|0x0000000706000000, 0x0000000706200000, 0x0000000706200000|100%|HS|  |TAMS 0x0000000706200000, 0x0000000706000000| Complete 
|  22|0x0000000706200000, 0x0000000706200000, 0x0000000706400000|  0%| F|  |TAMS 0x0000000706200000, 0x0000000706200000| Untracked 
|  23|0x0000000706400000, 0x0000000706400000, 0x0000000706600000|  0%| F|  |TAMS 0x0000000706400000, 0x0000000706400000| Untracked 
|  24|0x0000000706600000, 0x00000007066e6570, 0x0000000706800000| 44%| E|  |TAMS 0x0000000706600000, 0x0000000706600000| Complete 
|  25|0x0000000706800000, 0x0000000706a00000, 0x0000000706a00000|100%| E|CS|TAMS 0x0000000706800000, 0x0000000706800000| Complete 
|  26|0x0000000706a00000, 0x0000000706c00000, 0x0000000706c00000|100%| E|CS|TAMS 0x0000000706a00000, 0x0000000706a00000| Complete 
|  27|0x0000000706c00000, 0x0000000706e00000, 0x0000000706e00000|100%| E|CS|TAMS 0x0000000706c00000, 0x0000000706c00000| Complete 
|  28|0x0000000706e00000, 0x0000000707000000, 0x0000000707000000|100%| E|CS|TAMS 0x0000000706e00000, 0x0000000706e00000| Complete 
|  29|0x0000000707000000, 0x0000000707200000, 0x0000000707200000|100%| E|CS|TAMS 0x0000000707000000, 0x0000000707000000| Complete 
|  30|0x0000000707200000, 0x0000000707400000, 0x0000000707400000|100%| E|CS|TAMS 0x0000000707200000, 0x0000000707200000| Complete 
|  31|0x0000000707400000, 0x0000000707600000, 0x0000000707600000|100%| E|CS|TAMS 0x0000000707400000, 0x0000000707400000| Complete 
| 118|0x0000000712200000, 0x0000000712400000, 0x0000000712400000|100%| E|CS|TAMS 0x0000000712200000, 0x0000000712200000| Complete 
| 126|0x0000000713200000, 0x0000000713400000, 0x0000000713400000|100%| E|CS|TAMS 0x0000000713200000, 0x0000000713200000| Complete 

Card table byte_map: [0x00000181c9310000,0x00000181c9b00000] _byte_map_base: 0x00000181c5af5000

Marking Bits (Prev, Next): (CMBitMap*) 0x00000181b5e35a70, (CMBitMap*) 0x00000181b5e35ab0
 Prev Bits: [0x00000181ca2f0000, 0x00000181ce218000)
 Next Bits: [0x00000181ce220000, 0x00000181d2148000)

Polling page: 0x00000181b55b0000

Metaspace:

Usage:
  Non-class:     31.03 MB capacity,    30.89 MB (>99%) used,   105.88 KB ( <1%) free+waste,    35.12 KB ( <1%) overhead. 
      Class:      3.54 MB capacity,     3.47 MB ( 98%) used,    59.20 KB (  2%) free+waste,    10.12 KB ( <1%) overhead. 
       Both:     34.57 MB capacity,    34.36 MB (>99%) used,   165.09 KB ( <1%) free+waste,    45.25 KB ( <1%) overhead. 

Virtual space:
  Non-class space:       32.00 MB reserved,      31.17 MB ( 97%) committed 
      Class space:        1.00 GB reserved,       3.70 MB ( <1%) committed 
             Both:        1.03 GB reserved,      34.87 MB (  3%) committed 

Chunk freelists:
   Non-Class:  146.00 KB
       Class:  57.00 KB
        Both:  203.00 KB

MaxMetaspaceSize: 17179869184.00 GB
CompressedClassSpaceSize: 1.00 GB

CodeHeap 'non-profiled nmethods': size=120000Kb used=5976Kb max_used=5990Kb free=114023Kb
 bounds [0x00000181c12c0000, 0x00000181c18a0000, 0x00000181c87f0000]
CodeHeap 'profiled nmethods': size=120000Kb used=10951Kb max_used=12363Kb free=109048Kb
 bounds [0x00000181b9d90000, 0x00000181ba9b0000, 0x00000181c12c0000]
CodeHeap 'non-nmethods': size=5760Kb used=1499Kb max_used=1631Kb free=4260Kb
 bounds [0x00000181b97f0000, 0x00000181b9a60000, 0x00000181b9d90000]
 total_blobs=6534 nmethods=5797 adapters=645
 compilation: enabled
              stopped_count=0, restarted_count=0
 full_count=0

Compilation events (20 events):
Event: 6199.013 Thread 0x00000181d5487050 7207       3       javax.swing.text.View::updateChildren (98 bytes)
Event: 6199.013 Thread 0x00000181d5487050 nmethod 7207 0x00000181ba28ca10 code [0x00000181ba28cc00, 0x00000181ba28d3f8]
Event: 6199.051 Thread 0x00000181d5487050 7208       3       javax.swing.text.View::getMinimumSpan (18 bytes)
Event: 6199.051 Thread 0x00000181d5487050 nmethod 7208 0x00000181ba61e890 code [0x00000181ba61ea40, 0x00000181ba61ed38]
Event: 6199.060 Thread 0x00000181d5483b20 7209       4       javax.swing.plaf.basic.BasicTextUI$RootView::preferenceChanged (11 bytes)
Event: 6199.061 Thread 0x00000181d5483b20 nmethod 7209 0x00000181c1522a90 code [0x00000181c1522c20, 0x00000181c1522d48]
Event: 6199.062 Thread 0x00000181d5487050 7210       3       javax.swing.text.BoxView::isLayoutValid (18 bytes)
Event: 6199.063 Thread 0x00000181d5487050 nmethod 7210 0x00000181ba789710 code [0x00000181ba7898a0, 0x00000181ba7899f8]
Event: 6199.078 Thread 0x00000181d5483b20 7211  s    4       javax.swing.text.AbstractDocument::readUnlock (44 bytes)
Event: 6199.079 Thread 0x00000181d5483b20 nmethod 7211 0x00000181c1487690 code [0x00000181c1487820, 0x00000181c1487ac8]
Event: 6201.727 Thread 0x00000181d5487050 7212       3       sun.awt.im.InputContext::getComponentWindow (26 bytes)
Event: 6201.728 Thread 0x00000181d5487050 nmethod 7212 0x00000181ba76b990 code [0x00000181ba76bb60, 0x00000181ba76c008]
Event: 6201.821 Thread 0x00000181d5483b20 7213       4       sun.awt.image.BufImgSurfaceData::createDataIC (75 bytes)
Event: 6201.836 Thread 0x00000181d5483b20 nmethod 7213 0x00000181c1486690 code [0x00000181c1486840, 0x00000181c1487208]
Event: 6201.836 Thread 0x00000181d5483b20 7216       4       javax.swing.text.html.parser.Parser::parseAttributeValue (516 bytes)
Event: 6201.847 Thread 0x00000181d5483b20 nmethod 7216 0x00000181c1484f90 code [0x00000181c14851c0, 0x00000181c1485f50]
Event: 6201.847 Thread 0x00000181d5483b20 7214       4       dcel.Vertex::isBdry (43 bytes)
Event: 6201.862 Thread 0x00000181d5483b20 nmethod 7214 0x00000181c1483090 code [0x00000181c1483280, 0x00000181c1484618]
Event: 6201.862 Thread 0x00000181d5483b20 7215       4       javax.swing.text.GapContent::resetMarksAtZero (66 bytes)
Event: 6201.865 Thread 0x00000181d5483b20 nmethod 7215 0x00000181c1482a10 code [0x00000181c1482ba0, 0x00000181c1482ed8]

GC Heap History (20 events):
Event: 1673.322 GC heap before
{Heap before GC invocations=46 (full 0):
 garbage-first heap   total 69632K, used 56185K [0x0000000703600000, 0x0000000800000000)
  region size 2048K, 13 young (26624K), 1 survivors (2048K)
 Metaspace       used 35108K, capacity 35384K, committed 35708K, reserved 1081344K
  class space    used 3576K, capacity 3675K, committed 3788K, reserved 1048576K
}
Event: 1673.325 GC heap after
{Heap after GC invocations=47 (full 0):
 garbage-first heap   total 69632K, used 31609K [0x0000000703600000, 0x0000000800000000)
  region size 2048K, 1 young (2048K), 1 survivors (2048K)
 Metaspace       used 35108K, capacity 35384K, committed 35708K, reserved 1081344K
  class space    used 3576K, capacity 3675K, committed 3788K, reserved 1048576K
}
Event: 1707.408 GC heap before
{Heap before GC invocations=47 (full 0):
 garbage-first heap   total 69632K, used 56185K [0x0000000703600000, 0x0000000800000000)
  region size 2048K, 13 young (26624K), 1 survivors (2048K)
 Metaspace       used 35108K, capacity 35384K, committed 35708K, reserved 1081344K
  class space    used 3576K, capacity 3675K, committed 3788K, reserved 1048576K
}
Event: 1707.411 GC heap after
{Heap after GC invocations=48 (full 0):
 garbage-first heap   total 69632K, used 31618K [0x0000000703600000, 0x0000000800000000)
  region size 2048K, 1 young (2048K), 1 survivors (2048K)
 Metaspace       used 35108K, capacity 35384K, committed 35708K, reserved 1081344K
  class space    used 3576K, capacity 3675K, committed 3788K, reserved 1048576K
}
Event: 2071.042 GC heap before
{Heap before GC invocations=49 (full 0):
 garbage-first heap   total 69632K, used 56194K [0x0000000703600000, 0x0000000800000000)
  region size 2048K, 13 young (26624K), 1 survivors (2048K)
 Metaspace       used 35132K, capacity 35384K, committed 35708K, reserved 1081344K
  class space    used 3578K, capacity 3675K, committed 3788K, reserved 1048576K
}
Event: 2071.045 GC heap after
{Heap after GC invocations=50 (full 0):
 garbage-first heap   total 69632K, used 32512K [0x0000000703600000, 0x0000000800000000)
  region size 2048K, 1 young (2048K), 1 survivors (2048K)
 Metaspace       used 35132K, capacity 35384K, committed 35708K, reserved 1081344K
  class space    used 3578K, capacity 3675K, committed 3788K, reserved 1048576K
}
Event: 2101.689 GC heap before
{Heap before GC invocations=50 (full 0):
 garbage-first heap   total 69632K, used 57088K [0x0000000703600000, 0x0000000800000000)
  region size 2048K, 13 young (26624K), 1 survivors (2048K)
 Metaspace       used 35135K, capacity 35384K, committed 35708K, reserved 1081344K
  class space    used 3578K, capacity 3675K, committed 3788K, reserved 1048576K
}
Event: 2101.695 GC heap after
{Heap after GC invocations=51 (full 0):
 garbage-first heap   total 69632K, used 32770K [0x0000000703600000, 0x0000000800000000)
  region size 2048K, 1 young (2048K), 1 survivors (2048K)
 Metaspace       used 35135K, capacity 35384K, committed 35708K, reserved 1081344K
  class space    used 3578K, capacity 3675K, committed 3788K, reserved 1048576K
}
Event: 2136.140 GC heap before
{Heap before GC invocations=52 (full 0):
 garbage-first heap   total 69632K, used 57346K [0x0000000703600000, 0x0000000800000000)
  region size 2048K, 13 young (26624K), 1 survivors (2048K)
 Metaspace       used 35135K, capacity 35384K, committed 35708K, reserved 1081344K
  class space    used 3578K, capacity 3675K, committed 3788K, reserved 1048576K
}
Event: 2136.145 GC heap after
{Heap after GC invocations=53 (full 0):
 garbage-first heap   total 69632K, used 32779K [0x0000000703600000, 0x0000000800000000)
  region size 2048K, 1 young (2048K), 1 survivors (2048K)
 Metaspace       used 35135K, capacity 35384K, committed 35708K, reserved 1081344K
  class space    used 3578K, capacity 3675K, committed 3788K, reserved 1048576K
}
Event: 5654.055 GC heap before
{Heap before GC invocations=53 (full 0):
 garbage-first heap   total 69632K, used 57355K [0x0000000703600000, 0x0000000800000000)
  region size 2048K, 13 young (26624K), 1 survivors (2048K)
 Metaspace       used 35136K, capacity 35384K, committed 35708K, reserved 1081344K
  class space    used 3578K, capacity 3675K, committed 3788K, reserved 1048576K
}
Event: 5654.059 GC heap after
{Heap after GC invocations=54 (full 0):
 garbage-first heap   total 69632K, used 32702K [0x0000000703600000, 0x0000000800000000)
  region size 2048K, 1 young (2048K), 1 survivors (2048K)
 Metaspace       used 35136K, capacity 35384K, committed 35708K, reserved 1081344K
  class space    used 3578K, capacity 3675K, committed 3788K, reserved 1048576K
}
Event: 5666.221 GC heap before
{Heap before GC invocations=55 (full 0):
 garbage-first heap   total 69632K, used 55230K [0x0000000703600000, 0x0000000800000000)
  region size 2048K, 13 young (26624K), 1 survivors (2048K)
 Metaspace       used 35040K, capacity 35266K, committed 35708K, reserved 1081344K
  class space    used 3551K, capacity 3622K, committed 3788K, reserved 1048576K
}
Event: 5666.224 GC heap after
{Heap after GC invocations=56 (full 0):
 garbage-first heap   total 69632K, used 32972K [0x0000000703600000, 0x0000000800000000)
  region size 2048K, 1 young (2048K), 1 survivors (2048K)
 Metaspace       used 35040K, capacity 35266K, committed 35708K, reserved 1081344K
  class space    used 3551K, capacity 3622K, committed 3788K, reserved 1048576K
}
Event: 6116.072 GC heap before
{Heap before GC invocations=56 (full 0):
 garbage-first heap   total 69632K, used 55500K [0x0000000703600000, 0x0000000800000000)
  region size 2048K, 12 young (24576K), 1 survivors (2048K)
 Metaspace       used 35172K, capacity 35397K, committed 35708K, reserved 1081344K
  class space    used 3553K, capacity 3623K, committed 3788K, reserved 1048576K
}
Event: 6116.076 GC heap after
{Heap after GC invocations=57 (full 0):
 garbage-first heap   total 69632K, used 33641K [0x0000000703600000, 0x0000000800000000)
  region size 2048K, 2 young (4096K), 2 survivors (4096K)
 Metaspace       used 35172K, capacity 35397K, committed 35708K, reserved 1081344K
  class space    used 3553K, capacity 3623K, committed 3788K, reserved 1048576K
}
Event: 6131.494 GC heap before
{Heap before GC invocations=58 (full 0):
 garbage-first heap   total 69632K, used 52073K [0x0000000703600000, 0x0000000800000000)
  region size 2048K, 12 young (24576K), 2 survivors (4096K)
 Metaspace       used 35175K, capacity 35397K, committed 35708K, reserved 1081344K
  class space    used 3553K, capacity 3623K, committed 3788K, reserved 1048576K
}
Event: 6131.496 GC heap after
{Heap after GC invocations=59 (full 0):
 garbage-first heap   total 69632K, used 33423K [0x0000000703600000, 0x0000000800000000)
  region size 2048K, 1 young (2048K), 1 survivors (2048K)
 Metaspace       used 35175K, capacity 35397K, committed 35708K, reserved 1081344K
  class space    used 3553K, capacity 3623K, committed 3788K, reserved 1048576K
}
Event: 6199.054 GC heap before
{Heap before GC invocations=59 (full 0):
 garbage-first heap   total 69632K, used 53903K [0x0000000703600000, 0x0000000800000000)
  region size 2048K, 12 young (24576K), 1 survivors (2048K)
 Metaspace       used 35186K, capacity 35397K, committed 35708K, reserved 1081344K
  class space    used 3553K, capacity 3623K, committed 3788K, reserved 1048576K
}
Event: 6199.055 GC heap after
{Heap after GC invocations=60 (full 0):
 garbage-first heap   total 69632K, used 32979K [0x0000000703600000, 0x0000000800000000)
  region size 2048K, 1 young (2048K), 1 survivors (2048K)
 Metaspace       used 35186K, capacity 35397K, committed 35708K, reserved 1081344K
  class space    used 3553K, capacity 3623K, committed 3788K, reserved 1048576K
}

Deoptimization events (20 events):
Event: 6101.259 Thread 0x00000181d7fa11f0 DEOPT PACKING pc=0x00000181b9f51e7c sp=0x00000036596fe9d0
Event: 6101.259 Thread 0x00000181d7fa11f0 DEOPT UNPACKING pc=0x00000181b983e23f sp=0x00000036596fdf10 mode 1
Event: 6101.259 Thread 0x00000181d7fa11f0 DEOPT PACKING pc=0x00000181b9d902ec sp=0x00000036596fead0
Event: 6101.259 Thread 0x00000181d7fa11f0 DEOPT UNPACKING pc=0x00000181b983e23f sp=0x00000036596fdfc0 mode 1
Event: 6101.260 Thread 0x00000181d7fa2530 DEOPT PACKING pc=0x00000181ba55af94 sp=0x0000003659dfef30
Event: 6101.260 Thread 0x00000181d7fa2530 DEOPT UNPACKING pc=0x00000181b983e23f sp=0x0000003659dfe3b8 mode 1
Event: 6101.260 Thread 0x00000181d7fa2530 DEOPT PACKING pc=0x00000181ba127a1c sp=0x0000003659dff040
Event: 6101.260 Thread 0x00000181d7fa2530 DEOPT UNPACKING pc=0x00000181b983e23f sp=0x0000003659dfe500 mode 1
Event: 6102.342 Thread 0x00000181d7ba7230 Uncommon trap: trap_request=0xffffffde fr.pc=0x00000181c1627bf8 relative=0x0000000000000e18
Event: 6102.342 Thread 0x00000181d7ba7230 Uncommon trap: reason=class_check action=maybe_recompile pc=0x00000181c1627bf8 method=java.awt.ModalEventFilter.acceptEvent(Ljava/awt/AWTEvent;)Ljava/awt/EventFilter$FilterAction; @ 77 c2
Event: 6102.342 Thread 0x00000181d7ba7230 DEOPT PACKING pc=0x00000181c1627bf8 sp=0x0000003658bfe140
Event: 6102.342 Thread 0x00000181d7ba7230 DEOPT UNPACKING pc=0x00000181b983e42f sp=0x0000003658bfe040 mode 2
Event: 6104.357 Thread 0x00000181d7ba7230 Uncommon trap: trap_request=0xffffff45 fr.pc=0x00000181c183fc18 relative=0x00000000000002d8
Event: 6104.357 Thread 0x00000181d7ba7230 Uncommon trap: reason=unstable_if action=reinterpret pc=0x00000181c183fc18 method=java.util.regex.Pattern.lambda$Single$8(II)Z @ 2 c2
Event: 6104.357 Thread 0x00000181d7ba7230 DEOPT PACKING pc=0x00000181c183fc18 sp=0x0000003658bfe630
Event: 6104.357 Thread 0x00000181d7ba7230 DEOPT UNPACKING pc=0x00000181b983e42f sp=0x0000003658bfe508 mode 2
Event: 6136.066 Thread 0x00000181d7f9c9c0 Uncommon trap: trap_request=0xffffff45 fr.pc=0x00000181c17413b8 relative=0x0000000000000d38
Event: 6136.066 Thread 0x00000181d7f9c9c0 Uncommon trap: reason=unstable_if action=reinterpret pc=0x00000181c17413b8 method=java.util.concurrent.locks.ReentrantLock$NonfairSync.tryAcquire(I)Z @ 13 c2
Event: 6136.066 Thread 0x00000181d7f9c9c0 DEOPT PACKING pc=0x00000181c17413b8 sp=0x0000003658dfe800
Event: 6136.066 Thread 0x00000181d7f9c9c0 DEOPT UNPACKING pc=0x00000181b983e42f sp=0x0000003658dfe738 mode 2

Classes unloaded (20 events):
Event: 5654.083 Thread 0x00000181d54237e0 Unloading class 0x00000008000ec440 'java/lang/invoke/LambdaForm$MH+0x00000008000ec440'
Event: 5654.083 Thread 0x00000181d54237e0 Unloading class 0x00000008000ec040 'java/lang/invoke/LambdaForm$MH+0x00000008000ec040'
Event: 5654.083 Thread 0x00000181d54237e0 Unloading class 0x00000008000ee840 'java/lang/invoke/LambdaForm$MH+0x00000008000ee840'
Event: 5654.083 Thread 0x00000181d54237e0 Unloading class 0x00000008000ef440 'java/lang/invoke/LambdaForm$MH+0x00000008000ef440'
Event: 5654.083 Thread 0x00000181d54237e0 Unloading class 0x00000008000efc40 'java/lang/invoke/LambdaForm$MH+0x00000008000efc40'
Event: 5654.083 Thread 0x00000181d54237e0 Unloading class 0x00000008000e9840 'java/lang/invoke/LambdaForm$MH+0x00000008000e9840'
Event: 5654.083 Thread 0x00000181d54237e0 Unloading class 0x00000008000e9440 'java/lang/invoke/LambdaForm$MH+0x00000008000e9440'
Event: 5654.083 Thread 0x00000181d54237e0 Unloading class 0x00000008000e9040 'java/lang/invoke/LambdaForm$MH+0x00000008000e9040'
Event: 5654.083 Thread 0x00000181d54237e0 Unloading class 0x00000008000e8c40 'java/lang/invoke/LambdaForm$MH+0x00000008000e8c40'
Event: 5654.083 Thread 0x00000181d54237e0 Unloading class 0x00000008000e8840 'java/lang/invoke/LambdaForm$MH+0x00000008000e8840'
Event: 5654.083 Thread 0x00000181d54237e0 Unloading class 0x00000008000e8440 'java/lang/invoke/LambdaForm$MH+0x00000008000e8440'
Event: 5654.084 Thread 0x00000181d54237e0 Unloading class 0x00000008000e8040 'java/lang/invoke/LambdaForm$MH+0x00000008000e8040'
Event: 5654.084 Thread 0x00000181d54237e0 Unloading class 0x0000000800062c40 'java/lang/invoke/LambdaForm$MH+0x0000000800062c40'
Event: 5654.084 Thread 0x00000181d54237e0 Unloading class 0x0000000800063440 'java/lang/invoke/LambdaForm$MH+0x0000000800063440'
Event: 5654.084 Thread 0x00000181d54237e0 Unloading class 0x0000000800063c40 'java/lang/invoke/LambdaForm$MH+0x0000000800063c40'
Event: 5654.084 Thread 0x00000181d54237e0 Unloading class 0x0000000800063840 'java/lang/invoke/LambdaForm$MH+0x0000000800063840'
Event: 5654.084 Thread 0x00000181d54237e0 Unloading class 0x0000000800064040 'java/lang/invoke/LambdaForm$MH+0x0000000800064040'
Event: 5654.084 Thread 0x00000181d54237e0 Unloading class 0x0000000800064c40 'java/lang/invoke/LambdaForm$MH+0x0000000800064c40'
Event: 5654.084 Thread 0x00000181d54237e0 Unloading class 0x0000000800065440 'java/lang/invoke/LambdaForm$MH+0x0000000800065440'
Event: 5654.084 Thread 0x00000181d54237e0 Unloading class 0x0000000800065040 'jdk/internal/reflect/GeneratedConstructorAccessor1'

Classes redefined (5 events):
Event: 682.504 Thread 0x00000181d54237e0 redefined class name=ftnTheory.RationalMap, count=1
Event: 1231.099 Thread 0x00000181d54237e0 redefined class name=util.StringUtil, count=1
Event: 1386.048 Thread 0x00000181d54237e0 redefined class name=util.StringUtil, count=2
Event: 1714.003 Thread 0x00000181d54237e0 redefined class name=ftnTheory.PasteCode, count=1
Event: 1714.003 Thread 0x00000181d54237e0 redefined class name=ftnTheory.RationalMap, count=2

Internal exceptions (20 events):
Event: 10.640 Thread 0x00000181d7ba7230 Exception <a 'java/lang/NullPointerException'{0x0000000706ca4da8}> (0x0000000706ca4da8) 
thrown [./open/src/hotspot/share/prims/jni.cpp, line 599]
Event: 12.416 Thread 0x00000181d7ba7230 Implicit null exception at 0x00000181c13b54e0 to 0x00000181c13b7598
Event: 98.854 Thread 0x00000181d7ba7230 Exception <a 'java/lang/NoSuchMethodError'{0x00000007122125f8}: 'int java.lang.invoke.DirectMethodHandle$Holder.invokeStatic(java.lang.Object)'> (0x00000007122125f8) 
thrown [./open/src/hotspot/share/interpreter/linkResolver.cpp, line 782]
Event: 631.906 Thread 0x00000181d7ba7230 Exception <a 'java/lang/NullPointerException'{0x0000000706a89f78}> (0x0000000706a89f78) 
thrown [./open/src/hotspot/share/prims/jni.cpp, line 599]
Event: 751.187 Thread 0x00000181d7f9e1d0 Exception <a 'java/lang/NullPointerException'{0x00000007074cf3f0}> (0x00000007074cf3f0) 
thrown [./open/src/hotspot/share/interpreter/linkResolver.cpp, line 1374]
Event: 980.269 Thread 0x00000181d7fa0850 Exception <a 'java/lang/InterruptedException'{0x0000000707073a18}: sleep interrupted> (0x0000000707073a18) 
thrown [./open/src/hotspot/share/prims/jvm.cpp, line 3252]
Event: 980.285 Thread 0x00000181d7fa2ed0 Exception <a 'java/lang/InterruptedException'{0x00000007070e60f8}: sleep interrupted> (0x00000007070e60f8) 
thrown [./open/src/hotspot/share/prims/jvm.cpp, line 3252]
Event: 1717.980 Thread 0x00000181d7f9bb50 Exception <a 'java/lang/InterruptedException'{0x000000070737a138}: sleep interrupted> (0x000000070737a138) 
thrown [./open/src/hotspot/share/prims/jvm.cpp, line 3252]
Event: 1717.980 Thread 0x00000181d7f9ce90 Exception <a 'java/lang/InterruptedException'{0x0000000706ced4b8}: sleep interrupted> (0x0000000706ced4b8) 
thrown [./open/src/hotspot/share/prims/jvm.cpp, line 3252]
Event: 2066.256 Thread 0x00000181d7f9c9c0 Exception <a 'java/lang/InterruptedException'{0x0000000706cf0170}: sleep interrupted> (0x0000000706cf0170) 
thrown [./open/src/hotspot/share/prims/jvm.cpp, line 3278]
Event: 2160.785 Thread 0x00000181d7f9f510 Exception <a 'java/lang/InterruptedException'{0x0000000706a7f2d0}: sleep interrupted> (0x0000000706a7f2d0) 
thrown [./open/src/hotspot/share/prims/jvm.cpp, line 3252]
Event: 2160.785 Thread 0x00000181d7fa11f0 Exception <a 'java/lang/InterruptedException'{0x000000070695fbe8}: sleep interrupted> (0x000000070695fbe8) 
thrown [./open/src/hotspot/share/prims/jvm.cpp, line 3252]
Event: 5657.767 Thread 0x00000181d7ba7230 Implicit null exception at 0x00000181c139ee06 to 0x00000181c13a14b4
Event: 5663.307 Thread 0x00000181d7ba7230 Implicit null exception at 0x00000181c13a294e to 0x00000181c13a3238
Event: 5667.277 Thread 0x00000181d7ba7230 Exception <a 'java/lang/NullPointerException'{0x000000071327b148}> (0x000000071327b148) 
thrown [./open/src/hotspot/share/prims/jni.cpp, line 599]
Event: 5667.292 Thread 0x00000181d7ba7230 Implicit null exception at 0x00000181c17e5366 to 0x00000181c17e703c
Event: 5667.292 Thread 0x00000181d7ba7230 Implicit null exception at 0x00000181c1658849 to 0x00000181c165e780
Event: 6018.914 Thread 0x00000181d7ba7230 Implicit null exception at 0x00000181c1664412 to 0x00000181c166eaa0
Event: 6083.065 Thread 0x00000181d7ba7230 Exception <a 'java/lang/NullPointerException'{0x0000000707075dc8}> (0x0000000707075dc8) 
thrown [./open/src/hotspot/share/prims/jni.cpp, line 599]
Event: 6204.472 Thread 0x00000181d577db00 Exception <a 'java/lang/LinkageError'{0x00000007066dc100}> (0x00000007066dc100) 
thrown [./open/src/hotspot/share/oops/generateOopMap.cpp, line 2137]

Events (20 events):
Event: 6186.531 Thread 0x00000181d7f9ce90 Thread exited: 0x00000181d7f9ce90
Event: 6198.996 Thread 0x00000181d7f9ce90 Thread added: 0x00000181d7f9ce90
Event: 6199.012 Thread 0x00000181d7f9ce90 Thread exited: 0x00000181d7f9ce90
Event: 6199.053 Executing VM operation: G1CollectForAllocation
Event: 6199.055 Executing VM operation: G1CollectForAllocation done
Event: 6199.070 Executing VM operation: G1Concurrent
Event: 6199.073 Executing VM operation: G1Concurrent done
Event: 6199.080 Executing VM operation: G1Concurrent
Event: 6199.080 Executing VM operation: G1Concurrent done
Event: 6201.818 Thread 0x00000181d7fa2060 Thread added: 0x00000181d7fa2060
Event: 6201.831 Thread 0x00000181d7fa2060 Thread exited: 0x00000181d7fa2060
Event: 6204.402 Thread 0x00000181d7fa11f0 Thread added: 0x00000181d7fa11f0
Event: 6204.405 Executing VM operation: GetFrameCount
Event: 6204.405 Executing VM operation: GetFrameCount done
Event: 6204.405 Executing VM operation: GetStackTrace
Event: 6204.405 Executing VM operation: GetStackTrace done
Event: 6204.405 Executing VM operation: GetFrameCount
Event: 6204.405 Executing VM operation: GetFrameCount done
Event: 6204.472 Executing VM operation: GetFrameLocation
Event: 6204.472 Executing VM operation: GetFrameLocation done


Dynamic libraries:
0x00007ff7c4d70000 - 0x00007ff7c4d7d000 	C:\Users\kstephe2\.p2\pool\plugins\org.eclipse.justj.openjdk.hotspot.jre.full.win32.x86_64_15.0.2.v20210201-0955\jre\bin\javaw.exe
0x00007ffcb5ff0000 - 0x00007ffcb61e5000 	C:\Windows\SYSTEM32\ntdll.dll
0x00007ffcb4ac0000 - 0x00007ffcb4b7e000 	C:\Windows\System32\KERNEL32.DLL
0x00007ffcb3a60000 - 0x00007ffcb3d28000 	C:\Windows\System32\KERNELBASE.dll
0x00007ffcb3900000 - 0x00007ffcb3a00000 	C:\Windows\System32\ucrtbase.dll
0x00007ffcabc80000 - 0x00007ffcabc98000 	C:\Users\kstephe2\.p2\pool\plugins\org.eclipse.justj.openjdk.hotspot.jre.full.win32.x86_64_15.0.2.v20210201-0955\jre\bin\jli.dll
0x00007ffcb44d0000 - 0x00007ffcb4671000 	C:\Windows\System32\USER32.dll
0x00007ffcb4000000 - 0x00007ffcb4022000 	C:\Windows\System32\win32u.dll
0x00007ffcb5090000 - 0x00007ffcb50bb000 	C:\Windows\System32\GDI32.dll
0x00007ffcb37f0000 - 0x00007ffcb38fd000 	C:\Windows\System32\gdi32full.dll
0x00007ffcb3750000 - 0x00007ffcb37ed000 	C:\Windows\System32\msvcp_win.dll
0x00007ffca7bb0000 - 0x00007ffca7bc9000 	C:\Users\kstephe2\.p2\pool\plugins\org.eclipse.justj.openjdk.hotspot.jre.full.win32.x86_64_15.0.2.v20210201-0955\jre\bin\VCRUNTIME140.dll
0x00007ffc9bd20000 - 0x00007ffc9bfba000 	C:\Windows\WinSxS\amd64_microsoft.windows.common-controls_6595b64144ccf1df_6.0.19041.1110_none_60b5254171f9507e\COMCTL32.dll
0x00007ffcb5d00000 - 0x00007ffcb5d9e000 	C:\Windows\System32\msvcrt.dll
0x00007ffcb5f80000 - 0x00007ffcb5fb0000 	C:\Windows\System32\IMM32.DLL
0x00007ffcb5e50000 - 0x00007ffcb5f7a000 	C:\Windows\System32\RPCRT4.dll
0x00007ffcb35f0000 - 0x00007ffcb3621000 	C:\Windows\SYSTEM32\SspiCli.dll
0x00007ffcabd70000 - 0x00007ffcabd7c000 	C:\Users\kstephe2\.p2\pool\plugins\org.eclipse.justj.openjdk.hotspot.jre.full.win32.x86_64_15.0.2.v20210201-0955\jre\bin\vcruntime140_1.dll
0x00007ffc87540000 - 0x00007ffc875d1000 	C:\Users\kstephe2\.p2\pool\plugins\org.eclipse.justj.openjdk.hotspot.jre.full.win32.x86_64_15.0.2.v20210201-0955\jre\bin\msvcp140.dll
0x00007ffc4be60000 - 0x00007ffc4c9be000 	C:\Users\kstephe2\.p2\pool\plugins\org.eclipse.justj.openjdk.hotspot.jre.full.win32.x86_64_15.0.2.v20210201-0955\jre\bin\server\jvm.dll
0x00007ffcb4280000 - 0x00007ffcb432c000 	C:\Windows\System32\ADVAPI32.dll
0x00007ffcb4030000 - 0x00007ffcb40cb000 	C:\Windows\System32\sechost.dll
0x00007ffcb4330000 - 0x00007ffcb4338000 	C:\Windows\System32\PSAPI.DLL
0x00007ffcabd80000 - 0x00007ffcabd89000 	C:\Windows\SYSTEM32\WSOCK32.dll
0x00007ffcb40d0000 - 0x00007ffcb413b000 	C:\Windows\System32\WS2_32.dll
0x00007ffc9c430000 - 0x00007ffc9c457000 	C:\Windows\SYSTEM32\WINMM.dll
0x00007ffcabe20000 - 0x00007ffcabe2a000 	C:\Windows\SYSTEM32\VERSION.dll
0x00007ffcb16c0000 - 0x00007ffcb16d2000 	C:\Windows\SYSTEM32\kernel.appcore.dll
0x00007ffcab460000 - 0x00007ffcab46a000 	C:\Users\kstephe2\.p2\pool\plugins\org.eclipse.justj.openjdk.hotspot.jre.full.win32.x86_64_15.0.2.v20210201-0955\jre\bin\jimage.dll
0x00007ffcb1460000 - 0x00007ffcb1644000 	C:\Windows\SYSTEM32\DBGHELP.DLL
0x00007ffcaadb0000 - 0x00007ffcaaddc000 	C:\Windows\SYSTEM32\dbgcore.DLL
0x00007ffcb3d30000 - 0x00007ffcb3db2000 	C:\Windows\System32\bcryptPrimitives.dll
0x00007ffca7a90000 - 0x00007ffca7ac9000 	C:\Users\kstephe2\.p2\pool\plugins\org.eclipse.justj.openjdk.hotspot.jre.full.win32.x86_64_15.0.2.v20210201-0955\jre\bin\jdwp.dll
0x00007ffca7b20000 - 0x00007ffca7b2e000 	C:\Users\kstephe2\.p2\pool\plugins\org.eclipse.justj.openjdk.hotspot.jre.full.win32.x86_64_15.0.2.v20210201-0955\jre\bin\instrument.dll
0x00007ffc9ca70000 - 0x00007ffc9ca95000 	C:\Users\kstephe2\.p2\pool\plugins\org.eclipse.justj.openjdk.hotspot.jre.full.win32.x86_64_15.0.2.v20210201-0955\jre\bin\java.dll
0x00007ffca2940000 - 0x00007ffca2958000 	C:\Users\kstephe2\.p2\pool\plugins\org.eclipse.justj.openjdk.hotspot.jre.full.win32.x86_64_15.0.2.v20210201-0955\jre\bin\zip.dll
0x00007ffcb54e0000 - 0x00007ffcb5c24000 	C:\Windows\System32\SHELL32.dll
0x00007ffcb16e0000 - 0x00007ffcb1e74000 	C:\Windows\SYSTEM32\windows.storage.dll
0x00007ffcb5180000 - 0x00007ffcb54d5000 	C:\Windows\System32\combase.dll
0x00007ffcb30e0000 - 0x00007ffcb310e000 	C:\Windows\SYSTEM32\Wldp.dll
0x00007ffcb5da0000 - 0x00007ffcb5e4d000 	C:\Windows\System32\SHCORE.dll
0x00007ffcb4340000 - 0x00007ffcb4395000 	C:\Windows\System32\shlwapi.dll
0x00007ffcb3640000 - 0x00007ffcb365f000 	C:\Windows\SYSTEM32\profapi.dll
0x00007ffca7b10000 - 0x00007ffca7b1b000 	C:\Users\kstephe2\.p2\pool\plugins\org.eclipse.justj.openjdk.hotspot.jre.full.win32.x86_64_15.0.2.v20210201-0955\jre\bin\dt_socket.dll
0x00007ffcb2b30000 - 0x00007ffcb2b6b000 	C:\Windows\SYSTEM32\IPHLPAPI.DLL
0x00007ffcb2e40000 - 0x00007ffcb2eaa000 	C:\Windows\system32\mswsock.dll
0x00007ffcb2b70000 - 0x00007ffcb2c3b000 	C:\Windows\SYSTEM32\DNSAPI.dll
0x00007ffcb4680000 - 0x00007ffcb4688000 	C:\Windows\System32\NSI.dll
0x00007ffcad170000 - 0x00007ffcad17a000 	C:\Windows\System32\rasadhlp.dll
0x00007ffcae1f0000 - 0x00007ffcae26f000 	C:\Windows\System32\fwpuclnt.dll
0x00007ffcb3fd0000 - 0x00007ffcb3ff7000 	C:\Windows\System32\bcrypt.dll
0x00007ffc9ca50000 - 0x00007ffc9ca69000 	C:\Users\kstephe2\.p2\pool\plugins\org.eclipse.justj.openjdk.hotspot.jre.full.win32.x86_64_15.0.2.v20210201-0955\jre\bin\net.dll
0x00007ffcb26e0000 - 0x00007ffcb27ec000 	C:\Windows\SYSTEM32\WINHTTP.dll
0x00007ffc887f0000 - 0x00007ffc88802000 	C:\Users\kstephe2\.p2\pool\plugins\org.eclipse.justj.openjdk.hotspot.jre.full.win32.x86_64_15.0.2.v20210201-0955\jre\bin\nio.dll
0x00007ffcab110000 - 0x00007ffcab120000 	C:\Users\kstephe2\.p2\pool\plugins\org.eclipse.justj.openjdk.hotspot.jre.full.win32.x86_64_15.0.2.v20210201-0955\jre\bin\verify.dll
0x00007ffc83420000 - 0x00007ffc8359f000 	C:\Users\kstephe2\.p2\pool\plugins\org.eclipse.justj.openjdk.hotspot.jre.full.win32.x86_64_15.0.2.v20210201-0955\jre\bin\awt.dll
0x00007ffcb5c30000 - 0x00007ffcb5cfd000 	C:\Windows\System32\OLEAUT32.dll
0x00007ffcb0330000 - 0x00007ffcb03c0000 	C:\Windows\SYSTEM32\apphelp.dll
0x00007ffcb0cc0000 - 0x00007ffcb0d5e000 	C:\Windows\system32\uxtheme.dll
0x00007ffcb4160000 - 0x00007ffcb4275000 	C:\Windows\System32\MSCTF.dll
0x00007ffcb4990000 - 0x00007ffcb4aba000 	C:\Windows\System32\ole32.dll
0x00007ffcb0ed0000 - 0x00007ffcb0eff000 	C:\Windows\system32\DWMAPI.DLL
0x00007ffc724e0000 - 0x00007ffc72605000 	C:\Windows\system32\opengl32.dll
0x00007ffc752c0000 - 0x00007ffc752ec000 	C:\Windows\SYSTEM32\GLU32.dll
0x00007ffca7910000 - 0x00007ffca793d000 	C:\Users\kstephe2\.p2\pool\plugins\org.eclipse.justj.openjdk.hotspot.jre.full.win32.x86_64_15.0.2.v20210201-0955\jre\bin\javajpeg.dll
0x00007ffc874b0000 - 0x00007ffc87535000 	C:\Users\kstephe2\.p2\pool\plugins\org.eclipse.justj.openjdk.hotspot.jre.full.win32.x86_64_15.0.2.v20210201-0955\jre\bin\freetype.dll
0x00007ffc87250000 - 0x00007ffc872f9000 	C:\Users\kstephe2\.p2\pool\plugins\org.eclipse.justj.openjdk.hotspot.jre.full.win32.x86_64_15.0.2.v20210201-0955\jre\bin\fontmanager.dll
0x00007ffcb4420000 - 0x00007ffcb44c9000 	C:\Windows\System32\clbcatq.dll
0x00007ffca3330000 - 0x00007ffca34e4000 	C:\Windows\SYSTEM32\WindowsCodecs.dll
0x00007ffc71570000 - 0x00007ffc715ae000 	C:\Windows\system32\dataexchange.dll
0x00007ffcae690000 - 0x00007ffcae8f4000 	C:\Windows\system32\d3d11.dll
0x00007ffcaf9d0000 - 0x00007ffcafbb5000 	C:\Windows\system32\dcomp.dll
0x00007ffcb1fe0000 - 0x00007ffcb20d4000 	C:\Windows\system32\dxgi.dll
0x00007ffcad510000 - 0x00007ffcad711000 	C:\Windows\system32\twinapi.appcore.dll
0x00007ffcb3030000 - 0x00007ffcb3048000 	C:\Windows\SYSTEM32\CRYPTSP.dll
0x00007ffcb2650000 - 0x00007ffcb2684000 	C:\Windows\system32\rsaenh.dll
0x00007ffcb35c0000 - 0x00007ffcb35ee000 	C:\Windows\SYSTEM32\USERENV.dll
0x00007ffcb3050000 - 0x00007ffcb305c000 	C:\Windows\SYSTEM32\CRYPTBASE.dll
0x00007ffcae180000 - 0x00007ffcae197000 	C:\Windows\SYSTEM32\dhcpcsvc6.DLL
0x00007ffcae160000 - 0x00007ffcae17d000 	C:\Windows\SYSTEM32\dhcpcsvc.DLL
0x00007ffc940c0000 - 0x00007ffc941b9000 	C:\Windows\SYSTEM32\textinputframework.dll
0x00007ffcafc00000 - 0x00007ffcaff5e000 	C:\Windows\System32\CoreUIComponents.dll
0x00007ffcb0060000 - 0x00007ffcb0152000 	C:\Windows\System32\CoreMessaging.dll
0x00007ffcb23a0000 - 0x00007ffcb23d3000 	C:\Windows\SYSTEM32\ntmarta.dll
0x00007ffcaf870000 - 0x00007ffcaf9c4000 	C:\Windows\SYSTEM32\wintypes.dll
0x00007ffc9c730000 - 0x00007ffc9c796000 	C:\Windows\system32\Oleacc.dll
0x00007ffc88f10000 - 0x00007ffc88f27000 	C:\Windows\system32\napinsp.dll
0x00007ffc88f30000 - 0x00007ffc88f4b000 	C:\Windows\system32\pnrpnsp.dll
0x00007ffcb0310000 - 0x00007ffcb0325000 	C:\Windows\system32\wshbth.dll
0x00007ffcafbd0000 - 0x00007ffcafbed000 	C:\Windows\system32\NLAapi.dll
0x00007ffc88f50000 - 0x00007ffc88f62000 	C:\Windows\System32\winrnr.dll
0x00007ffc93b20000 - 0x00007ffc93b8a000 	C:\Windows\system32\Ninput.dll
0x00007ffc9cfa0000 - 0x00007ffc9d050000 	C:\Windows\WinSxS\amd64_microsoft.windows.common-controls_6595b64144ccf1df_5.82.19041.1110_none_792d1c772443f647\comctl32.dll
0x00007ffcb0450000 - 0x00007ffcb0546000 	C:\Windows\SYSTEM32\PROPSYS.dll
0x00007ffc87730000 - 0x00007ffc87747000 	C:\Windows\system32\NetworkExplorer.dll
0x00007ffcb3700000 - 0x00007ffcb374e000 	C:\Windows\System32\CFGMGR32.dll
0x00007ffc9d540000 - 0x00007ffc9d55d000 	C:\Windows\SYSTEM32\MPR.dll
0x00007ffca7b00000 - 0x00007ffca7b0b000 	C:\Windows\System32\drprov.dll
0x00007ffcb29a0000 - 0x00007ffcb29fa000 	C:\Windows\System32\WINSTA.dll
0x00007ffca3240000 - 0x00007ffca3261000 	C:\Windows\System32\ntlanman.dll
0x00007ffca78d0000 - 0x00007ffca78ee000 	C:\Windows\System32\davclnt.dll
0x00007ffca7a80000 - 0x00007ffca7a8d000 	C:\Windows\System32\DAVHLPR.dll
0x00007ffcb2880000 - 0x00007ffcb2897000 	C:\Windows\System32\wkscli.dll
0x00007ffc91320000 - 0x00007ffc91332000 	C:\Windows\SYSTEM32\cscapi.dll
0x00007ffcb2c40000 - 0x00007ffcb2c4c000 	C:\Windows\System32\netutils.dll
0x00007ffc84b20000 - 0x00007ffc84b76000 	C:\Windows\System32\dlnashext.dll
0x00007ffc84990000 - 0x00007ffc849f4000 	C:\Windows\System32\PlayToDevice.dll
0x00007ffca72b0000 - 0x00007ffca72d0000 	C:\Windows\System32\DevDispItemProvider.dll
0x00007ffcaa8c0000 - 0x00007ffcaa945000 	C:\Windows\System32\MMDevApi.dll
0x00007ffcb34c0000 - 0x00007ffcb34f4000 	C:\Windows\System32\DEVOBJ.dll
0x00007ffc83370000 - 0x00007ffc83411000 	C:\Windows\system32\wpdshext.dll
0x00007ffc7f490000 - 0x00007ffc7f639000 	C:\Windows\WinSxS\amd64_microsoft.windows.gdiplus_6595b64144ccf1df_1.1.19041.1348_none_91a2627ccc89e3fb\gdiplus.dll
0x00007ffc7a320000 - 0x00007ffc7a3c3000 	C:\Windows\System32\PortableDeviceApi.dll
0x00007ffcb4c10000 - 0x00007ffcb5082000 	C:\Windows\System32\SETUPAPI.dll
0x00007ffcb3a00000 - 0x00007ffcb3a60000 	C:\Windows\System32\WINTRUST.dll
0x00007ffcb3e70000 - 0x00007ffcb3fc6000 	C:\Windows\System32\CRYPT32.dll
0x00007ffcb32e0000 - 0x00007ffcb32f2000 	C:\Windows\System32\MSASN1.dll
0x00007ffc6e950000 - 0x00007ffc6e987000 	C:\Windows\System32\EhStorShell.dll
0x00007ffc87220000 - 0x00007ffc87246000 	C:\Windows\System32\EhStorAPI.dll
0x00007ffcad150000 - 0x00007ffcad164000 	C:\Windows\System32\WTSAPI32.dll
0x00007ffc7c4e0000 - 0x00007ffc7c4ed000 	C:\Windows\SYSTEM32\LINKINFO.dll

dbghelp: loaded successfully - version: 4.0.5 - missing functions: none
symbol engine: initialized successfully - sym options: 0x614 - pdb path: .;C:\Users\kstephe2\.p2\pool\plugins\org.eclipse.justj.openjdk.hotspot.jre.full.win32.x86_64_15.0.2.v20210201-0955\jre\bin;C:\Windows\SYSTEM32;C:\Windows\WinSxS\amd64_microsoft.windows.common-controls_6595b64144ccf1df_6.0.19041.1110_none_60b5254171f9507e;C:\Users\kstephe2\.p2\pool\plugins\org.eclipse.justj.openjdk.hotspot.jre.full.win32.x86_64_15.0.2.v20210201-0955\jre\bin\server;C:\Windows\WinSxS\amd64_microsoft.windows.common-controls_6595b64144ccf1df_5.82.19041.1110_none_792d1c772443f647;C:\Windows\WinSxS\amd64_microsoft.windows.gdiplus_6595b64144ccf1df_1.1.19041.1348_none_91a2627ccc89e3fb

VM Arguments:
jvm_args: -XX:+ShowCodeDetailsInExceptionMessages -agentlib:jdwp=transport=dt_socket,suspend=y,address=localhost:52736 -Djava.library.path=C:\share\workspace\JNIStuff2015\bin -javaagent:C:\Users\kstephe2\eclipse\java-2021-03\eclipse\configuration\org.eclipse.osgi\222\0\.cp\lib\javaagent-shaded.jar -Dfile.encoding=Cp1252 
java_command: allMains.CP_after_Splash
java_class_path (initial): C:\Users\kstephe2\Documents\GitHub\CirclePack\bin;C:\Users\kstephe2\Documents\GitHub\CirclePack\jars\commons-codec-1.5.jar;C:\Users\kstephe2\Documents\GitHub\CirclePack\jars\Complex.jar;C:\Users\kstephe2\Documents\GitHub\CirclePack\jars\Convert2.0.jar;C:\Users\kstephe2\Documents\GitHub\CirclePack\jars\DJEP2.4.0Minimal.jar;C:\Users\kstephe2\Documents\GitHub\CirclePack\jars\FunctionChoiceBox.jar;C:\Users\kstephe2\Documents\GitHub\CirclePack\jars\FunctionField.jar;C:\Users\kstephe2\Documents\GitHub\CirclePack\jars\FunctionParser.jar;C:\Users\kstephe2\Documents\GitHub\CirclePack\jars\javabuilder.jar;C:\Users\kstephe2\Documents\GitHub\CirclePack\jars\jbcl.jar;C:\Users\kstephe2\Documents\GitHub\CirclePack\jars\PackCircle.jar;C:\Users\kstephe2\Documents\GitHub\CirclePack\jars\xercesImpl.jar
Launcher Type: SUN_STANDARD

[Global flags]
     intx CICompilerCount                          = 4                                         {product} {ergonomic}
     uint ConcGCThreads                            = 2                                         {product} {ergonomic}
     uint G1ConcRefinementThreads                  = 8                                         {product} {ergonomic}
   size_t G1HeapRegionSize                         = 2097152                                   {product} {ergonomic}
    uintx GCDrainStackTargetSize                   = 64                                        {product} {ergonomic}
   size_t InitialHeapSize                          = 266338304                                 {product} {ergonomic}
   size_t MarkStackSize                            = 4194304                                   {product} {ergonomic}
   size_t MaxHeapSize                              = 4238344192                                {product} {ergonomic}
   size_t MaxNewSize                               = 2541748224                                {product} {ergonomic}
   size_t MinHeapDeltaBytes                        = 2097152                                   {product} {ergonomic}
   size_t MinHeapSize                              = 8388608                                   {product} {ergonomic}
    uintx NonNMethodCodeHeapSize                   = 5839372                                {pd product} {ergonomic}
    uintx NonProfiledCodeHeapSize                  = 122909434                              {pd product} {ergonomic}
    uintx ProfiledCodeHeapSize                     = 122909434                              {pd product} {ergonomic}
    uintx ReservedCodeCacheSize                    = 251658240                              {pd product} {ergonomic}
     bool SegmentedCodeCache                       = true                                      {product} {ergonomic}
     bool ShowCodeDetailsInExceptionMessages       = true                                   {manageable} {command line}
   size_t SoftMaxHeapSize                          = 4238344192                             {manageable} {ergonomic}
     bool UseCompressedClassPointers               = true                                 {lp64_product} {ergonomic}
     bool UseCompressedOops                        = true                                 {lp64_product} {ergonomic}
     bool UseG1GC                                  = true                                      {product} {ergonomic}
     bool UseLargePagesIndividualAllocation        = false                                  {pd product} {ergonomic}

Logging:
Log output configuration:
 #0: stdout all=warning uptime,level,tags
 #1: stderr all=off uptime,level,tags

Environment Variables:
PATH=C:\Users\kstephe2\.p2\pool\plugins\org.eclipse.justj.openjdk.hotspot.jre.full.win32.x86_64_15.0.2.v20210201-0955\jre\bin;C:/Users/kstephe2/.p2/pool/plugins/org.eclipse.justj.openjdk.hotspot.jre.full.win32.x86_64_15.0.2.v20210201-0955/jre/bin/server;C:/Users/kstephe2/.p2/pool/plugins/org.eclipse.justj.openjdk.hotspot.jre.full.win32.x86_64_15.0.2.v20210201-0955/jre/bin;C:\Program Files (x86)\Common Files\Oracle\Java\javapath;C:\Windows\system32;C:\Windows;C:\Windows\System32\Wbem;C:\Windows\System32\WindowsPowerShell\v1.0\;C:\Windows\System32\OpenSSH\;C:\Program Files\MiKTeX 2.9\miktex\bin\x64\;C:\Program Files\PuTTY\;C:\Program Files\MATLAB\R2021a\bin;C:\Users\kstephe2\AppData\Local\Microsoft\WindowsApps;C:\Users\kstephe2\AppData\Local\GitHubDesktop\bin;C:\Windows\system32;
USERNAME=kstephe2
OS=Windows_NT
PROCESSOR_IDENTIFIER=Intel64 Family 6 Model 142 Stepping 12, GenuineIntel



---------------  S Y S T E M  ---------------

OS:
 Windows 10 , 64 bit Build 19041 (10.0.19041.1348)
OS uptime: 2 days 6:51 hours

CPU: total 8 (initial active 8) (4 cores per cpu, 2 threads per core) family 6 model 142 stepping 12 microcode 0xea, cmov, cx8, fxsr, mmx, sse, sse2, sse3, ssse3, sse4.1, sse4.2, popcnt, vzeroupper, avx, avx2, aes, clmul, erms, 3dnowpref, lzcnt, ht, tsc, tscinvbit, bmi1, bmi2, adx, fma, clflush, clflushopt

Memory: 4k page, system-wide physical 16162M (8417M free)
TotalPageFile size 18594M (AvailPageFile size 7894M)
current process WorkingSet (physical memory assigned to process): 233M, peak: 248M
current process commit charge ("private bytes"): 255M, peak: 372M

vm_info: OpenJDK 64-Bit Server VM (15.0.2+7-27) for windows-amd64 JRE (15.0.2+7-27), built on Dec  7 2020 20:02:38 by "mach5one" with unknown MS VC++:1925

END.
