#
# There is insufficient memory for the Java Runtime Environment to continue.
# Native memory allocation (malloc) failed to allocate 70912 bytes for Chunk::new
# Possible reasons:
#   The system is out of physical RAM or swap space
#   The process is running with CompressedOops enabled, and the Java Heap may be blocking the growth of the native heap
# Possible solutions:
#   Reduce memory load on the system
#   Increase physical memory or swap space
#   Check if swap backing store is full
#   Decrease Java heap size (-Xmx/-Xms)
#   Decrease number of Java threads
#   Decrease Java thread stack sizes (-Xss)
#   Set larger code cache with -XX:ReservedCodeCacheSize=
#   JVM is running with Zero Based Compressed Oops mode in which the Java heap is
#     placed in the first 32GB address space. The Java Heap base address is the
#     maximum limit for the native heap growth. Please use -XX:HeapBaseMinAddress
#     to set the Java Heap base and to place the Java Heap above 32GB virtual address.
# This output file may be truncated or incomplete.
#
#  Out of Memory Error (./open/src/hotspot/share/memory/arena.cpp:195), pid=7176, tid=16012
#
# JRE version: OpenJDK Runtime Environment (15.0.2+7) (build 15.0.2+7-27)
# Java VM: OpenJDK 64-Bit Server VM (15.0.2+7-27, mixed mode, tiered, compressed oops, g1 gc, windows-amd64)
# No core dump will be written. Minidumps are not enabled by default on client versions of Windows
#

---------------  S U M M A R Y ------------

Command Line: -XX:+ShowCodeDetailsInExceptionMessages -agentlib:jdwp=transport=dt_socket,suspend=y,address=localhost:63825 -Djava.library.path=C:\share\workspace\JNIStuff2015\bin -javaagent:C:\Users\kstephe2\eclipse\java-2021-03\eclipse\configuration\org.eclipse.osgi\608\0\.cp\lib\javaagent-shaded.jar -Dfile.encoding=Cp1252 allMains.CP_after_Splash

Host: Intel(R) Core(TM) i7-8665U CPU @ 1.90GHz, 8 cores, 15G,  Windows 10 , 64 bit Build 19041 (10.0.19041.1466)
Time: Fri Feb  4 12:23:30 2022 Eastern Standard Time elapsed time: 0.425003 seconds (0d 0h 0m 0s)

---------------  T H R E A D  ---------------

Current thread (0x000001fea5b01c50):  JavaThread "C2 CompilerThread0" daemon [_thread_in_native, id=16012, stack(0x0000004a9ba00000,0x0000004a9bb00000)]


Current CompileTask:
C2:    427  293       4       java.math.BigInteger::destructiveMulAdd (150 bytes)

Stack: [0x0000004a9ba00000,0x0000004a9bb00000]
Native frames: (J=compiled Java code, j=interpreted, Vv=VM code, C=native code)
V  [jvm.dll+0x62ae9a]
V  [jvm.dll+0x7817a9]
V  [jvm.dll+0x782f03]
V  [jvm.dll+0x783563]
V  [jvm.dll+0x216325]
V  [jvm.dll+0x97f3a]
V  [jvm.dll+0x9861c]
V  [jvm.dll+0x32e305]
V  [jvm.dll+0x2f768a]
V  [jvm.dll+0x2f6a4a]
V  [jvm.dll+0x1ea705]
V  [jvm.dll+0x1e996e]
V  [jvm.dll+0x178567]
V  [jvm.dll+0x1f9225]
V  [jvm.dll+0x1f72cc]
V  [jvm.dll+0x74495d]
V  [jvm.dll+0x73d75a]
V  [jvm.dll+0x629c56]
C  [ucrtbase.dll+0x21bb2]
C  [KERNEL32.DLL+0x17034]
C  [ntdll.dll+0x52651]


---------------  P R O C E S S  ---------------

Threads class SMR info:
_java_thread_list=0x000001fea5d3e980, length=13, elements={
0x000001fe86453a90, 0x000001fea5ad6020, 0x000001fea5ad68e0, 0x000001fea5ac2160,
0x000001fea5ac2a20, 0x000001fea5ac33e0, 0x000001fea5b01c50, 0x000001fea5b07580,
0x000001fea5b1a680, 0x000001fea5c12ea0, 0x000001fea5f607b0, 0x000001fea5d94de0,
0x000001fea5d95af0
}
_to_delete_list=0x000001fea5d78ab0, length=12, elements={
0x000001fe86453a90, 0x000001fea5ad6020, 0x000001fea5ad68e0, 0x000001fea5ac2160,
0x000001fea5ac2a20, 0x000001fea5ac33e0, 0x000001fea5b01c50, 0x000001fea5b07580,
0x000001fea5b1a680, 0x000001fea5c12ea0, 0x000001fea5f607b0, 0x000001fea5d94de0
}

Java Threads: ( => current thread )
  0x000001fe86453a90 JavaThread "main" [_thread_blocked, id=9292, stack(0x0000004a9ae00000,0x0000004a9af00000)]
  0x000001fea5ad6020 JavaThread "Reference Handler" daemon [_thread_blocked, id=18228, stack(0x0000004a9b500000,0x0000004a9b600000)]
  0x000001fea5ad68e0 JavaThread "Finalizer" daemon [_thread_blocked, id=15680, stack(0x0000004a9b600000,0x0000004a9b700000)]
  0x000001fea5ac2160 JavaThread "Signal Dispatcher" daemon [_thread_blocked, id=13252, stack(0x0000004a9b700000,0x0000004a9b800000)]
  0x000001fea5ac2a20 JavaThread "Attach Listener" daemon [_thread_blocked, id=8560, stack(0x0000004a9b800000,0x0000004a9b900000)]
  0x000001fea5ac33e0 JavaThread "Service Thread" daemon [_thread_blocked, id=9596, stack(0x0000004a9b900000,0x0000004a9ba00000)]
=>0x000001fea5b01c50 JavaThread "C2 CompilerThread0" daemon [_thread_in_native, id=16012, stack(0x0000004a9ba00000,0x0000004a9bb00000)]
  0x000001fea5b07580 JavaThread "C1 CompilerThread0" daemon [_thread_blocked, id=15972, stack(0x0000004a9bb00000,0x0000004a9bc00000)]
  0x000001fea5b1a680 JavaThread "Sweeper thread" daemon [_thread_blocked, id=8936, stack(0x0000004a9bc00000,0x0000004a9bd00000)]
  0x000001fea5c12ea0 JavaThread "Common-Cleaner" daemon [_thread_blocked, id=9200, stack(0x0000004a9bd00000,0x0000004a9be00000)]
  0x000001fea5f607b0 JavaThread "JDWP Transport Listener: dt_socket" daemon [_thread_blocked, id=17456, stack(0x0000004a9be00000,0x0000004a9bf00000)]
  0x000001fea5d94de0 JavaThread "JDWP Event Helper Thread" daemon [_thread_blocked, id=2928, stack(0x0000004a9bf00000,0x0000004a9c000000)]
  0x000001fea5d95af0 JavaThread "JDWP Command Reader" daemon [_thread_in_native, id=9808, stack(0x0000004a9c000000,0x0000004a9c100000)]

Other Threads:
  0x000001fea5a6c6a0 VMThread "VM Thread" [stack: 0x0000004a9b400000,0x0000004a9b500000] [id=2592]
  0x000001fe864a4360 GCTaskThread "GC Thread#0" [stack: 0x0000004a9af00000,0x0000004a9b000000] [id=6008]
  0x000001fea5d42fc0 GCTaskThread "GC Thread#1" [stack: 0x0000004a9c100000,0x0000004a9c200000] [id=620]
  0x000001fea5d41ca0 GCTaskThread "GC Thread#2" [stack: 0x0000004a9c200000,0x0000004a9c300000] [id=16248]
  0x000001fe864b68a0 ConcurrentGCThread "G1 Main Marker" [stack: 0x0000004a9b000000,0x0000004a9b100000] [id=11288]
  0x000001fe864b73a0 ConcurrentGCThread "G1 Conc#0" [stack: 0x0000004a9b100000,0x0000004a9b200000] [id=12536]
  0x000001fe865129d0 ConcurrentGCThread "G1 Refine#0" [stack: 0x0000004a9b200000,0x0000004a9b300000] [id=6336]
  0x000001fea50d4a30 ConcurrentGCThread "G1 Young RemSet Sampling" [stack: 0x0000004a9b300000,0x0000004a9b400000] [id=13164]

Threads with active compile tasks:
C2 CompilerThread0      465  293       4       java.math.BigInteger::destructiveMulAdd (150 bytes)

VM state: at safepoint (normal execution)

VM Mutex/Monitor currently owned by a thread:  ([mutex/lock_event])
[0x000001fe86448280] Threads_lock - owner thread: 0x000001fea5a6c6a0
[0x000001fe86452530] Heap_lock - owner thread: 0x000001fe86453a90

Heap address: 0x0000000703600000, size: 4042 MB, Compressed Oops mode: Zero based, Oop shift amount: 3
CDS disabled.
Compressed class space mapped at: 0x0000000800000000-0x0000000840000000, size: 1073741824
Narrow klass base: 0x0000000800000000, Narrow klass shift: 0, Narrow klass range: 0x40000000

GC Precious Log:
 CPUs: 8 total, 8 available
 Memory: 16162M
 Large Page Support: Disabled
 NUMA Support: Disabled
 Compressed Oops: Enabled (Zero based)
 Heap Region Size: 2M
 Heap Min Capacity: 8M
 Heap Initial Capacity: 254M
 Heap Max Capacity: 4042M
 Pre-touch: Disabled
 Parallel Workers: 8
 Concurrent Workers: 2
 Concurrent Refinement Workers: 8
 Periodic GC: Disabled

Heap:
 garbage-first heap   total 260096K, used 1481K [0x0000000703600000, 0x0000000800000000)
  region size 2048K, 1 young (2048K), 1 survivors (2048K)
 Metaspace       used 7767K, capacity 7777K, committed 7936K, reserved 1064960K
  class space    used 647K, capacity 651K, committed 768K, reserved 1048576K

Heap Regions: E=young(eden), S=young(survivor), O=old, HS=humongous(starts), HC=humongous(continues), CS=collection set, F=free, OA=open archive, CA=closed archive, TAMS=top-at-mark-start (previous, next)
|   0|0x0000000703600000, 0x0000000703600000, 0x0000000703800000|  0%| F|  |TAMS 0x0000000703600000, 0x0000000703600000| Untracked 
|   1|0x0000000703800000, 0x0000000703800000, 0x0000000703a00000|  0%| F|  |TAMS 0x0000000703800000, 0x0000000703800000| Untracked 
|   2|0x0000000703a00000, 0x0000000703a00000, 0x0000000703c00000|  0%| F|  |TAMS 0x0000000703a00000, 0x0000000703a00000| Untracked 
|   3|0x0000000703c00000, 0x0000000703c00000, 0x0000000703e00000|  0%| F|  |TAMS 0x0000000703c00000, 0x0000000703c00000| Untracked 
|   4|0x0000000703e00000, 0x0000000703e00000, 0x0000000704000000|  0%| F|  |TAMS 0x0000000703e00000, 0x0000000703e00000| Untracked 
|   5|0x0000000704000000, 0x0000000704000000, 0x0000000704200000|  0%| F|  |TAMS 0x0000000704000000, 0x0000000704000000| Untracked 
|   6|0x0000000704200000, 0x0000000704200000, 0x0000000704400000|  0%| F|  |TAMS 0x0000000704200000, 0x0000000704200000| Untracked 
|   7|0x0000000704400000, 0x0000000704400000, 0x0000000704600000|  0%| F|  |TAMS 0x0000000704400000, 0x0000000704400000| Untracked 
|   8|0x0000000704600000, 0x0000000704600000, 0x0000000704800000|  0%| F|  |TAMS 0x0000000704600000, 0x0000000704600000| Untracked 
|   9|0x0000000704800000, 0x0000000704800000, 0x0000000704a00000|  0%| F|  |TAMS 0x0000000704800000, 0x0000000704800000| Untracked 
|  10|0x0000000704a00000, 0x0000000704a00000, 0x0000000704c00000|  0%| F|  |TAMS 0x0000000704a00000, 0x0000000704a00000| Untracked 
|  11|0x0000000704c00000, 0x0000000704c00000, 0x0000000704e00000|  0%| F|  |TAMS 0x0000000704c00000, 0x0000000704c00000| Untracked 
|  12|0x0000000704e00000, 0x0000000704e00000, 0x0000000705000000|  0%| F|  |TAMS 0x0000000704e00000, 0x0000000704e00000| Untracked 
|  13|0x0000000705000000, 0x0000000705000000, 0x0000000705200000|  0%| F|  |TAMS 0x0000000705000000, 0x0000000705000000| Untracked 
|  14|0x0000000705200000, 0x0000000705200000, 0x0000000705400000|  0%| F|  |TAMS 0x0000000705200000, 0x0000000705200000| Untracked 
|  15|0x0000000705400000, 0x0000000705400000, 0x0000000705600000|  0%| F|  |TAMS 0x0000000705400000, 0x0000000705400000| Untracked 
|  16|0x0000000705600000, 0x0000000705600000, 0x0000000705800000|  0%| F|  |TAMS 0x0000000705600000, 0x0000000705600000| Untracked 
|  17|0x0000000705800000, 0x0000000705800000, 0x0000000705a00000|  0%| F|  |TAMS 0x0000000705800000, 0x0000000705800000| Untracked 
|  18|0x0000000705a00000, 0x0000000705a00000, 0x0000000705c00000|  0%| F|  |TAMS 0x0000000705a00000, 0x0000000705a00000| Untracked 
|  19|0x0000000705c00000, 0x0000000705c00000, 0x0000000705e00000|  0%| F|  |TAMS 0x0000000705c00000, 0x0000000705c00000| Untracked 
|  20|0x0000000705e00000, 0x0000000705e00000, 0x0000000706000000|  0%| F|  |TAMS 0x0000000705e00000, 0x0000000705e00000| Untracked 
|  21|0x0000000706000000, 0x0000000706000000, 0x0000000706200000|  0%| F|  |TAMS 0x0000000706000000, 0x0000000706000000| Untracked 
|  22|0x0000000706200000, 0x0000000706200000, 0x0000000706400000|  0%| F|  |TAMS 0x0000000706200000, 0x0000000706200000| Untracked 
|  23|0x0000000706400000, 0x0000000706400000, 0x0000000706600000|  0%| F|  |TAMS 0x0000000706400000, 0x0000000706400000| Untracked 
|  24|0x0000000706600000, 0x0000000706600000, 0x0000000706800000|  0%| F|  |TAMS 0x0000000706600000, 0x0000000706600000| Untracked 
|  25|0x0000000706800000, 0x0000000706800000, 0x0000000706a00000|  0%| F|  |TAMS 0x0000000706800000, 0x0000000706800000| Untracked 
|  26|0x0000000706a00000, 0x0000000706a00000, 0x0000000706c00000|  0%| F|  |TAMS 0x0000000706a00000, 0x0000000706a00000| Untracked 
|  27|0x0000000706c00000, 0x0000000706c00000, 0x0000000706e00000|  0%| F|  |TAMS 0x0000000706c00000, 0x0000000706c00000| Untracked 
|  28|0x0000000706e00000, 0x0000000706e00000, 0x0000000707000000|  0%| F|  |TAMS 0x0000000706e00000, 0x0000000706e00000| Untracked 
|  29|0x0000000707000000, 0x0000000707000000, 0x0000000707200000|  0%| F|  |TAMS 0x0000000707000000, 0x0000000707000000| Untracked 
|  30|0x0000000707200000, 0x0000000707200000, 0x0000000707400000|  0%| F|  |TAMS 0x0000000707200000, 0x0000000707200000| Untracked 
|  31|0x0000000707400000, 0x0000000707400000, 0x0000000707600000|  0%| F|  |TAMS 0x0000000707400000, 0x0000000707400000| Untracked 
|  32|0x0000000707600000, 0x0000000707600000, 0x0000000707800000|  0%| F|  |TAMS 0x0000000707600000, 0x0000000707600000| Untracked 
|  33|0x0000000707800000, 0x0000000707800000, 0x0000000707a00000|  0%| F|  |TAMS 0x0000000707800000, 0x0000000707800000| Untracked 
|  34|0x0000000707a00000, 0x0000000707a00000, 0x0000000707c00000|  0%| F|  |TAMS 0x0000000707a00000, 0x0000000707a00000| Untracked 
|  35|0x0000000707c00000, 0x0000000707c00000, 0x0000000707e00000|  0%| F|  |TAMS 0x0000000707c00000, 0x0000000707c00000| Untracked 
|  36|0x0000000707e00000, 0x0000000707e00000, 0x0000000708000000|  0%| F|  |TAMS 0x0000000707e00000, 0x0000000707e00000| Untracked 
|  37|0x0000000708000000, 0x0000000708000000, 0x0000000708200000|  0%| F|  |TAMS 0x0000000708000000, 0x0000000708000000| Untracked 
|  38|0x0000000708200000, 0x0000000708200000, 0x0000000708400000|  0%| F|  |TAMS 0x0000000708200000, 0x0000000708200000| Untracked 
|  39|0x0000000708400000, 0x0000000708400000, 0x0000000708600000|  0%| F|  |TAMS 0x0000000708400000, 0x0000000708400000| Untracked 
|  40|0x0000000708600000, 0x0000000708600000, 0x0000000708800000|  0%| F|  |TAMS 0x0000000708600000, 0x0000000708600000| Untracked 
|  41|0x0000000708800000, 0x0000000708800000, 0x0000000708a00000|  0%| F|  |TAMS 0x0000000708800000, 0x0000000708800000| Untracked 
|  42|0x0000000708a00000, 0x0000000708a00000, 0x0000000708c00000|  0%| F|  |TAMS 0x0000000708a00000, 0x0000000708a00000| Untracked 
|  43|0x0000000708c00000, 0x0000000708c00000, 0x0000000708e00000|  0%| F|  |TAMS 0x0000000708c00000, 0x0000000708c00000| Untracked 
|  44|0x0000000708e00000, 0x0000000708e00000, 0x0000000709000000|  0%| F|  |TAMS 0x0000000708e00000, 0x0000000708e00000| Untracked 
|  45|0x0000000709000000, 0x0000000709000000, 0x0000000709200000|  0%| F|  |TAMS 0x0000000709000000, 0x0000000709000000| Untracked 
|  46|0x0000000709200000, 0x0000000709200000, 0x0000000709400000|  0%| F|  |TAMS 0x0000000709200000, 0x0000000709200000| Untracked 
|  47|0x0000000709400000, 0x0000000709400000, 0x0000000709600000|  0%| F|  |TAMS 0x0000000709400000, 0x0000000709400000| Untracked 
|  48|0x0000000709600000, 0x0000000709600000, 0x0000000709800000|  0%| F|  |TAMS 0x0000000709600000, 0x0000000709600000| Untracked 
|  49|0x0000000709800000, 0x0000000709800000, 0x0000000709a00000|  0%| F|  |TAMS 0x0000000709800000, 0x0000000709800000| Untracked 
|  50|0x0000000709a00000, 0x0000000709a00000, 0x0000000709c00000|  0%| F|  |TAMS 0x0000000709a00000, 0x0000000709a00000| Untracked 
|  51|0x0000000709c00000, 0x0000000709c00000, 0x0000000709e00000|  0%| F|  |TAMS 0x0000000709c00000, 0x0000000709c00000| Untracked 
|  52|0x0000000709e00000, 0x0000000709e00000, 0x000000070a000000|  0%| F|  |TAMS 0x0000000709e00000, 0x0000000709e00000| Untracked 
|  53|0x000000070a000000, 0x000000070a000000, 0x000000070a200000|  0%| F|  |TAMS 0x000000070a000000, 0x000000070a000000| Untracked 
|  54|0x000000070a200000, 0x000000070a200000, 0x000000070a400000|  0%| F|  |TAMS 0x000000070a200000, 0x000000070a200000| Untracked 
|  55|0x000000070a400000, 0x000000070a400000, 0x000000070a600000|  0%| F|  |TAMS 0x000000070a400000, 0x000000070a400000| Untracked 
|  56|0x000000070a600000, 0x000000070a600000, 0x000000070a800000|  0%| F|  |TAMS 0x000000070a600000, 0x000000070a600000| Untracked 
|  57|0x000000070a800000, 0x000000070a800000, 0x000000070aa00000|  0%| F|  |TAMS 0x000000070a800000, 0x000000070a800000| Untracked 
|  58|0x000000070aa00000, 0x000000070aa00000, 0x000000070ac00000|  0%| F|  |TAMS 0x000000070aa00000, 0x000000070aa00000| Untracked 
|  59|0x000000070ac00000, 0x000000070ac00000, 0x000000070ae00000|  0%| F|  |TAMS 0x000000070ac00000, 0x000000070ac00000| Untracked 
|  60|0x000000070ae00000, 0x000000070ae00000, 0x000000070b000000|  0%| F|  |TAMS 0x000000070ae00000, 0x000000070ae00000| Untracked 
|  61|0x000000070b000000, 0x000000070b000000, 0x000000070b200000|  0%| F|  |TAMS 0x000000070b000000, 0x000000070b000000| Untracked 
|  62|0x000000070b200000, 0x000000070b200000, 0x000000070b400000|  0%| F|  |TAMS 0x000000070b200000, 0x000000070b200000| Untracked 
|  63|0x000000070b400000, 0x000000070b400000, 0x000000070b600000|  0%| F|  |TAMS 0x000000070b400000, 0x000000070b400000| Untracked 
|  64|0x000000070b600000, 0x000000070b600000, 0x000000070b800000|  0%| F|  |TAMS 0x000000070b600000, 0x000000070b600000| Untracked 
|  65|0x000000070b800000, 0x000000070b800000, 0x000000070ba00000|  0%| F|  |TAMS 0x000000070b800000, 0x000000070b800000| Untracked 
|  66|0x000000070ba00000, 0x000000070ba00000, 0x000000070bc00000|  0%| F|  |TAMS 0x000000070ba00000, 0x000000070ba00000| Untracked 
|  67|0x000000070bc00000, 0x000000070bc00000, 0x000000070be00000|  0%| F|  |TAMS 0x000000070bc00000, 0x000000070bc00000| Untracked 
|  68|0x000000070be00000, 0x000000070be00000, 0x000000070c000000|  0%| F|  |TAMS 0x000000070be00000, 0x000000070be00000| Untracked 
|  69|0x000000070c000000, 0x000000070c000000, 0x000000070c200000|  0%| F|  |TAMS 0x000000070c000000, 0x000000070c000000| Untracked 
|  70|0x000000070c200000, 0x000000070c200000, 0x000000070c400000|  0%| F|  |TAMS 0x000000070c200000, 0x000000070c200000| Untracked 
|  71|0x000000070c400000, 0x000000070c400000, 0x000000070c600000|  0%| F|  |TAMS 0x000000070c400000, 0x000000070c400000| Untracked 
|  72|0x000000070c600000, 0x000000070c600000, 0x000000070c800000|  0%| F|  |TAMS 0x000000070c600000, 0x000000070c600000| Untracked 
|  73|0x000000070c800000, 0x000000070c800000, 0x000000070ca00000|  0%| F|  |TAMS 0x000000070c800000, 0x000000070c800000| Untracked 
|  74|0x000000070ca00000, 0x000000070ca00000, 0x000000070cc00000|  0%| F|  |TAMS 0x000000070ca00000, 0x000000070ca00000| Untracked 
|  75|0x000000070cc00000, 0x000000070cc00000, 0x000000070ce00000|  0%| F|  |TAMS 0x000000070cc00000, 0x000000070cc00000| Untracked 
|  76|0x000000070ce00000, 0x000000070ce00000, 0x000000070d000000|  0%| F|  |TAMS 0x000000070ce00000, 0x000000070ce00000| Untracked 
|  77|0x000000070d000000, 0x000000070d000000, 0x000000070d200000|  0%| F|  |TAMS 0x000000070d000000, 0x000000070d000000| Untracked 
|  78|0x000000070d200000, 0x000000070d200000, 0x000000070d400000|  0%| F|  |TAMS 0x000000070d200000, 0x000000070d200000| Untracked 
|  79|0x000000070d400000, 0x000000070d400000, 0x000000070d600000|  0%| F|  |TAMS 0x000000070d400000, 0x000000070d400000| Untracked 
|  80|0x000000070d600000, 0x000000070d600000, 0x000000070d800000|  0%| F|  |TAMS 0x000000070d600000, 0x000000070d600000| Untracked 
|  81|0x000000070d800000, 0x000000070d800000, 0x000000070da00000|  0%| F|  |TAMS 0x000000070d800000, 0x000000070d800000| Untracked 
|  82|0x000000070da00000, 0x000000070da00000, 0x000000070dc00000|  0%| F|  |TAMS 0x000000070da00000, 0x000000070da00000| Untracked 
|  83|0x000000070dc00000, 0x000000070dc00000, 0x000000070de00000|  0%| F|  |TAMS 0x000000070dc00000, 0x000000070dc00000| Untracked 
|  84|0x000000070de00000, 0x000000070de00000, 0x000000070e000000|  0%| F|  |TAMS 0x000000070de00000, 0x000000070de00000| Untracked 
|  85|0x000000070e000000, 0x000000070e000000, 0x000000070e200000|  0%| F|  |TAMS 0x000000070e000000, 0x000000070e000000| Untracked 
|  86|0x000000070e200000, 0x000000070e200000, 0x000000070e400000|  0%| F|  |TAMS 0x000000070e200000, 0x000000070e200000| Untracked 
|  87|0x000000070e400000, 0x000000070e400000, 0x000000070e600000|  0%| F|  |TAMS 0x000000070e400000, 0x000000070e400000| Untracked 
|  88|0x000000070e600000, 0x000000070e600000, 0x000000070e800000|  0%| F|  |TAMS 0x000000070e600000, 0x000000070e600000| Untracked 
|  89|0x000000070e800000, 0x000000070e800000, 0x000000070ea00000|  0%| F|  |TAMS 0x000000070e800000, 0x000000070e800000| Untracked 
|  90|0x000000070ea00000, 0x000000070ea00000, 0x000000070ec00000|  0%| F|  |TAMS 0x000000070ea00000, 0x000000070ea00000| Untracked 
|  91|0x000000070ec00000, 0x000000070ec00000, 0x000000070ee00000|  0%| F|  |TAMS 0x000000070ec00000, 0x000000070ec00000| Untracked 
|  92|0x000000070ee00000, 0x000000070ee00000, 0x000000070f000000|  0%| F|  |TAMS 0x000000070ee00000, 0x000000070ee00000| Untracked 
|  93|0x000000070f000000, 0x000000070f000000, 0x000000070f200000|  0%| F|  |TAMS 0x000000070f000000, 0x000000070f000000| Untracked 
|  94|0x000000070f200000, 0x000000070f200000, 0x000000070f400000|  0%| F|  |TAMS 0x000000070f200000, 0x000000070f200000| Untracked 
|  95|0x000000070f400000, 0x000000070f400000, 0x000000070f600000|  0%| F|  |TAMS 0x000000070f400000, 0x000000070f400000| Untracked 
|  96|0x000000070f600000, 0x000000070f600000, 0x000000070f800000|  0%| F|  |TAMS 0x000000070f600000, 0x000000070f600000| Untracked 
|  97|0x000000070f800000, 0x000000070f800000, 0x000000070fa00000|  0%| F|  |TAMS 0x000000070f800000, 0x000000070f800000| Untracked 
|  98|0x000000070fa00000, 0x000000070fa00000, 0x000000070fc00000|  0%| F|  |TAMS 0x000000070fa00000, 0x000000070fa00000| Untracked 
|  99|0x000000070fc00000, 0x000000070fc00000, 0x000000070fe00000|  0%| F|  |TAMS 0x000000070fc00000, 0x000000070fc00000| Untracked 
| 100|0x000000070fe00000, 0x000000070fe00000, 0x0000000710000000|  0%| F|  |TAMS 0x000000070fe00000, 0x000000070fe00000| Untracked 
| 101|0x0000000710000000, 0x0000000710000000, 0x0000000710200000|  0%| F|  |TAMS 0x0000000710000000, 0x0000000710000000| Untracked 
| 102|0x0000000710200000, 0x0000000710200000, 0x0000000710400000|  0%| F|  |TAMS 0x0000000710200000, 0x0000000710200000| Untracked 
| 103|0x0000000710400000, 0x0000000710400000, 0x0000000710600000|  0%| F|  |TAMS 0x0000000710400000, 0x0000000710400000| Untracked 
| 104|0x0000000710600000, 0x0000000710600000, 0x0000000710800000|  0%| F|  |TAMS 0x0000000710600000, 0x0000000710600000| Untracked 
| 105|0x0000000710800000, 0x0000000710800000, 0x0000000710a00000|  0%| F|  |TAMS 0x0000000710800000, 0x0000000710800000| Untracked 
| 106|0x0000000710a00000, 0x0000000710a00000, 0x0000000710c00000|  0%| F|  |TAMS 0x0000000710a00000, 0x0000000710a00000| Untracked 
| 107|0x0000000710c00000, 0x0000000710c00000, 0x0000000710e00000|  0%| F|  |TAMS 0x0000000710c00000, 0x0000000710c00000| Untracked 
| 108|0x0000000710e00000, 0x0000000710e00000, 0x0000000711000000|  0%| F|  |TAMS 0x0000000710e00000, 0x0000000710e00000| Untracked 
| 109|0x0000000711000000, 0x0000000711000000, 0x0000000711200000|  0%| F|  |TAMS 0x0000000711000000, 0x0000000711000000| Untracked 
| 110|0x0000000711200000, 0x0000000711200000, 0x0000000711400000|  0%| F|  |TAMS 0x0000000711200000, 0x0000000711200000| Untracked 
| 111|0x0000000711400000, 0x0000000711400000, 0x0000000711600000|  0%| F|  |TAMS 0x0000000711400000, 0x0000000711400000| Untracked 
| 112|0x0000000711600000, 0x0000000711600000, 0x0000000711800000|  0%| F|  |TAMS 0x0000000711600000, 0x0000000711600000| Untracked 
| 113|0x0000000711800000, 0x0000000711800000, 0x0000000711a00000|  0%| F|  |TAMS 0x0000000711800000, 0x0000000711800000| Untracked 
| 114|0x0000000711a00000, 0x0000000711a00000, 0x0000000711c00000|  0%| F|  |TAMS 0x0000000711a00000, 0x0000000711a00000| Untracked 
| 115|0x0000000711c00000, 0x0000000711c00000, 0x0000000711e00000|  0%| F|  |TAMS 0x0000000711c00000, 0x0000000711c00000| Untracked 
| 116|0x0000000711e00000, 0x0000000711e00000, 0x0000000712000000|  0%| F|  |TAMS 0x0000000711e00000, 0x0000000711e00000| Untracked 
| 117|0x0000000712000000, 0x0000000712000000, 0x0000000712200000|  0%| F|  |TAMS 0x0000000712000000, 0x0000000712000000| Untracked 
| 118|0x0000000712200000, 0x0000000712200000, 0x0000000712400000|  0%| F|  |TAMS 0x0000000712200000, 0x0000000712200000| Untracked 
| 119|0x0000000712400000, 0x0000000712400000, 0x0000000712600000|  0%| F|  |TAMS 0x0000000712400000, 0x0000000712400000| Untracked 
| 120|0x0000000712600000, 0x0000000712600000, 0x0000000712800000|  0%| F|  |TAMS 0x0000000712600000, 0x0000000712600000| Untracked 
| 121|0x0000000712800000, 0x0000000712800000, 0x0000000712a00000|  0%| F|  |TAMS 0x0000000712800000, 0x0000000712800000| Untracked 
| 122|0x0000000712a00000, 0x0000000712a00000, 0x0000000712c00000|  0%| F|  |TAMS 0x0000000712a00000, 0x0000000712a00000| Untracked 
| 123|0x0000000712c00000, 0x0000000712c00000, 0x0000000712e00000|  0%| F|  |TAMS 0x0000000712c00000, 0x0000000712c00000| Untracked 
| 124|0x0000000712e00000, 0x0000000712f726e0, 0x0000000713000000| 72%| S|CS|TAMS 0x0000000712e00000, 0x0000000712e00000| Complete 
| 125|0x0000000713000000, 0x0000000713000000, 0x0000000713200000|  0%| F|  |TAMS 0x0000000713000000, 0x0000000713000000| Untracked 
| 126|0x0000000713200000, 0x0000000713200000, 0x0000000713400000|  0%| F|  |TAMS 0x0000000713200000, 0x0000000713200000| Untracked 

Card table byte_map: [0x000001fe99980000,0x000001fe9a170000] _byte_map_base: 0x000001fe96165000

Marking Bits (Prev, Next): (CMBitMap*) 0x000001fe864a5a70, (CMBitMap*) 0x000001fe864a5ab0
 Prev Bits: [0x000001fe9a960000, 0x000001fe9e888000)
 Next Bits: [0x000001fe9e890000, 0x000001fea27b8000)

Polling page: 0x000001fe84390000

Metaspace:

Usage:
  Non-class:      6.96 MB capacity,     6.95 MB (>99%) used,     2.54 KB ( <1%) free+waste,     3.62 KB ( <1%) overhead. 
      Class:    651.00 KB capacity,   647.77 KB (>99%) used,     2.23 KB ( <1%) free+waste,     1.00 KB ( <1%) overhead. 
       Both:      7.59 MB capacity,     7.59 MB (>99%) used,     4.77 KB ( <1%) free+waste,     4.62 KB ( <1%) overhead. 

Virtual space:
  Non-class space:       16.00 MB reserved,       7.00 MB ( 44%) committed 
      Class space:        1.00 GB reserved,     768.00 KB ( <1%) committed 
             Both:        1.02 GB reserved,       7.75 MB ( <1%) committed 

Chunk freelists:
   Non-Class:  42.00 KB
       Class:  21.00 KB
        Both:  63.00 KB

MaxMetaspaceSize: 17179869184.00 GB
CompressedClassSpaceSize: 1.00 GB

CodeHeap 'non-profiled nmethods': size=120000Kb used=85Kb max_used=85Kb free=119914Kb
 bounds [0x000001fe91930000, 0x000001fe91ba0000, 0x000001fe98e60000]
CodeHeap 'profiled nmethods': size=120000Kb used=382Kb max_used=382Kb free=119617Kb
 bounds [0x000001fe8a400000, 0x000001fe8a670000, 0x000001fe91930000]
CodeHeap 'non-nmethods': size=5760Kb used=1217Kb max_used=1231Kb free=4542Kb
 bounds [0x000001fe89e60000, 0x000001fe8a0d0000, 0x000001fe8a400000]
 total_blobs=670 nmethods=294 adapters=289
 compilation: enabled
              stopped_count=0, restarted_count=0
 full_count=0

Compilation events (20 events):
Event: 0.398 Thread 0x000001fea5b07580  285       3       java.lang.String::lastIndexOf (29 bytes)
Event: 0.398 Thread 0x000001fea5b01c50 nmethod 287 0x000001fe91944710 code [0x000001fe91944880, 0x000001fe919448f8]
Event: 0.398 Thread 0x000001fea5b07580 nmethod 285 0x000001fe8a459d90 code [0x000001fe8a459f60, 0x000001fe8a45a218]
Event: 0.398 Thread 0x000001fea5b01c50  288       4       java.lang.CharacterDataLatin1::digit (32 bytes)
Event: 0.398 Thread 0x000001fea5b07580  286       3       java.lang.String::lastIndexOf (12 bytes)
Event: 0.399 Thread 0x000001fea5b07580 nmethod 286 0x000001fe8a45a310 code [0x000001fe8a45a500, 0x000001fe8a45a918]
Event: 0.399 Thread 0x000001fea5b01c50 nmethod 288 0x000001fe91944a10 code [0x000001fe91944ba0, 0x000001fe91944cb8]
Event: 0.399 Thread 0x000001fea5b07580  289       3       sun.security.util.ObjectIdentifier::checkOtherComponent (41 bytes)
Event: 0.399 Thread 0x000001fea5b07580 nmethod 289 0x000001fe8a45aa90 code [0x000001fe8a45ace0, 0x000001fe8a45b3c8]
Event: 0.399 Thread 0x000001fea5b01c50  290       4       java.lang.Character::digit (6 bytes)
Event: 0.399 Thread 0x000001fea5b07580  291       3       java.math.BigInteger::<init> (404 bytes)
Event: 0.400 Thread 0x000001fea5b01c50 nmethod 290 0x000001fe91944e10 code [0x000001fe91944fa0, 0x000001fe919450d8]
Event: 0.400 Thread 0x000001fea5b01c50  293       4       java.math.BigInteger::destructiveMulAdd (150 bytes)
Event: 0.401 Thread 0x000001fea5b07580 nmethod 291 0x000001fe8a45b690 code [0x000001fe8a45bba0, 0x000001fe8a45dec8]
Event: 0.402 Thread 0x000001fea5b07580  292       3       java.math.BigInteger::getInt (63 bytes)
Event: 0.402 Thread 0x000001fea5b07580 nmethod 292 0x000001fe8a45f110 code [0x000001fe8a45f2e0, 0x000001fe8a45f688]
Event: 0.402 Thread 0x000001fea5b07580  294       3       sun.security.util.CurveDB::bi (11 bytes)
Event: 0.402 Thread 0x000001fea5b07580 nmethod 294 0x000001fe8a45f790 code [0x000001fe8a45f940, 0x000001fe8a45fac8]
Event: 0.402 Thread 0x000001fea5b07580  296       1       java.math.BigInteger::signum (5 bytes)
Event: 0.402 Thread 0x000001fea5b07580 nmethod 296 0x000001fe91945290 code [0x000001fe91945420, 0x000001fe919454d8]

GC Heap History (1 events):
Event: 0.403 GC heap before
{Heap before GC invocations=0 (full 0):
 garbage-first heap   total 260096K, used 2048K [0x0000000703600000, 0x0000000800000000)
  region size 2048K, 2 young (4096K), 0 survivors (0K)
 Metaspace       used 7767K, capacity 7777K, committed 7936K, reserved 1062912K
  class space    used 647K, capacity 651K, committed 768K, reserved 1048576K
}

Deoptimization events (4 events):
Event: 0.362 Thread 0x000001fe86453a90 Uncommon trap: trap_request=0xffffff45 fr.pc=0x000001fe9193cd28 relative=0x0000000000000a48
Event: 0.362 Thread 0x000001fe86453a90 Uncommon trap: reason=unstable_if action=reinterpret pc=0x000001fe9193cd28 method=java.util.HashMap.putVal(ILjava/lang/Object;Ljava/lang/Object;ZZ)Ljava/lang/Object; @ 181 c2
Event: 0.362 Thread 0x000001fe86453a90 DEOPT PACKING pc=0x000001fe9193cd28 sp=0x0000004a9aefe490
Event: 0.362 Thread 0x000001fe86453a90 DEOPT UNPACKING pc=0x000001fe89eae42f sp=0x0000004a9aefe440 mode 2

Classes unloaded (0 events):
No events

Classes redefined (0 events):
No events

Internal exceptions (2 events):
Event: 0.357 Thread 0x000001fe86453a90 Exception <a 'java/lang/NoSuchMethodError'{0x0000000713090d20}: 'void java.lang.invoke.DirectMethodHandle$Holder.invokeStatic(java.lang.Object, java.lang.Object)'> (0x0000000713090d20) 
thrown [./open/src/hotspot/share/interpreter/linkResolver.cpp, line 782]
Event: 0.358 Thread 0x000001fe86453a90 Exception <a 'java/lang/NoSuchMethodError'{0x00000007130949c8}: 'void java.lang.invoke.DirectMethodHandle$Holder.invokeStaticInit(java.lang.Object, java.lang.Object)'> (0x00000007130949c8) 
thrown [./open/src/hotspot/share/interpreter/linkResolver.cpp, line 782]

Events (20 events):
Event: 0.396 loading class java/security/spec/ECField
Event: 0.396 loading class java/security/spec/ECField done
Event: 0.396 loading class java/security/spec/ECFieldFp done
Event: 0.396 loading class java/security/spec/EllipticCurve
Event: 0.396 loading class java/security/spec/EllipticCurve done
Event: 0.396 loading class java/security/spec/ECPoint
Event: 0.396 loading class java/security/spec/ECPoint done
Event: 0.396 loading class sun/security/util/NamedCurve
Event: 0.396 loading class java/security/spec/ECParameterSpec
Event: 0.397 loading class java/security/spec/ECParameterSpec done
Event: 0.397 loading class sun/security/util/NamedCurve done
Event: 0.398 loading class java/security/spec/ECFieldF2m
Event: 0.398 loading class java/security/spec/ECFieldF2m done
Event: 0.401 loading class java/util/LinkedHashMap$LinkedValues
Event: 0.402 loading class java/util/LinkedHashMap$LinkedValues done
Event: 0.402 loading class java/util/StringTokenizer
Event: 0.402 loading class java/util/StringTokenizer done
Event: 0.402 loading class sun/security/util/DisabledAlgorithmConstraints$KeySizeConstraint
Event: 0.402 loading class sun/security/util/DisabledAlgorithmConstraints$KeySizeConstraint done
Event: 0.402 Executing VM operation: CollectForMetadataAllocation


Dynamic libraries:
0x00007ff6bb870000 - 0x00007ff6bb87d000 	C:\Users\kstephe2\.p2\pool\plugins\org.eclipse.justj.openjdk.hotspot.jre.full.win32.x86_64_15.0.2.v20210201-0955\jre\bin\javaw.exe
0x00007ff8fe9f0000 - 0x00007ff8febe5000 	C:\Windows\SYSTEM32\ntdll.dll
0x00007ff8fd660000 - 0x00007ff8fd71e000 	C:\Windows\System32\KERNEL32.DLL
0x00007ff8fc260000 - 0x00007ff8fc528000 	C:\Windows\System32\KERNELBASE.dll
0x00007ff8fc100000 - 0x00007ff8fc200000 	C:\Windows\System32\ucrtbase.dll
0x00007ff8f10e0000 - 0x00007ff8f10f8000 	C:\Users\kstephe2\.p2\pool\plugins\org.eclipse.justj.openjdk.hotspot.jre.full.win32.x86_64_15.0.2.v20210201-0955\jre\bin\jli.dll
0x00007ff8fd720000 - 0x00007ff8fd8c1000 	C:\Windows\System32\USER32.dll
0x00007ff8fc880000 - 0x00007ff8fc8a2000 	C:\Windows\System32\win32u.dll
0x00007ff8fd080000 - 0x00007ff8fd0ab000 	C:\Windows\System32\GDI32.dll
0x00007ff8fc6c0000 - 0x00007ff8fc7cd000 	C:\Windows\System32\gdi32full.dll
0x00007ff8fc940000 - 0x00007ff8fc9dd000 	C:\Windows\System32\msvcp_win.dll
0x00007ff8f10c0000 - 0x00007ff8f10d9000 	C:\Users\kstephe2\.p2\pool\plugins\org.eclipse.justj.openjdk.hotspot.jre.full.win32.x86_64_15.0.2.v20210201-0955\jre\bin\VCRUNTIME140.dll
0x00007ff8e9580000 - 0x00007ff8e981a000 	C:\Windows\WinSxS\amd64_microsoft.windows.common-controls_6595b64144ccf1df_6.0.19041.1110_none_60b5254171f9507e\COMCTL32.dll
0x00007ff8fca30000 - 0x00007ff8fcace000 	C:\Windows\System32\msvcrt.dll
0x00007ff8fdab0000 - 0x00007ff8fdae0000 	C:\Windows\System32\IMM32.DLL
0x00007ff8fe6d0000 - 0x00007ff8fe7f5000 	C:\Windows\System32\RPCRT4.dll
0x00007ff8fbff0000 - 0x00007ff8fc021000 	C:\Windows\SYSTEM32\SspiCli.dll
0x00007ff8f5910000 - 0x00007ff8f591c000 	C:\Users\kstephe2\.p2\pool\plugins\org.eclipse.justj.openjdk.hotspot.jre.full.win32.x86_64_15.0.2.v20210201-0955\jre\bin\vcruntime140_1.dll
0x00007ff8d5a00000 - 0x00007ff8d5a91000 	C:\Users\kstephe2\.p2\pool\plugins\org.eclipse.justj.openjdk.hotspot.jre.full.win32.x86_64_15.0.2.v20210201-0955\jre\bin\msvcp140.dll
0x00007ff8b21f0000 - 0x00007ff8b2d4e000 	C:\Users\kstephe2\.p2\pool\plugins\org.eclipse.justj.openjdk.hotspot.jre.full.win32.x86_64_15.0.2.v20210201-0955\jre\bin\server\jvm.dll
0x00007ff8fdbc0000 - 0x00007ff8fdc6e000 	C:\Windows\System32\ADVAPI32.dll
0x00007ff8fdd40000 - 0x00007ff8fdddc000 	C:\Windows\System32\sechost.dll
0x00007ff8fdbb0000 - 0x00007ff8fdbb8000 	C:\Windows\System32\PSAPI.DLL
0x00007ff8f6670000 - 0x00007ff8f6679000 	C:\Windows\SYSTEM32\WSOCK32.dll
0x00007ff8fdb40000 - 0x00007ff8fdbab000 	C:\Windows\System32\WS2_32.dll
0x00007ff8e7420000 - 0x00007ff8e7447000 	C:\Windows\SYSTEM32\WINMM.dll
0x00007ff8f4b10000 - 0x00007ff8f4b1a000 	C:\Windows\SYSTEM32\VERSION.dll
0x00007ff8fa0a0000 - 0x00007ff8fa0b2000 	C:\Windows\SYSTEM32\kernel.appcore.dll
0x00007ff8f47e0000 - 0x00007ff8f47ea000 	C:\Users\kstephe2\.p2\pool\plugins\org.eclipse.justj.openjdk.hotspot.jre.full.win32.x86_64_15.0.2.v20210201-0955\jre\bin\jimage.dll
0x00007ff8f9e60000 - 0x00007ff8fa044000 	C:\Windows\SYSTEM32\DBGHELP.DLL
0x00007ff8f3530000 - 0x00007ff8f355c000 	C:\Windows\SYSTEM32\dbgcore.DLL
0x00007ff8fc8b0000 - 0x00007ff8fc932000 	C:\Windows\System32\bcryptPrimitives.dll
0x00007ff8de380000 - 0x00007ff8de3b9000 	C:\Users\kstephe2\.p2\pool\plugins\org.eclipse.justj.openjdk.hotspot.jre.full.win32.x86_64_15.0.2.v20210201-0955\jre\bin\jdwp.dll
0x00007ff8f47f0000 - 0x00007ff8f47fe000 	C:\Users\kstephe2\.p2\pool\plugins\org.eclipse.justj.openjdk.hotspot.jre.full.win32.x86_64_15.0.2.v20210201-0955\jre\bin\instrument.dll
0x00007ff8e93f0000 - 0x00007ff8e9415000 	C:\Users\kstephe2\.p2\pool\plugins\org.eclipse.justj.openjdk.hotspot.jre.full.win32.x86_64_15.0.2.v20210201-0955\jre\bin\java.dll
0x00007ff8f0310000 - 0x00007ff8f0328000 	C:\Users\kstephe2\.p2\pool\plugins\org.eclipse.justj.openjdk.hotspot.jre.full.win32.x86_64_15.0.2.v20210201-0955\jre\bin\zip.dll
0x00007ff8fdf20000 - 0x00007ff8fe664000 	C:\Windows\System32\SHELL32.dll
0x00007ff8fa0e0000 - 0x00007ff8fa875000 	C:\Windows\SYSTEM32\windows.storage.dll
0x00007ff8fcd20000 - 0x00007ff8fd075000 	C:\Windows\System32\combase.dll
0x00007ff8fbb00000 - 0x00007ff8fbb2e000 	C:\Windows\SYSTEM32\Wldp.dll
0x00007ff8fd5b0000 - 0x00007ff8fd65d000 	C:\Windows\System32\SHCORE.dll
0x00007ff8fd9b0000 - 0x00007ff8fda05000 	C:\Windows\System32\shlwapi.dll
0x00007ff8fc040000 - 0x00007ff8fc05f000 	C:\Windows\SYSTEM32\profapi.dll
0x00007ff8f4570000 - 0x00007ff8f457b000 	C:\Users\kstephe2\.p2\pool\plugins\org.eclipse.justj.openjdk.hotspot.jre.full.win32.x86_64_15.0.2.v20210201-0955\jre\bin\dt_socket.dll
0x00007ff8fb530000 - 0x00007ff8fb56b000 	C:\Windows\SYSTEM32\IPHLPAPI.DLL
0x00007ff8fb840000 - 0x00007ff8fb8aa000 	C:\Windows\system32\mswsock.dll
0x00007ff8fb570000 - 0x00007ff8fb63b000 	C:\Windows\SYSTEM32\DNSAPI.dll
0x00007ff8fcb30000 - 0x00007ff8fcb38000 	C:\Windows\System32\NSI.dll
0x00007ff8f4b20000 - 0x00007ff8f4b2a000 	C:\Windows\System32\rasadhlp.dll
0x00007ff8f6b80000 - 0x00007ff8f6bff000 	C:\Windows\System32\fwpuclnt.dll
0x00007ff8fc690000 - 0x00007ff8fc6b7000 	C:\Windows\System32\bcrypt.dll
0x00007ff8eea50000 - 0x00007ff8eea69000 	C:\Users\kstephe2\.p2\pool\plugins\org.eclipse.justj.openjdk.hotspot.jre.full.win32.x86_64_15.0.2.v20210201-0955\jre\bin\net.dll
0x00007ff8fb140000 - 0x00007ff8fb24c000 	C:\Windows\SYSTEM32\WINHTTP.dll
0x00007ff8e8f80000 - 0x00007ff8e8f92000 	C:\Users\kstephe2\.p2\pool\plugins\org.eclipse.justj.openjdk.hotspot.jre.full.win32.x86_64_15.0.2.v20210201-0955\jre\bin\nio.dll

dbghelp: loaded successfully - version: 4.0.5 - missing functions: none
symbol engine: initialized successfully - sym options: 0x614 - pdb path: .;C:\Users\kstephe2\.p2\pool\plugins\org.eclipse.justj.openjdk.hotspot.jre.full.win32.x86_64_15.0.2.v20210201-0955\jre\bin;C:\Windows\SYSTEM32;C:\Windows\WinSxS\amd64_microsoft.windows.common-controls_6595b64144ccf1df_6.0.19041.1110_none_60b5254171f9507e;C:\Users\kstephe2\.p2\pool\plugins\org.eclipse.justj.openjdk.hotspot.jre.full.win32.x86_64_15.0.2.v20210201-0955\jre\bin\server

VM Arguments:
jvm_args: -XX:+ShowCodeDetailsInExceptionMessages -agentlib:jdwp=transport=dt_socket,suspend=y,address=localhost:63825 -Djava.library.path=C:\share\workspace\JNIStuff2015\bin -javaagent:C:\Users\kstephe2\eclipse\java-2021-03\eclipse\configuration\org.eclipse.osgi\608\0\.cp\lib\javaagent-shaded.jar -Dfile.encoding=Cp1252 
java_command: allMains.CP_after_Splash
java_class_path (initial): C:\Users\kstephe2\Documents\GitHub\CirclePack\bin;C:\Users\kstephe2\Documents\GitHub\CirclePack\jars\commons-codec-1.5.jar;C:\Users\kstephe2\Documents\GitHub\CirclePack\jars\Complex.jar;C:\Users\kstephe2\Documents\GitHub\CirclePack\jars\Convert2.0.jar;C:\Users\kstephe2\Documents\GitHub\CirclePack\jars\DJEP2.4.0Minimal.jar;C:\Users\kstephe2\Documents\GitHub\CirclePack\jars\FunctionChoiceBox.jar;C:\Users\kstephe2\Documents\GitHub\CirclePack\jars\FunctionField.jar;C:\Users\kstephe2\Documents\GitHub\CirclePack\jars\FunctionParser.jar;C:\Users\kstephe2\Documents\GitHub\CirclePack\jars\javabuilder.jar;C:\Users\kstephe2\Documents\GitHub\CirclePack\jars\jbcl.jar;C:\Users\kstephe2\Documents\GitHub\CirclePack\jars\PackCircle.jar;C:\Users\kstephe2\Documents\GitHub\CirclePack\jars\xercesImpl.jar
Launcher Type: SUN_STANDARD

[Global flags]
     intx CICompilerCount                          = 4                                         {product} {ergonomic}
     uint ConcGCThreads                            = 2                                         {product} {ergonomic}
     uint G1ConcRefinementThreads                  = 8                                         {product} {ergonomic}
   size_t G1HeapRegionSize                         = 2097152                                   {product} {ergonomic}
    uintx GCDrainStackTargetSize                   = 64                                        {product} {ergonomic}
   size_t InitialHeapSize                          = 266338304                                 {product} {ergonomic}
   size_t MarkStackSize                            = 4194304                                   {product} {ergonomic}
   size_t MaxHeapSize                              = 4238344192                                {product} {ergonomic}
   size_t MaxNewSize                               = 2541748224                                {product} {ergonomic}
   size_t MinHeapDeltaBytes                        = 2097152                                   {product} {ergonomic}
   size_t MinHeapSize                              = 8388608                                   {product} {ergonomic}
    uintx NonNMethodCodeHeapSize                   = 5839372                                {pd product} {ergonomic}
    uintx NonProfiledCodeHeapSize                  = 122909434                              {pd product} {ergonomic}
    uintx ProfiledCodeHeapSize                     = 122909434                              {pd product} {ergonomic}
    uintx ReservedCodeCacheSize                    = 251658240                              {pd product} {ergonomic}
     bool SegmentedCodeCache                       = true                                      {product} {ergonomic}
     bool ShowCodeDetailsInExceptionMessages       = true                                   {manageable} {command line}
   size_t SoftMaxHeapSize                          = 4238344192                             {manageable} {ergonomic}
     bool UseCompressedClassPointers               = true                                 {lp64_product} {ergonomic}
     bool UseCompressedOops                        = true                                 {lp64_product} {ergonomic}
     bool UseG1GC                                  = true                                      {product} {ergonomic}
     bool UseLargePagesIndividualAllocation        = false                                  {pd product} {ergonomic}

Logging:
Log output configuration:
 #0: stdout all=warning uptime,level,tags
 #1: stderr all=off uptime,level,tags

Environment Variables:
PATH=C:\Users\kstephe2\.p2\pool\plugins\org.eclipse.justj.openjdk.hotspot.jre.full.win32.x86_64_15.0.2.v20210201-0955\jre\bin;C:/Users/kstephe2/.p2/pool/plugins/org.eclipse.justj.openjdk.hotspot.jre.full.win32.x86_64_15.0.2.v20210201-0955/jre/bin/server;C:/Users/kstephe2/.p2/pool/plugins/org.eclipse.justj.openjdk.hotspot.jre.full.win32.x86_64_15.0.2.v20210201-0955/jre/bin;C:\Program Files (x86)\Common Files\Oracle\Java\javapath;C:\Windows\system32;C:\Windows;C:\Windows\System32\Wbem;C:\Windows\System32\WindowsPowerShell\v1.0\;C:\Windows\System32\OpenSSH\;C:\Program Files\MiKTeX 2.9\miktex\bin\x64\;C:\Program Files\PuTTY\;C:\Program Files\MATLAB\R2021a\bin;C:\Users\kstephe2\AppData\Local\Microsoft\WindowsApps;C:\Users\kstephe2\AppData\Local\GitHubDesktop\bin;C:\Windows\system32;
USERNAME=kstephe2
OS=Windows_NT
PROCESSOR_IDENTIFIER=Intel64 Family 6 Model 142 Stepping 12, GenuineIntel



---------------  S Y S T E M  ---------------

OS:
 Windows 10 , 64 bit Build 19041 (10.0.19041.1466)
OS uptime: 3 days 11:26 hours

CPU: total 8 (initial active 8) (4 cores per cpu, 2 threads per core) family 6 model 142 stepping 12 microcode 0xec, cmov, cx8, fxsr, mmx, sse, sse2, sse3, ssse3, sse4.1, sse4.2, popcnt, vzeroupper, avx, avx2, aes, clmul, erms, 3dnowpref, lzcnt, ht, tsc, tscinvbit, bmi1, bmi2, adx, fma, clflush, clflushopt

Memory: 4k page, system-wide physical 16162M (7090M free)
TotalPageFile size 65314M (AvailPageFile size 0M)
current process WorkingSet (physical memory assigned to process): 43M, peak: 43M
current process commit charge ("private bytes"): 340M, peak: 341M

vm_info: OpenJDK 64-Bit Server VM (15.0.2+7-27) for windows-amd64 JRE (15.0.2+7-27), built on Dec  7 2020 20:02:38 by "mach5one" with unknown MS VC++:1925

END.
